This is pdfTeX, Version 3.14159265-2.6-1.40.17 (TeX Live 2016/W32TeX) (preloaded format=pdflatex 2016.7.29)  28 AUG 2017 21:44
entering extended mode
 restricted \write18 enabled.
 %&-line parsing enabled.
**\nonstopmode\input{cranking-ascii.tex}
(./cranking-ascii.tex (./article.cls
Document Class: article 2007/10/19 v1.4h Standard LaTeX document class
(./leqno.clo
File: leqno.clo 1998/08/17 v1.1c Standard LaTeX option (left equation numbers)
) (./fleqn.clo
File: fleqn.clo 1998/08/17 v1.1c Standard LaTeX option (flush left equations)
\mathindent=\dimen102
) (./size10.clo
File: size10.clo 2007/10/19 v1.4h Standard LaTeX file (size option)
)
\c@part=\count79
\c@section=\count80
\c@subsection=\count81
\c@subsubsection=\count82
\c@paragraph=\count83
\c@subparagraph=\count84
\c@figure=\count85
\c@table=\count86
\abovecaptionskip=\skip41
\belowcaptionskip=\skip42
\bibindent=\dimen103
) (./hypertlabook.sty (./graphics.sty
Package: graphics 2009/02/05 v1.0o Standard LaTeX Graphics (DPC,SPQR)
(./trig.sty
Package: trig 1999/03/16 v1.09 sin cos tan (DPC)
) (./graphics.cfg
File: graphics.cfg 2007/01/18 v1.5 graphics configuration of teTeX/TeXLive
)
Package graphics Info: Driver file: pdftex.def on input line 91.
 (./pdftex.def
File: pdftex.def 2010/02/14 v0.04n Graphics/color for pdfTeX
\Gread@gobject=\count87
)) (./graphpap.sty
\@gridx=\count88
\@gridy=\count89
\c@@grid=\count90
) (./color.sty
Package: color 2005/11/14 v1.0j Standard LaTeX Color (DPC)

(./color.cfg
File: color.cfg 2007/01/18 v1.5 color configuration of teTeX/TeXLive
)
Package color Info: Driver file: pdftex.def on input line 130.
) (./latexsym.sty
Package: latexsym 1998/08/17 v2.2e Standard LaTeX package (lasy symbols)
\symlasy=\mathgroup4
LaTeX Font Info:    Overwriting symbol font `lasy' in version `bold'
(Font)                  U/lasy/m/n --> U/lasy/b/n on input line 47.
) (./ifthen.sty
Package: ifthen 2001/05/26 v1.1c Standard LaTeX ifthen package (DPC)
) (./makeidx.sty) (./hyperref.sty
Package: hyperref 2009/04/04 v6.78q Hypertext links for LaTeX

(./keyval.sty
Package: keyval 1999/03/16 v1.13 key=value parser (DPC)
\KV@toks@=\toks14
) (./ifpdf.sty
Package: ifpdf 2010/01/28 v2.1 Provides the ifpdf switch (HO)
Package ifpdf Info: pdfTeX in pdf mode detected.
) (./ifvtex.sty
Package: ifvtex 2010/03/01 v1.5 Switches for detecting VTeX and its modes (HO)
Package ifvtex Info: VTeX not detected.
) (./ifxetex.sty
Package: ifxetex 2009/01/23 v0.5 Provides ifxetex conditional
) (./hycolor.sty
Package: hycolor 2009/12/12 v1.6 Color options of hyperref/bookmark (HO)

(./xcolor-patch.sty
Package: xcolor-patch 2009/12/12 xcolor patch
))
\@linkdim=\dimen104
\Hy@linkcounter=\count91
\Hy@pagecounter=\count92
 (./pd1enc.def
File: pd1enc.def 2009/04/04 v6.78q Hyperref: PDFDocEncoding definition (HO)
) (./etexcmds.sty
Package: etexcmds 2010/01/28 v1.3 Prefix for e-TeX command names (HO)
 (./infwarerr.sty
Package: infwarerr 2010/04/08 v1.3 Providing info/warning/message (HO)
)
Package etexcmds Info: Could not find \expanded.
(etexcmds)             That can mean that you are not using pdfTeX 1.50 or
(etexcmds)             that some package has redefined \expanded.
(etexcmds)             In the latter case, load this package earlier.
)
(./hyperref.cfg
Package hyperref Info: Option `colorlinks' set `true' on input line 4.
Package hyperref Info: Option `bookmarks' set `false' on input line 8.
Package hyperref Info: Option `pdfdisplaydoctitle' set `true' on input line 11.

Package hyperref Info: Option `pdffitwindow' set `true' on input line 12.
) (./kvoptions.sty
Package: kvoptions 2010/02/22 v3.7 Keyval support for LaTeX options (HO)
 (./kvsetkeys.sty
Package: kvsetkeys 2010/03/01 v1.9 Key value parser (HO)
))
Package hyperref Info: Hyper figures OFF on input line 2956.
Package hyperref Info: Link nesting OFF on input line 2961.
Package hyperref Info: Hyper index ON on input line 2964.
Package hyperref Info: Plain pages OFF on input line 2971.
Package hyperref Info: Backreferencing OFF on input line 2976.

Implicit mode ON; LaTeX internals redefined
Package hyperref Info: Bookmarks OFF on input line 3172.
(./url.sty)
LaTeX Info: Redefining \url on input line 3403.
 (./bitset.sty
Package: bitset 2007/09/28 v1.0 Data type bit set (HO)
 (./intcalc.sty
Package: intcalc 2007/09/27 v1.1 Expandable integer calculations (HO)
) (./bigintcalc.sty
Package: bigintcalc 2007/11/11 v1.1 Expandable big integer calculations (HO)
 (./pdftexcmds.sty
Package: pdftexcmds 2010/04/01 v0.9 Utility functions of pdfTeX for LuaTeX (HO)


(./ifluatex.sty
Package: ifluatex 2010/03/01 v1.3 Provides the ifluatex switch (HO)
Package ifluatex Info: LuaTeX not detected.
) (./ltxcmds.sty
Package: ltxcmds 2010/04/08 v1.5 LaTeX kernel commands for general use (HO)
)
Package pdftexcmds Info: LuaTeX not detected.
Package pdftexcmds Info: \pdf@primitive is available.
Package pdftexcmds Info: \pdf@ifprimitive is available.
)))
\Fld@menulength=\count93
\Field@Width=\dimen105
\Fld@charsize=\dimen106
\Field@toks=\toks15
Package hyperref Info: Hyper figures OFF on input line 4320.
Package hyperref Info: Link nesting OFF on input line 4325.
Package hyperref Info: Hyper index ON on input line 4328.
Package hyperref Info: backreferencing OFF on input line 4335.
Package hyperref Info: Link coloring ON on input line 4338.
Package hyperref Info: Link coloring with OCG OFF on input line 4345.
Package hyperref Info: PDF/A mode OFF on input line 4350.
 (./atbegshi.sty
Package: atbegshi 2010/03/25 v1.12 At begin shipout hook (HO)
)
\Hy@abspage=\count94
\c@Item=\count95
\c@Hfootnote=\count96
)
*hyperref using default driver hpdftex*
(./hpdftex.def
File: hpdftex.def 2009/04/04 v6.78q Hyperref driver for pdfTeX
\Fld@listcount=\count97
) (./tlatex.sty
\symlength=\skip43
\equalswidth=\skip44
\charwidth=\skip45
\boxrulewd=\skip46
\boxlineht=\skip47
\boxruleht=\skip48
\boxruledp=\skip49
\pcalvspace=\skip50
\lcomindent=\skip51
\@xlen=\skip52
\templena=\skip53
\templenb=\skip54
\tempboxa=\box26
\vshadelen=\skip55
\boxwidth=\skip56
\multicommentdepth=\skip57
\c@pardepth=\count98
\tempsbox=\box27
\@cparht=\skip58
\@cpardp=\skip59
\xmcomlen=\skip60
\spacewidth=\skip61
\alignboxwidth=\skip62
\alignwidth=\skip63
\alignbox=\box28
\symtlaitalics=\mathgroup5
\c@tlx@ctr=\count99
 (./verbatim.sty
Package: verbatim 2003/08/22 v1.5q LaTeX2e package for verbatim enhancements
\every@verbatim=\toks16
\verbatim@line=\toks17
\verbatim@in@stream=\read1
)) (./tla2texplus-book.sty
(./abbrev.sty
\c@abr@ctr=\count100
\c@abr@level=\count101
LaTeX Font Info:    Redeclaring symbol font `tlaitalics' on input line 358.
LaTeX Font Info:    Overwriting symbol font `tlaitalics' in version `normal'
(Font)                  OT1/cmr/m/it --> OT1/cmr/m/it on input line 358.
LaTeX Font Info:    Overwriting symbol font `tlaitalics' in version `bold'
(Font)                  OT1/cmr/m/it --> OT1/cmr/m/it on input line 358.
\abr@csctr=\count102
)
Loading pf style
(./pf2-book.sty
\pfindent=\skip64
\c@@vectorctr=\count103
\@veclen=\skip65
\pfbox=\box29
\c@pfhidelevel=\count104
\pfshortNumberLevel=\count105
\c@pf@sidenumberdepth=\count106
\pf@sidenumberoutdent=\skip66
\pfLevelCount=\count107
\pfStepCount=\count108
\pf@outdent=\skip67
\@temppflen=\skip68
\@proveindent=\skip69
\c@pf@conjCounter=\count109
\c@pfenum=\count110
\c@pfenumdepth=\count111
\pfenumindent=\skip70
\c@pfenumi=\count112
\c@pfenumii=\count113
\c@pfenumiii=\count114
)
\@charwidth=\skip71
\boxindent=\skip72
)
\pagewidth=\skip73
\pageheight=\skip74
\normaltextwidth=\skip75
\marginwidth=\skip76
\@colwidth=\skip77
\@coltwowidth=\skip78
\@colboxone=\box30
\@colboxtwo=\box31
\@widemath=\skip79
\c@question=\count115
Package color Info: Redefining color black on input line 667.
Package color Info: Redefining color blue on input line 669.
Package color Info: Redefining color red on input line 678.
Package color Info: Redefining color green on input line 680.
Package color Info: Redefining color white on input line 696.
\GPT@outputbox=\box32
\marginalbox=\box33
\c@spgnum1=\count116
\c@spgnum2=\count117
\c@spgnum3=\count118
\dbarbox=\box34
\booklen=\skip80
\vcmathbox=\box35
\vcmathlena=\skip81
\vcmathlenb=\skip82
\atomizelen=\skip83
\@oddlen=\skip84
\@mpwidth=\skip85
\popupbox=\box36
 (./hypermode.tex
\@back=\box37
\@fwd=\box38
\@buttonwidth=\skip86
 (./xref.tex)) (./versions.tex
\c@maxversion=\count119
\c@minversion=\count120
\c@colorcounter=\count121
)
\@gtempa=\dimen107
\@gtempa=\dimen108
\@gtempa=\dimen109
\@gtempa=\dimen110
\@gtempa=\dimen111
\@gtempa=\dimen112
\@gtempa=\dimen113
\@gtempa=\dimen114
\@gtempa=\dimen115
\@gtempa=\dimen116
\@gtempa=\dimen117
\@gtempa=\dimen118
\@gtempa=\dimen119
\@gtempa=\dimen120
\@gtempa=\dimen121
\@gtempa=\dimen122
\@gtempa=\dimen123
\@gtempa=\dimen124
\@gtempa=\dimen125
\@gtempa=\dimen126
\@gtempa=\dimen127
\@gtempa=\dimen128
\@gtempa=\dimen129
\@gtempa=\dimen130
\@gtempa=\dimen131
\@gtempa=\dimen132
\pictlen=\skip87
\pictbox=\box39
)
Package hyperref Info: Option `pdfmenubar' set `false' on input line 19.
Package hyperref Info: Option `pdftoolbar' set `false' on input line 19.

(./cranking-ascii.aux)
\openout1 = `cranking-ascii.aux'.

LaTeX Font Info:    Checking defaults for OML/cmm/m/it on input line 19.
LaTeX Font Info:    ... okay on input line 19.
LaTeX Font Info:    Checking defaults for T1/cmr/m/n on input line 19.
LaTeX Font Info:    ... okay on input line 19.
LaTeX Font Info:    Checking defaults for OT1/cmr/m/n on input line 19.
LaTeX Font Info:    ... okay on input line 19.
LaTeX Font Info:    Checking defaults for OMS/cmsy/m/n on input line 19.
LaTeX Font Info:    ... okay on input line 19.
LaTeX Font Info:    Checking defaults for OMX/cmex/m/n on input line 19.
LaTeX Font Info:    ... okay on input line 19.
LaTeX Font Info:    Checking defaults for U/cmr/m/n on input line 19.
LaTeX Font Info:    ... okay on input line 19.
LaTeX Font Info:    Checking defaults for PD1/pdf/m/n on input line 19.
LaTeX Font Info:    ... okay on input line 19.

(c:/texlive/2016/texmf-dist/tex/context/base/mkii/supp-pdf.mkii
[Loading MPS to PDF converter (version 2006.09.02).]
\scratchcounter=\count122
\scratchdimen=\dimen133
\scratchbox=\box40
\nofMPsegments=\count123
\nofMParguments=\count124
\everyMPshowfont=\toks18
\MPscratchCnt=\count125
\MPscratchDim=\dimen134
\MPnumerator=\count126
\makeMPintoPDFobject=\count127
\everyMPtoPDFconversion=\toks19
)
Package hyperref Info: Link coloring ON on input line 19.
 (./nameref.sty
Package: nameref 2007/05/29 v2.31 Cross-referencing by name of section
 (./refcount.sty
Package: refcount 2008/08/11 v3.1 Data extraction from references (HO)
)
\c@section@level=\count128
)
LaTeX Info: Redefining \ref on input line 19.
LaTeX Info: Redefining \pageref on input line 19.
\AtBeginShipoutBox=\box41

<close-picture.jpg, id=8, 70.01157pt x 26.34843pt>
File: close-picture.jpg Graphic file (type jpg)
 <use close-picture.jpg>
[1

{c:/texlive/2016/texmf-var/fonts/map/pdftex/updmap/pdftex.map} <./close-picture
.jpg>] (./cranking-ascii.aux) ) 
Here is how much of TeX's memory you used:
 5399 strings out of 493014
 71029 string characters out of 6137001
 158684 words of memory out of 5000000
 8887 multiletter control sequences out of 15000+600000
 4274 words of font info for 17 fonts, out of 8000000 for 9000
 1141 hyphenation exceptions out of 8191
 45i,8n,24p,301b,290s stack positions out of 5000i,500n,10000p,200000b,80000s
<c:/texlive/2016/texmf-dist/fonts/type1/public/a
msfonts/cm/cmtt10.pfb>
Output written on cranking-ascii.pdf (1 page, 19728 bytes).
PDF statistics:
 23 PDF objects out of 1000 (max. 8388607)
 14 compressed objects within 1 object stream
 3 named destinations out of 1000 (max. 500000)
 18 words of extra memory for PDF output out of 10000 (max. 10000000)

