This is pdfTeX, Version 3.14159265-2.6-1.40.17 (TeX Live 2016/W32TeX) (preloaded format=pdflatex 2016.7.29)  28 AUG 2017 21:49
entering extended mode
 restricted \write18 enabled.
 %&-line parsing enabled.
**./index.tex
(./index.tex
LaTeX2e <2016/03/31>
Babel <3.9r> and hyphenation patterns for 83 language(s) loaded.
(./article.cls
Document Class: article 2007/10/19 v1.4h Standard LaTeX document class
(./leqno.clo
File: leqno.clo 1998/08/17 v1.1c Standard LaTeX option (left equation numbers)
) (./fleqn.clo
File: fleqn.clo 1998/08/17 v1.1c Standard LaTeX option (flush left equations)
\mathindent=\dimen102
) (./size10.clo
File: size10.clo 2007/10/19 v1.4h Standard LaTeX file (size option)
)
\c@part=\count79
\c@section=\count80
\c@subsection=\count81
\c@subsubsection=\count82
\c@paragraph=\count83
\c@subparagraph=\count84
\c@figure=\count85
\c@table=\count86
\abovecaptionskip=\skip41
\belowcaptionskip=\skip42
\bibindent=\dimen103
) (./hypertlabook.sty (./graphics.sty
Package: graphics 2009/02/05 v1.0o Standard LaTeX Graphics (DPC,SPQR)
(./trig.sty
Package: trig 1999/03/16 v1.09 sin cos tan (DPC)
) (./graphics.cfg
File: graphics.cfg 2007/01/18 v1.5 graphics configuration of teTeX/TeXLive
)
Package graphics Info: Driver file: pdftex.def on input line 91.
 (./pdftex.def
File: pdftex.def 2010/02/14 v0.04n Graphics/color for pdfTeX
\Gread@gobject=\count87
)) (./graphpap.sty
\@gridx=\count88
\@gridy=\count89
\c@@grid=\count90
) (./color.sty
Package: color 2005/11/14 v1.0j Standard LaTeX Color (DPC)

(./color.cfg
File: color.cfg 2007/01/18 v1.5 color configuration of teTeX/TeXLive
)
Package color Info: Driver file: pdftex.def on input line 130.
) (./latexsym.sty
Package: latexsym 1998/08/17 v2.2e Standard LaTeX package (lasy symbols)
\symlasy=\mathgroup4
LaTeX Font Info:    Overwriting symbol font `lasy' in version `bold'
(Font)                  U/lasy/m/n --> U/lasy/b/n on input line 47.
) (./ifthen.sty
Package: ifthen 2001/05/26 v1.1c Standard LaTeX ifthen package (DPC)
) (./makeidx.sty) (./hyperref.sty
Package: hyperref 2009/04/04 v6.78q Hypertext links for LaTeX

(./keyval.sty
Package: keyval 1999/03/16 v1.13 key=value parser (DPC)
\KV@toks@=\toks14
) (./ifpdf.sty
Package: ifpdf 2010/01/28 v2.1 Provides the ifpdf switch (HO)
Package ifpdf Info: pdfTeX in pdf mode detected.
) (./ifvtex.sty
Package: ifvtex 2010/03/01 v1.5 Switches for detecting VTeX and its modes (HO)
Package ifvtex Info: VTeX not detected.
) (./ifxetex.sty
Package: ifxetex 2009/01/23 v0.5 Provides ifxetex conditional
) (./hycolor.sty
Package: hycolor 2009/12/12 v1.6 Color options of hyperref/bookmark (HO)

(./xcolor-patch.sty
Package: xcolor-patch 2009/12/12 xcolor patch
))
\@linkdim=\dimen104
\Hy@linkcounter=\count91
\Hy@pagecounter=\count92
 (./pd1enc.def
File: pd1enc.def 2009/04/04 v6.78q Hyperref: PDFDocEncoding definition (HO)
) (./etexcmds.sty
Package: etexcmds 2010/01/28 v1.3 Prefix for e-TeX command names (HO)
 (./infwarerr.sty
Package: infwarerr 2010/04/08 v1.3 Providing info/warning/message (HO)
)
Package etexcmds Info: Could not find \expanded.
(etexcmds)             That can mean that you are not using pdfTeX 1.50 or
(etexcmds)             that some package has redefined \expanded.
(etexcmds)             In the latter case, load this package earlier.
)
(./hyperref.cfg
Package hyperref Info: Option `colorlinks' set `true' on input line 4.
Package hyperref Info: Option `bookmarks' set `false' on input line 8.
Package hyperref Info: Option `pdfdisplaydoctitle' set `true' on input line 11.

Package hyperref Info: Option `pdffitwindow' set `true' on input line 12.
) (./kvoptions.sty
Package: kvoptions 2010/02/22 v3.7 Keyval support for LaTeX options (HO)
 (./kvsetkeys.sty
Package: kvsetkeys 2010/03/01 v1.9 Key value parser (HO)
))
Package hyperref Info: Hyper figures OFF on input line 2956.
Package hyperref Info: Link nesting OFF on input line 2961.
Package hyperref Info: Hyper index ON on input line 2964.
Package hyperref Info: Plain pages OFF on input line 2971.
Package hyperref Info: Backreferencing OFF on input line 2976.

Implicit mode ON; LaTeX internals redefined
Package hyperref Info: Bookmarks OFF on input line 3172.
(./url.sty)
LaTeX Info: Redefining \url on input line 3403.
 (./bitset.sty
Package: bitset 2007/09/28 v1.0 Data type bit set (HO)
 (./intcalc.sty
Package: intcalc 2007/09/27 v1.1 Expandable integer calculations (HO)
) (./bigintcalc.sty
Package: bigintcalc 2007/11/11 v1.1 Expandable big integer calculations (HO)
 (./pdftexcmds.sty
Package: pdftexcmds 2010/04/01 v0.9 Utility functions of pdfTeX for LuaTeX (HO)


(./ifluatex.sty
Package: ifluatex 2010/03/01 v1.3 Provides the ifluatex switch (HO)
Package ifluatex Info: LuaTeX not detected.
) (./ltxcmds.sty
Package: ltxcmds 2010/04/08 v1.5 LaTeX kernel commands for general use (HO)
)
Package pdftexcmds Info: LuaTeX not detected.
Package pdftexcmds Info: \pdf@primitive is available.
Package pdftexcmds Info: \pdf@ifprimitive is available.
)))
\Fld@menulength=\count93
\Field@Width=\dimen105
\Fld@charsize=\dimen106
\Field@toks=\toks15
Package hyperref Info: Hyper figures OFF on input line 4320.
Package hyperref Info: Link nesting OFF on input line 4325.
Package hyperref Info: Hyper index ON on input line 4328.
Package hyperref Info: backreferencing OFF on input line 4335.
Package hyperref Info: Link coloring ON on input line 4338.
Package hyperref Info: Link coloring with OCG OFF on input line 4345.
Package hyperref Info: PDF/A mode OFF on input line 4350.
 (./atbegshi.sty
Package: atbegshi 2010/03/25 v1.12 At begin shipout hook (HO)
)
\Hy@abspage=\count94
\c@Item=\count95
\c@Hfootnote=\count96
)
*hyperref using default driver hpdftex*
(./hpdftex.def
File: hpdftex.def 2009/04/04 v6.78q Hyperref driver for pdfTeX
\Fld@listcount=\count97
) (./tlatex.sty
\symlength=\skip43
\equalswidth=\skip44
\charwidth=\skip45
\boxrulewd=\skip46
\boxlineht=\skip47
\boxruleht=\skip48
\boxruledp=\skip49
\pcalvspace=\skip50
\lcomindent=\skip51
\@xlen=\skip52
\templena=\skip53
\templenb=\skip54
\tempboxa=\box26
\vshadelen=\skip55
\boxwidth=\skip56
\multicommentdepth=\skip57
\c@pardepth=\count98
\tempsbox=\box27
\@cparht=\skip58
\@cpardp=\skip59
\xmcomlen=\skip60
\spacewidth=\skip61
\alignboxwidth=\skip62
\alignwidth=\skip63
\alignbox=\box28
\symtlaitalics=\mathgroup5
\c@tlx@ctr=\count99
 (./verbatim.sty
Package: verbatim 2003/08/22 v1.5q LaTeX2e package for verbatim enhancements
\every@verbatim=\toks16
\verbatim@line=\toks17
\verbatim@in@stream=\read1
)) (./tla2texplus-book.sty
(./abbrev.sty
\c@abr@ctr=\count100
\c@abr@level=\count101
LaTeX Font Info:    Redeclaring symbol font `tlaitalics' on input line 358.
LaTeX Font Info:    Overwriting symbol font `tlaitalics' in version `normal'
(Font)                  OT1/cmr/m/it --> OT1/cmr/m/it on input line 358.
LaTeX Font Info:    Overwriting symbol font `tlaitalics' in version `bold'
(Font)                  OT1/cmr/m/it --> OT1/cmr/m/it on input line 358.
\abr@csctr=\count102
)
Loading pf style
(./pf2-book.sty
\pfindent=\skip64
\c@@vectorctr=\count103
\@veclen=\skip65
\pfbox=\box29
\c@pfhidelevel=\count104
\pfshortNumberLevel=\count105
\c@pf@sidenumberdepth=\count106
\pf@sidenumberoutdent=\skip66
\pfLevelCount=\count107
\pfStepCount=\count108
\pf@outdent=\skip67
\@temppflen=\skip68
\@proveindent=\skip69
\c@pf@conjCounter=\count109
\c@pfenum=\count110
\c@pfenumdepth=\count111
\pfenumindent=\skip70
\c@pfenumi=\count112
\c@pfenumii=\count113
\c@pfenumiii=\count114
)
\@charwidth=\skip71
\boxindent=\skip72
)
\pagewidth=\skip73
\pageheight=\skip74
\normaltextwidth=\skip75
\marginwidth=\skip76
\@colwidth=\skip77
\@coltwowidth=\skip78
\@colboxone=\box30
\@colboxtwo=\box31
\@widemath=\skip79
\c@question=\count115
Package color Info: Redefining color black on input line 667.
Package color Info: Redefining color blue on input line 669.
Package color Info: Redefining color red on input line 678.
Package color Info: Redefining color green on input line 680.
Package color Info: Redefining color white on input line 696.
\GPT@outputbox=\box32
\marginalbox=\box33
\c@spgnum1=\count116
\c@spgnum2=\count117
\c@spgnum3=\count118
\dbarbox=\box34
\booklen=\skip80
\vcmathbox=\box35
\vcmathlena=\skip81
\vcmathlenb=\skip82
\atomizelen=\skip83
\@oddlen=\skip84
\@mpwidth=\skip85
\popupbox=\box36
 (./hypermode.tex
\@back=\box37
\@fwd=\box38
\@buttonwidth=\skip86
 (./xref.tex)) (./versions.tex
\c@maxversion=\count119
\c@minversion=\count120
\c@colorcounter=\count121
)
\@gtempa=\dimen107
\@gtempa=\dimen108
\@gtempa=\dimen109
\@gtempa=\dimen110
\@gtempa=\dimen111
\@gtempa=\dimen112
\@gtempa=\dimen113
\@gtempa=\dimen114
\@gtempa=\dimen115
\@gtempa=\dimen116
\@gtempa=\dimen117
\@gtempa=\dimen118
\@gtempa=\dimen119
\@gtempa=\dimen120
\@gtempa=\dimen121
\@gtempa=\dimen122
\@gtempa=\dimen123
\@gtempa=\dimen124
\@gtempa=\dimen125
\@gtempa=\dimen126
\@gtempa=\dimen127
\@gtempa=\dimen128
\@gtempa=\dimen129
\@gtempa=\dimen130
\@gtempa=\dimen131
\@gtempa=\dimen132
\pictlen=\skip87
\pictbox=\box39
) (./index.aux)
\openout1 = `index.aux'.

LaTeX Font Info:    Checking defaults for OML/cmm/m/it on input line 200.
LaTeX Font Info:    ... okay on input line 200.
LaTeX Font Info:    Checking defaults for T1/cmr/m/n on input line 200.
LaTeX Font Info:    ... okay on input line 200.
LaTeX Font Info:    Checking defaults for OT1/cmr/m/n on input line 200.
LaTeX Font Info:    ... okay on input line 200.
LaTeX Font Info:    Checking defaults for OMS/cmsy/m/n on input line 200.
LaTeX Font Info:    ... okay on input line 200.
LaTeX Font Info:    Checking defaults for OMX/cmex/m/n on input line 200.
LaTeX Font Info:    ... okay on input line 200.
LaTeX Font Info:    Checking defaults for U/cmr/m/n on input line 200.
LaTeX Font Info:    ... okay on input line 200.
LaTeX Font Info:    Checking defaults for PD1/pdf/m/n on input line 200.
LaTeX Font Info:    ... okay on input line 200.
 (c:/texlive/2016/texmf-dist/tex/context/base/mkii/supp-pdf.mkii
[Loading MPS to PDF converter (version 2006.09.02).]
\scratchcounter=\count122
\scratchdimen=\dimen133
\scratchbox=\box40
\nofMPsegments=\count123
\nofMParguments=\count124
\everyMPshowfont=\toks18
\MPscratchCnt=\count125
\MPscratchDim=\dimen134
\MPnumerator=\count126
\makeMPintoPDFobject=\count127
\everyMPtoPDFconversion=\toks19
)
Package hyperref Info: Link coloring ON on input line 200.
 (./nameref.sty
Package: nameref 2007/05/29 v2.31 Cross-referencing by name of section
 (./refcount.sty
Package: refcount 2008/08/11 v3.1 Data extraction from references (HO)
)
\c@section@level=\count128
)
LaTeX Info: Redefining \ref on input line 200.
LaTeX Info: Redefining \pageref on input line 200.
\AtBeginShipoutBox=\box41
 (./index.ind
LaTeX Font Info:    External font `cmex10' loaded for size
(Font)              <7> on input line 3.
LaTeX Font Info:    External font `cmex10' loaded for size
(Font)              <5> on input line 3.
LaTeX Font Info:    Try loading font information for U+lasy on input line 3.
 (./ulasy.fd
File: ulasy.fd 1998/08/17 v2.2e LaTeX symbol font definitions
)
Package hyperref Info: Option `pdfnewwindow' set `true' on input line 3.
Package hyperref Info: Option `pdfnewwindow' set `true' on input line 4.
Package hyperref Info: Option `pdfnewwindow' set `true' on input line 6.
Package hyperref Info: Option `pdfnewwindow' set `true' on input line 7.
Package hyperref Info: Option `pdfnewwindow' set `true' on input line 9.
Package hyperref Info: Option `pdfnewwindow' set `true' on input line 10.
Package hyperref Info: Option `pdfnewwindow' set `true' on input line 11.
Package hyperref Info: Option `pdfnewwindow' set `true' on input line 12.
Package hyperref Info: Option `pdfnewwindow' set `true' on input line 14.
Package hyperref Info: Option `pdfnewwindow' set `true' on input line 15.
Package hyperref Info: Option `pdfnewwindow' set `true' on input line 17.
Package hyperref Info: Option `pdfnewwindow' set `true' on input line 18.
Package hyperref Info: Option `pdfnewwindow' set `true' on input line 19.
Package hyperref Info: Option `pdfnewwindow' set `true' on input line 21.
Package hyperref Info: Option `pdfnewwindow' set `true' on input line 22.
Package hyperref Info: Option `pdfnewwindow' set `true' on input line 24.
Package hyperref Info: Option `pdfnewwindow' set `true' on input line 25.
Package hyperref Info: Option `pdfnewwindow' set `true' on input line 26.
Package hyperref Info: Option `pdfnewwindow' set `true' on input line 27.
Package hyperref Info: Option `pdfnewwindow' set `true' on input line 29.
Package hyperref Info: Option `pdfnewwindow' set `true' on input line 30.
Package hyperref Info: Option `pdfnewwindow' set `true' on input line 32.
Package hyperref Info: Option `pdfnewwindow' set `true' on input line 33.
Package hyperref Info: Option `pdfnewwindow' set `true' on input line 35.
Package hyperref Info: Option `pdfnewwindow' set `true' on input line 37.
Package hyperref Info: Option `pdfnewwindow' set `true' on input line 39.
Package hyperref Info: Option `pdfnewwindow' set `true' on input line 41.
Package hyperref Info: Option `pdfnewwindow' set `true' on input line 42.
Package hyperref Info: Option `pdfnewwindow' set `true' on input line 44.
Package hyperref Info: Option `pdfnewwindow' set `true' on input line 45.
Package hyperref Info: Option `pdfnewwindow' set `true' on input line 47.
Package hyperref Info: Option `pdfnewwindow' set `true' on input line 48.
Package hyperref Info: Option `pdfnewwindow' set `true' on input line 49.
Package hyperref Info: Option `pdfnewwindow' set `true' on input line 50.
Package hyperref Info: Option `pdfnewwindow' set `true' on input line 52.
Package hyperref Info: Option `pdfnewwindow' set `true' on input line 54.
Package hyperref Info: Option `pdfnewwindow' set `true' on input line 56.
Package hyperref Info: Option `pdfnewwindow' set `true' on input line 58.
Package hyperref Info: Option `pdfnewwindow' set `true' on input line 60.
Package hyperref Info: Option `pdfnewwindow' set `true' on input line 61.
Package hyperref Info: Option `pdfnewwindow' set `true' on input line 63.
Package hyperref Info: Option `pdfnewwindow' set `true' on input line 64.
Package hyperref Info: Option `pdfnewwindow' set `true' on input line 66.
Package hyperref Info: Option `pdfnewwindow' set `true' on input line 67.
Package hyperref Info: Option `pdfnewwindow' set `true' on input line 69.
Package hyperref Info: Option `pdfnewwindow' set `true' on input line 71.
Package hyperref Info: Option `pdfnewwindow' set `true' on input line 72.
Package hyperref Info: Option `pdfnewwindow' set `true' on input line 74.
Package hyperref Info: Option `pdfnewwindow' set `true' on input line 76.
Package hyperref Info: Option `pdfnewwindow' set `true' on input line 77.
Package hyperref Info: Option `pdfnewwindow' set `true' on input line 79.
Package hyperref Info: Option `pdfnewwindow' set `true' on input line 80.
Package hyperref Info: Option `pdfnewwindow' set `true' on input line 82.
Package hyperref Info: Option `pdfnewwindow' set `true' on input line 84.
Package hyperref Info: Option `pdfnewwindow' set `true' on input line 85.
Package hyperref Info: Option `pdfnewwindow' set `true' on input line 87.
Package hyperref Info: Option `pdfnewwindow' set `true' on input line 88.
Package hyperref Info: Option `pdfnewwindow' set `true' on input line 90.
Package hyperref Info: Option `pdfnewwindow' set `true' on input line 91.
Package hyperref Info: Option `pdfnewwindow' set `true' on input line 94.
Package hyperref Info: Option `pdfnewwindow' set `true' on input line 95.
Package hyperref Info: Option `pdfnewwindow' set `true' on input line 97.
Package hyperref Info: Option `pdfnewwindow' set `true' on input line 99.
Package hyperref Info: Option `pdfnewwindow' set `true' on input line 100.
Package hyperref Info: Option `pdfnewwindow' set `true' on input line 101.
Package hyperref Info: Option `pdfnewwindow' set `true' on input line 103.
Package hyperref Info: Option `pdfnewwindow' set `true' on input line 104.
Package hyperref Info: Option `pdfnewwindow' set `true' on input line 105.
Package hyperref Info: Option `pdfnewwindow' set `true' on input line 106.
Package hyperref Info: Option `pdfnewwindow' set `true' on input line 107.
Package hyperref Info: Option `pdfnewwindow' set `true' on input line 109.
Package hyperref Info: Option `pdfnewwindow' set `true' on input line 110.
Package hyperref Info: Option `pdfnewwindow' set `true' on input line 111.
Package hyperref Info: Option `pdfnewwindow' set `true' on input line 113.

Overfull \hbox (0.6604pt too wide) in paragraph at lines 112--114
[]$[]$ \OT1/cmr/m/n/10 (tem-po-ral ex-is-ten-tial quan-tifi-ca-tion),
 []

Package hyperref Info: Option `pdfnewwindow' set `true' on input line 115.
Package hyperref Info: Option `pdfnewwindow' set `true' on input line 119.
Package hyperref Info: Option `pdfnewwindow' set `true' on input line 120.
Package hyperref Info: Option `pdfnewwindow' set `true' on input line 121.
Package hyperref Info: Option `pdfnewwindow' set `true' on input line 122.
Package hyperref Info: Option `pdfnewwindow' set `true' on input line 123.
Package hyperref Info: Option `pdfnewwindow' set `true' on input line 125.
Package hyperref Info: Option `pdfnewwindow' set `true' on input line 126.
Package hyperref Info: Option `pdfnewwindow' set `true' on input line 127.
Package hyperref Info: Option `pdfnewwindow' set `true' on input line 128.
Package hyperref Info: Option `pdfnewwindow' set `true' on input line 130.
Package hyperref Info: Option `pdfnewwindow' set `true' on input line 132.
Package hyperref Info: Option `pdfnewwindow' set `true' on input line 133.
Package hyperref Info: Option `pdfnewwindow' set `true' on input line 134.
Package hyperref Info: Option `pdfnewwindow' set `true' on input line 135.
Package hyperref Info: Option `pdfnewwindow' set `true' on input line 136.
Package hyperref Info: Option `pdfnewwindow' set `true' on input line 137.
Package hyperref Info: Option `pdfnewwindow' set `true' on input line 139.
Package hyperref Info: Option `pdfnewwindow' set `true' on input line 140.
Package hyperref Info: Option `pdfnewwindow' set `true' on input line 141.
[1{c:/texlive/2016/texmf-var/fonts/map/pdftex/updmap/pdftex.map}


]
Package hyperref Info: Option `pdfnewwindow' set `true' on input line 142.
Package hyperref Info: Option `pdfnewwindow' set `true' on input line 144.
Package hyperref Info: Option `pdfnewwindow' set `true' on input line 146.
Package hyperref Info: Option `pdfnewwindow' set `true' on input line 148.
Package hyperref Info: Option `pdfnewwindow' set `true' on input line 149.
Package hyperref Info: Option `pdfnewwindow' set `true' on input line 151.
Package hyperref Info: Option `pdfnewwindow' set `true' on input line 153.
Package hyperref Info: Option `pdfnewwindow' set `true' on input line 154.
Package hyperref Info: Option `pdfnewwindow' set `true' on input line 155.
Package hyperref Info: Option `pdfnewwindow' set `true' on input line 156.
Package hyperref Info: Option `pdfnewwindow' set `true' on input line 158.
Package hyperref Info: Option `pdfnewwindow' set `true' on input line 160.
Package hyperref Info: Option `pdfnewwindow' set `true' on input line 161.
Package hyperref Info: Option `pdfnewwindow' set `true' on input line 163.
Package hyperref Info: Option `pdfnewwindow' set `true' on input line 165.
Package hyperref Info: Option `pdfnewwindow' set `true' on input line 169.
Package hyperref Info: Option `pdfnewwindow' set `true' on input line 170.
Package hyperref Info: Option `pdfnewwindow' set `true' on input line 171.
Package hyperref Info: Option `pdfnewwindow' set `true' on input line 173.
Package hyperref Info: Option `pdfnewwindow' set `true' on input line 175.
Package hyperref Info: Option `pdfnewwindow' set `true' on input line 177.
Package hyperref Info: Option `pdfnewwindow' set `true' on input line 178.
Package hyperref Info: Option `pdfnewwindow' set `true' on input line 179.
Package hyperref Info: Option `pdfnewwindow' set `true' on input line 180.
Package hyperref Info: Option `pdfnewwindow' set `true' on input line 181.
Package hyperref Info: Option `pdfnewwindow' set `true' on input line 182.
Package hyperref Info: Option `pdfnewwindow' set `true' on input line 183.
Package hyperref Info: Option `pdfnewwindow' set `true' on input line 185.
Package hyperref Info: Option `pdfnewwindow' set `true' on input line 186.
Package hyperref Info: Option `pdfnewwindow' set `true' on input line 188.
Package hyperref Info: Option `pdfnewwindow' set `true' on input line 189.
Package hyperref Info: Option `pdfnewwindow' set `true' on input line 190.
Package hyperref Info: Option `pdfnewwindow' set `true' on input line 192.
Package hyperref Info: Option `pdfnewwindow' set `true' on input line 194.
Package hyperref Info: Option `pdfnewwindow' set `true' on input line 195.
Package hyperref Info: Option `pdfnewwindow' set `true' on input line 196.
Package hyperref Info: Option `pdfnewwindow' set `true' on input line 197.
Package hyperref Info: Option `pdfnewwindow' set `true' on input line 199.
Package hyperref Info: Option `pdfnewwindow' set `true' on input line 200.
Package hyperref Info: Option `pdfnewwindow' set `true' on input line 201.
Package hyperref Info: Option `pdfnewwindow' set `true' on input line 203.
Package hyperref Info: Option `pdfnewwindow' set `true' on input line 204.
Package hyperref Info: Option `pdfnewwindow' set `true' on input line 205.
Package hyperref Info: Option `pdfnewwindow' set `true' on input line 206.
Package hyperref Info: Option `pdfnewwindow' set `true' on input line 210.
Package hyperref Info: Option `pdfnewwindow' set `true' on input line 211.
Package hyperref Info: Option `pdfnewwindow' set `true' on input line 213.
Package hyperref Info: Option `pdfnewwindow' set `true' on input line 215.
Package hyperref Info: Option `pdfnewwindow' set `true' on input line 216.
Package hyperref Info: Option `pdfnewwindow' set `true' on input line 217.
Package hyperref Info: Option `pdfnewwindow' set `true' on input line 219.
Package hyperref Info: Option `pdfnewwindow' set `true' on input line 220.
Package hyperref Info: Option `pdfnewwindow' set `true' on input line 221.
Package hyperref Info: Option `pdfnewwindow' set `true' on input line 222.
Package hyperref Info: Option `pdfnewwindow' set `true' on input line 223.
Package hyperref Info: Option `pdfnewwindow' set `true' on input line 224.
Package hyperref Info: Option `pdfnewwindow' set `true' on input line 225.
Package hyperref Info: Option `pdfnewwindow' set `true' on input line 226.
Package hyperref Info: Option `pdfnewwindow' set `true' on input line 228.
Package hyperref Info: Option `pdfnewwindow' set `true' on input line 230.
Package hyperref Info: Option `pdfnewwindow' set `true' on input line 231.
Package hyperref Info: Option `pdfnewwindow' set `true' on input line 233.
Package hyperref Info: Option `pdfnewwindow' set `true' on input line 235.
Package hyperref Info: Option `pdfnewwindow' set `true' on input line 237.
Package hyperref Info: Option `pdfnewwindow' set `true' on input line 238.
Package hyperref Info: Option `pdfnewwindow' set `true' on input line 239.
Package hyperref Info: Option `pdfnewwindow' set `true' on input line 241.
Package hyperref Info: Option `pdfnewwindow' set `true' on input line 243.
Package hyperref Info: Option `pdfnewwindow' set `true' on input line 244.
Package hyperref Info: Option `pdfnewwindow' set `true' on input line 245.
Package hyperref Info: Option `pdfnewwindow' set `true' on input line 246.
Package hyperref Info: Option `pdfnewwindow' set `true' on input line 247.
Package hyperref Info: Option `pdfnewwindow' set `true' on input line 248.
Package hyperref Info: Option `pdfnewwindow' set `true' on input line 250.
Package hyperref Info: Option `pdfnewwindow' set `true' on input line 251.
Package hyperref Info: Option `pdfnewwindow' set `true' on input line 252.
Package hyperref Info: Option `pdfnewwindow' set `true' on input line 254.
Package hyperref Info: Option `pdfnewwindow' set `true' on input line 256.
Package hyperref Info: Option `pdfnewwindow' set `true' on input line 257.
Package hyperref Info: Option `pdfnewwindow' set `true' on input line 259.
Package hyperref Info: Option `pdfnewwindow' set `true' on input line 260.
Package hyperref Info: Option `pdfnewwindow' set `true' on input line 261.
Package hyperref Info: Option `pdfnewwindow' set `true' on input line 263.
Package hyperref Info: Option `pdfnewwindow' set `true' on input line 264.
Package hyperref Info: Option `pdfnewwindow' set `true' on input line 265.
Package hyperref Info: Option `pdfnewwindow' set `true' on input line 267.
Package hyperref Info: Option `pdfnewwindow' set `true' on input line 268.
Package hyperref Info: Option `pdfnewwindow' set `true' on input line 273.
Package hyperref Info: Option `pdfnewwindow' set `true' on input line 276.
Package hyperref Info: Option `pdfnewwindow' set `true' on input line 278.
Package hyperref Info: Option `pdfnewwindow' set `true' on input line 279.
Package hyperref Info: Option `pdfnewwindow' set `true' on input line 280.
Package hyperref Info: Option `pdfnewwindow' set `true' on input line 283.
Package hyperref Info: Option `pdfnewwindow' set `true' on input line 285.
 [2]
Package hyperref Info: Option `pdfnewwindow' set `true' on input line 286.
Package hyperref Info: Option `pdfnewwindow' set `true' on input line 287.
Package hyperref Info: Option `pdfnewwindow' set `true' on input line 289.
Package hyperref Info: Option `pdfnewwindow' set `true' on input line 291.
Package hyperref Info: Option `pdfnewwindow' set `true' on input line 292.
Package hyperref Info: Option `pdfnewwindow' set `true' on input line 293.
Package hyperref Info: Option `pdfnewwindow' set `true' on input line 294.
Package hyperref Info: Option `pdfnewwindow' set `true' on input line 295.
Package hyperref Info: Option `pdfnewwindow' set `true' on input line 296.
Package hyperref Info: Option `pdfnewwindow' set `true' on input line 298.
Package hyperref Info: Option `pdfnewwindow' set `true' on input line 300.
Package hyperref Info: Option `pdfnewwindow' set `true' on input line 302.
Package hyperref Info: Option `pdfnewwindow' set `true' on input line 303.
Package hyperref Info: Option `pdfnewwindow' set `true' on input line 304.
Package hyperref Info: Option `pdfnewwindow' set `true' on input line 306.
Package hyperref Info: Option `pdfnewwindow' set `true' on input line 308.
Package hyperref Info: Option `pdfnewwindow' set `true' on input line 309.
Package hyperref Info: Option `pdfnewwindow' set `true' on input line 310.
Package hyperref Info: Option `pdfnewwindow' set `true' on input line 312.
Package hyperref Info: Option `pdfnewwindow' set `true' on input line 313.
Package hyperref Info: Option `pdfnewwindow' set `true' on input line 314.
Package hyperref Info: Option `pdfnewwindow' set `true' on input line 315.
Package hyperref Info: Option `pdfnewwindow' set `true' on input line 316.
Package hyperref Info: Option `pdfnewwindow' set `true' on input line 317.
Package hyperref Info: Option `pdfnewwindow' set `true' on input line 318.
Package hyperref Info: Option `pdfnewwindow' set `true' on input line 319.
Package hyperref Info: Option `pdfnewwindow' set `true' on input line 324.
Package hyperref Info: Option `pdfnewwindow' set `true' on input line 326.
Package hyperref Info: Option `pdfnewwindow' set `true' on input line 327.
Package hyperref Info: Option `pdfnewwindow' set `true' on input line 328.
Package hyperref Info: Option `pdfnewwindow' set `true' on input line 329.
Package hyperref Info: Option `pdfnewwindow' set `true' on input line 330.
Package hyperref Info: Option `pdfnewwindow' set `true' on input line 332.
Package hyperref Info: Option `pdfnewwindow' set `true' on input line 333.
Package hyperref Info: Option `pdfnewwindow' set `true' on input line 334.
Package hyperref Info: Option `pdfnewwindow' set `true' on input line 335.
Package hyperref Info: Option `pdfnewwindow' set `true' on input line 337.
Package hyperref Info: Option `pdfnewwindow' set `true' on input line 339.
Package hyperref Info: Option `pdfnewwindow' set `true' on input line 340.
Package hyperref Info: Option `pdfnewwindow' set `true' on input line 341.
Package hyperref Info: Option `pdfnewwindow' set `true' on input line 342.
Package hyperref Info: Option `pdfnewwindow' set `true' on input line 343.
Package hyperref Info: Option `pdfnewwindow' set `true' on input line 344.
Package hyperref Info: Option `pdfnewwindow' set `true' on input line 345.
Package hyperref Info: Option `pdfnewwindow' set `true' on input line 346.
Package hyperref Info: Option `pdfnewwindow' set `true' on input line 347.
Package hyperref Info: Option `pdfnewwindow' set `true' on input line 348.
Package hyperref Info: Option `pdfnewwindow' set `true' on input line 349.
Package hyperref Info: Option `pdfnewwindow' set `true' on input line 350.
Package hyperref Info: Option `pdfnewwindow' set `true' on input line 351.
Package hyperref Info: Option `pdfnewwindow' set `true' on input line 352.
Package hyperref Info: Option `pdfnewwindow' set `true' on input line 353.
Package hyperref Info: Option `pdfnewwindow' set `true' on input line 358.
Package hyperref Info: Option `pdfnewwindow' set `true' on input line 359.
Package hyperref Info: Option `pdfnewwindow' set `true' on input line 362.
Package hyperref Info: Option `pdfnewwindow' set `true' on input line 363.
Package hyperref Info: Option `pdfnewwindow' set `true' on input line 365.
Package hyperref Info: Option `pdfnewwindow' set `true' on input line 366.
Package hyperref Info: Option `pdfnewwindow' set `true' on input line 367.
Package hyperref Info: Option `pdfnewwindow' set `true' on input line 368.
Package hyperref Info: Option `pdfnewwindow' set `true' on input line 369.
Package hyperref Info: Option `pdfnewwindow' set `true' on input line 371.
Package hyperref Info: Option `pdfnewwindow' set `true' on input line 372.
Package hyperref Info: Option `pdfnewwindow' set `true' on input line 373.
Package hyperref Info: Option `pdfnewwindow' set `true' on input line 374.
Package hyperref Info: Option `pdfnewwindow' set `true' on input line 376.
Package hyperref Info: Option `pdfnewwindow' set `true' on input line 377.
Package hyperref Info: Option `pdfnewwindow' set `true' on input line 378.
Package hyperref Info: Option `pdfnewwindow' set `true' on input line 380.
Package hyperref Info: Option `pdfnewwindow' set `true' on input line 381.
Package hyperref Info: Option `pdfnewwindow' set `true' on input line 382.
Package hyperref Info: Option `pdfnewwindow' set `true' on input line 384.
Package hyperref Info: Option `pdfnewwindow' set `true' on input line 386.
Package hyperref Info: Option `pdfnewwindow' set `true' on input line 388.
Package hyperref Info: Option `pdfnewwindow' set `true' on input line 389.
Package hyperref Info: Option `pdfnewwindow' set `true' on input line 391.
Package hyperref Info: Option `pdfnewwindow' set `true' on input line 392.
Package hyperref Info: Option `pdfnewwindow' set `true' on input line 394.
Package hyperref Info: Option `pdfnewwindow' set `true' on input line 396.
Package hyperref Info: Option `pdfnewwindow' set `true' on input line 398.
Package hyperref Info: Option `pdfnewwindow' set `true' on input line 399.
Package hyperref Info: Option `pdfnewwindow' set `true' on input line 400.
Package hyperref Info: Option `pdfnewwindow' set `true' on input line 401.
Package hyperref Info: Option `pdfnewwindow' set `true' on input line 402.
Package hyperref Info: Option `pdfnewwindow' set `true' on input line 403.
Package hyperref Info: Option `pdfnewwindow' set `true' on input line 404.
Package hyperref Info: Option `pdfnewwindow' set `true' on input line 405.
Package hyperref Info: Option `pdfnewwindow' set `true' on input line 406.
Package hyperref Info: Option `pdfnewwindow' set `true' on input line 407.
Package hyperref Info: Option `pdfnewwindow' set `true' on input line 408.
Package hyperref Info: Option `pdfnewwindow' set `true' on input line 409.
 [3]
Package hyperref Info: Option `pdfnewwindow' set `true' on input line 410.
Package hyperref Info: Option `pdfnewwindow' set `true' on input line 411.
Package hyperref Info: Option `pdfnewwindow' set `true' on input line 413.
Package hyperref Info: Option `pdfnewwindow' set `true' on input line 415.
Package hyperref Info: Option `pdfnewwindow' set `true' on input line 416.
Package hyperref Info: Option `pdfnewwindow' set `true' on input line 418.
Package hyperref Info: Option `pdfnewwindow' set `true' on input line 419.
Package hyperref Info: Option `pdfnewwindow' set `true' on input line 420.
Package hyperref Info: Option `pdfnewwindow' set `true' on input line 421.
Package hyperref Info: Option `pdfnewwindow' set `true' on input line 422.
Package hyperref Info: Option `pdfnewwindow' set `true' on input line 423.
Package hyperref Info: Option `pdfnewwindow' set `true' on input line 425.
Package hyperref Info: Option `pdfnewwindow' set `true' on input line 426.
Package hyperref Info: Option `pdfnewwindow' set `true' on input line 430.
Package hyperref Info: Option `pdfnewwindow' set `true' on input line 431.
Package hyperref Info: Option `pdfnewwindow' set `true' on input line 432.
Package hyperref Info: Option `pdfnewwindow' set `true' on input line 433.
Package hyperref Info: Option `pdfnewwindow' set `true' on input line 434.
Package hyperref Info: Option `pdfnewwindow' set `true' on input line 436.
Package hyperref Info: Option `pdfnewwindow' set `true' on input line 438.
Package hyperref Info: Option `pdfnewwindow' set `true' on input line 439.
Package hyperref Info: Option `pdfnewwindow' set `true' on input line 440.
Package hyperref Info: Option `pdfnewwindow' set `true' on input line 441.
Package hyperref Info: Option `pdfnewwindow' set `true' on input line 443.
Package hyperref Info: Option `pdfnewwindow' set `true' on input line 445.
Package hyperref Info: Option `pdfnewwindow' set `true' on input line 447.
Package hyperref Info: Option `pdfnewwindow' set `true' on input line 449.
Package hyperref Info: Option `pdfnewwindow' set `true' on input line 451.
Package hyperref Info: Option `pdfnewwindow' set `true' on input line 453.
Package hyperref Info: Option `pdfnewwindow' set `true' on input line 454.
Package hyperref Info: Option `pdfnewwindow' set `true' on input line 459.
Package hyperref Info: Option `pdfnewwindow' set `true' on input line 460.
Package hyperref Info: Option `pdfnewwindow' set `true' on input line 461.
Package hyperref Info: Option `pdfnewwindow' set `true' on input line 462.
Package hyperref Info: Option `pdfnewwindow' set `true' on input line 463.
Package hyperref Info: Option `pdfnewwindow' set `true' on input line 465.
Package hyperref Info: Option `pdfnewwindow' set `true' on input line 467.

Overfull \hbox (11.19481pt too wide) in paragraph at lines 466--468
[]\OT1/cmss/m/n/10 Hide Cur-rent Sub-tree \OT1/cmr/m/n/10 (Tool-box com-mand),
 []

Package hyperref Info: Option `pdfnewwindow' set `true' on input line 469.
Package hyperref Info: Option `pdfnewwindow' set `true' on input line 470.
Package hyperref Info: Option `pdfnewwindow' set `true' on input line 471.
Package hyperref Info: Option `pdfnewwindow' set `true' on input line 472.
Package hyperref Info: Option `pdfnewwindow' set `true' on input line 473.
Package hyperref Info: Option `pdfnewwindow' set `true' on input line 475.
Package hyperref Info: Option `pdfnewwindow' set `true' on input line 476.
Package hyperref Info: Option `pdfnewwindow' set `true' on input line 477.
Package hyperref Info: Option `pdfnewwindow' set `true' on input line 481.
Package hyperref Info: Option `pdfnewwindow' set `true' on input line 483.
Package hyperref Info: Option `pdfnewwindow' set `true' on input line 485.
Package hyperref Info: Option `pdfnewwindow' set `true' on input line 486.
Package hyperref Info: Option `pdfnewwindow' set `true' on input line 488.
Package hyperref Info: Option `pdfnewwindow' set `true' on input line 489.
Package hyperref Info: Option `pdfnewwindow' set `true' on input line 492.
Package hyperref Info: Option `pdfnewwindow' set `true' on input line 494.
Package hyperref Info: Option `pdfnewwindow' set `true' on input line 495.
Package hyperref Info: Option `pdfnewwindow' set `true' on input line 496.
Package hyperref Info: Option `pdfnewwindow' set `true' on input line 497.
Package hyperref Info: Option `pdfnewwindow' set `true' on input line 498.
Package hyperref Info: Option `pdfnewwindow' set `true' on input line 500.
Package hyperref Info: Option `pdfnewwindow' set `true' on input line 502.
Package hyperref Info: Option `pdfnewwindow' set `true' on input line 503.
Package hyperref Info: Option `pdfnewwindow' set `true' on input line 505.
Package hyperref Info: Option `pdfnewwindow' set `true' on input line 506.
Package hyperref Info: Option `pdfnewwindow' set `true' on input line 507.
Package hyperref Info: Option `pdfnewwindow' set `true' on input line 509.
Package hyperref Info: Option `pdfnewwindow' set `true' on input line 511.
Package hyperref Info: Option `pdfnewwindow' set `true' on input line 512.
Package hyperref Info: Option `pdfnewwindow' set `true' on input line 513.
Package hyperref Info: Option `pdfnewwindow' set `true' on input line 515.
Package hyperref Info: Option `pdfnewwindow' set `true' on input line 517.
Package hyperref Info: Option `pdfnewwindow' set `true' on input line 518.
Package hyperref Info: Option `pdfnewwindow' set `true' on input line 519.
Package hyperref Info: Option `pdfnewwindow' set `true' on input line 521.
Package hyperref Info: Option `pdfnewwindow' set `true' on input line 523.
Package hyperref Info: Option `pdfnewwindow' set `true' on input line 524.
Package hyperref Info: Option `pdfnewwindow' set `true' on input line 527.
Package hyperref Info: Option `pdfnewwindow' set `true' on input line 528.
Package hyperref Info: Option `pdfnewwindow' set `true' on input line 529.
Package hyperref Info: Option `pdfnewwindow' set `true' on input line 531.
Package hyperref Info: Option `pdfnewwindow' set `true' on input line 532.
Package hyperref Info: Option `pdfnewwindow' set `true' on input line 533.
Package hyperref Info: Option `pdfnewwindow' set `true' on input line 534.
Package hyperref Info: Option `pdfnewwindow' set `true' on input line 535.
Package hyperref Info: Option `pdfnewwindow' set `true' on input line 536.
Package hyperref Info: Option `pdfnewwindow' set `true' on input line 537.
Package hyperref Info: Option `pdfnewwindow' set `true' on input line 538.
Package hyperref Info: Option `pdfnewwindow' set `true' on input line 539.
Package hyperref Info: Option `pdfnewwindow' set `true' on input line 541.
Package hyperref Info: Option `pdfnewwindow' set `true' on input line 543.
Package hyperref Info: Option `pdfnewwindow' set `true' on input line 544.
Package hyperref Info: Option `pdfnewwindow' set `true' on input line 548.
Package hyperref Info: Option `pdfnewwindow' set `true' on input line 553.
Package hyperref Info: Option `pdfnewwindow' set `true' on input line 558.
Package hyperref Info: Option `pdfnewwindow' set `true' on input line 559.
Package hyperref Info: Option `pdfnewwindow' set `true' on input line 560.
Package hyperref Info: Option `pdfnewwindow' set `true' on input line 561.
Package hyperref Info: Option `pdfnewwindow' set `true' on input line 562.
Package hyperref Info: Option `pdfnewwindow' set `true' on input line 563.
[4]
Package hyperref Info: Option `pdfnewwindow' set `true' on input line 565.
Package hyperref Info: Option `pdfnewwindow' set `true' on input line 566.
Package hyperref Info: Option `pdfnewwindow' set `true' on input line 568.
Package hyperref Info: Option `pdfnewwindow' set `true' on input line 569.
Package hyperref Info: Option `pdfnewwindow' set `true' on input line 570.
Package hyperref Info: Option `pdfnewwindow' set `true' on input line 572.
Package hyperref Info: Option `pdfnewwindow' set `true' on input line 573.
Package hyperref Info: Option `pdfnewwindow' set `true' on input line 574.
Package hyperref Info: Option `pdfnewwindow' set `true' on input line 575.
Package hyperref Info: Option `pdfnewwindow' set `true' on input line 576.
Package hyperref Info: Option `pdfnewwindow' set `true' on input line 578.
Package hyperref Info: Option `pdfnewwindow' set `true' on input line 579.
Package hyperref Info: Option `pdfnewwindow' set `true' on input line 581.
Package hyperref Info: Option `pdfnewwindow' set `true' on input line 582.
Package hyperref Info: Option `pdfnewwindow' set `true' on input line 583.
Package hyperref Info: Option `pdfnewwindow' set `true' on input line 584.
Package hyperref Info: Option `pdfnewwindow' set `true' on input line 585.
Package hyperref Info: Option `pdfnewwindow' set `true' on input line 586.
Package hyperref Info: Option `pdfnewwindow' set `true' on input line 588.
Package hyperref Info: Option `pdfnewwindow' set `true' on input line 589.
Package hyperref Info: Option `pdfnewwindow' set `true' on input line 590.
Package hyperref Info: Option `pdfnewwindow' set `true' on input line 592.
Package hyperref Info: Option `pdfnewwindow' set `true' on input line 593.
Package hyperref Info: Option `pdfnewwindow' set `true' on input line 594.
Package hyperref Info: Option `pdfnewwindow' set `true' on input line 595.
Package hyperref Info: Option `pdfnewwindow' set `true' on input line 600.
Package hyperref Info: Option `pdfnewwindow' set `true' on input line 602.
Package hyperref Info: Option `pdfnewwindow' set `true' on input line 603.
Package hyperref Info: Option `pdfnewwindow' set `true' on input line 606.
Package hyperref Info: Option `pdfnewwindow' set `true' on input line 607.
Package hyperref Info: Option `pdfnewwindow' set `true' on input line 609.
Package hyperref Info: Option `pdfnewwindow' set `true' on input line 611.
Package hyperref Info: Option `pdfnewwindow' set `true' on input line 612.
Package hyperref Info: Option `pdfnewwindow' set `true' on input line 613.
Package hyperref Info: Option `pdfnewwindow' set `true' on input line 614.
Package hyperref Info: Option `pdfnewwindow' set `true' on input line 615.
Package hyperref Info: Option `pdfnewwindow' set `true' on input line 616.
Package hyperref Info: Option `pdfnewwindow' set `true' on input line 618.
Package hyperref Info: Option `pdfnewwindow' set `true' on input line 619.
Package hyperref Info: Option `pdfnewwindow' set `true' on input line 620.
Package hyperref Info: Option `pdfnewwindow' set `true' on input line 621.
Package hyperref Info: Option `pdfnewwindow' set `true' on input line 622.
Package hyperref Info: Option `pdfnewwindow' set `true' on input line 623.
Package hyperref Info: Option `pdfnewwindow' set `true' on input line 624.
Package hyperref Info: Option `pdfnewwindow' set `true' on input line 625.
Package hyperref Info: Option `pdfnewwindow' set `true' on input line 627.
Package hyperref Info: Option `pdfnewwindow' set `true' on input line 628.
Package hyperref Info: Option `pdfnewwindow' set `true' on input line 629.
Package hyperref Info: Option `pdfnewwindow' set `true' on input line 630.
Package hyperref Info: Option `pdfnewwindow' set `true' on input line 631.
Package hyperref Info: Option `pdfnewwindow' set `true' on input line 633.
Package hyperref Info: Option `pdfnewwindow' set `true' on input line 637.
Package hyperref Info: Option `pdfnewwindow' set `true' on input line 638.
Package hyperref Info: Option `pdfnewwindow' set `true' on input line 639.
Package hyperref Info: Option `pdfnewwindow' set `true' on input line 641.
Package hyperref Info: Option `pdfnewwindow' set `true' on input line 642.
Package hyperref Info: Option `pdfnewwindow' set `true' on input line 643.
Package hyperref Info: Option `pdfnewwindow' set `true' on input line 645.
Package hyperref Info: Option `pdfnewwindow' set `true' on input line 647.
Package hyperref Info: Option `pdfnewwindow' set `true' on input line 651.
Package hyperref Info: Option `pdfnewwindow' set `true' on input line 652.
Package hyperref Info: Option `pdfnewwindow' set `true' on input line 654.
Package hyperref Info: Option `pdfnewwindow' set `true' on input line 655.
Package hyperref Info: Option `pdfnewwindow' set `true' on input line 656.
Package hyperref Info: Option `pdfnewwindow' set `true' on input line 657.
Package hyperref Info: Option `pdfnewwindow' set `true' on input line 659.
Package hyperref Info: Option `pdfnewwindow' set `true' on input line 660.
Package hyperref Info: Option `pdfnewwindow' set `true' on input line 665.
Package hyperref Info: Option `pdfnewwindow' set `true' on input line 666.
Package hyperref Info: Option `pdfnewwindow' set `true' on input line 668.
Package hyperref Info: Option `pdfnewwindow' set `true' on input line 669.
Package hyperref Info: Option `pdfnewwindow' set `true' on input line 672.
Package hyperref Info: Option `pdfnewwindow' set `true' on input line 674.
Package hyperref Info: Option `pdfnewwindow' set `true' on input line 675.
Package hyperref Info: Option `pdfnewwindow' set `true' on input line 677.
Package hyperref Info: Option `pdfnewwindow' set `true' on input line 679.
Package hyperref Info: Option `pdfnewwindow' set `true' on input line 681.
Package hyperref Info: Option `pdfnewwindow' set `true' on input line 683.
Package hyperref Info: Option `pdfnewwindow' set `true' on input line 684.
Package hyperref Info: Option `pdfnewwindow' set `true' on input line 685.
Package hyperref Info: Option `pdfnewwindow' set `true' on input line 687.
Package hyperref Info: Option `pdfnewwindow' set `true' on input line 688.
Package hyperref Info: Option `pdfnewwindow' set `true' on input line 690.
 [5]
Package hyperref Info: Option `pdfnewwindow' set `true' on input line 692.
Package hyperref Info: Option `pdfnewwindow' set `true' on input line 693.
Package hyperref Info: Option `pdfnewwindow' set `true' on input line 695.
Package hyperref Info: Option `pdfnewwindow' set `true' on input line 698.
Package hyperref Info: Option `pdfnewwindow' set `true' on input line 699.
Package hyperref Info: Option `pdfnewwindow' set `true' on input line 700.
Package hyperref Info: Option `pdfnewwindow' set `true' on input line 701.
Package hyperref Info: Option `pdfnewwindow' set `true' on input line 702.
Package hyperref Info: Option `pdfnewwindow' set `true' on input line 704.
Package hyperref Info: Option `pdfnewwindow' set `true' on input line 706.
Package hyperref Info: Option `pdfnewwindow' set `true' on input line 710.
Package hyperref Info: Option `pdfnewwindow' set `true' on input line 712.
Package hyperref Info: Option `pdfnewwindow' set `true' on input line 714.
Package hyperref Info: Option `pdfnewwindow' set `true' on input line 716.
Package hyperref Info: Option `pdfnewwindow' set `true' on input line 717.
Package hyperref Info: Option `pdfnewwindow' set `true' on input line 718.
Package hyperref Info: Option `pdfnewwindow' set `true' on input line 719.
Package hyperref Info: Option `pdfnewwindow' set `true' on input line 720.
Package hyperref Info: Option `pdfnewwindow' set `true' on input line 721.
Package hyperref Info: Option `pdfnewwindow' set `true' on input line 723.
Package hyperref Info: Option `pdfnewwindow' set `true' on input line 724.
Package hyperref Info: Option `pdfnewwindow' set `true' on input line 725.
Package hyperref Info: Option `pdfnewwindow' set `true' on input line 726.
Package hyperref Info: Option `pdfnewwindow' set `true' on input line 727.
Package hyperref Info: Option `pdfnewwindow' set `true' on input line 729.
Package hyperref Info: Option `pdfnewwindow' set `true' on input line 730.
Package hyperref Info: Option `pdfnewwindow' set `true' on input line 731.
Package hyperref Info: Option `pdfnewwindow' set `true' on input line 732.
Package hyperref Info: Option `pdfnewwindow' set `true' on input line 735.
Package hyperref Info: Option `pdfnewwindow' set `true' on input line 736.
Package hyperref Info: Option `pdfnewwindow' set `true' on input line 737.
Package hyperref Info: Option `pdfnewwindow' set `true' on input line 739.
Package hyperref Info: Option `pdfnewwindow' set `true' on input line 740.
Package hyperref Info: Option `pdfnewwindow' set `true' on input line 741.
Package hyperref Info: Option `pdfnewwindow' set `true' on input line 742.
Package hyperref Info: Option `pdfnewwindow' set `true' on input line 743.
Package hyperref Info: Option `pdfnewwindow' set `true' on input line 744.
Package hyperref Info: Option `pdfnewwindow' set `true' on input line 746.
Package hyperref Info: Option `pdfnewwindow' set `true' on input line 748.
Package hyperref Info: Option `pdfnewwindow' set `true' on input line 750.
Package hyperref Info: Option `pdfnewwindow' set `true' on input line 751.
Package hyperref Info: Option `pdfnewwindow' set `true' on input line 752.
Package hyperref Info: Option `pdfnewwindow' set `true' on input line 754.
Package hyperref Info: Option `pdfnewwindow' set `true' on input line 756.
Package hyperref Info: Option `pdfnewwindow' set `true' on input line 757.
Package hyperref Info: Option `pdfnewwindow' set `true' on input line 758.
Package hyperref Info: Option `pdfnewwindow' set `true' on input line 759.
Package hyperref Info: Option `pdfnewwindow' set `true' on input line 760.
Package hyperref Info: Option `pdfnewwindow' set `true' on input line 761.
Package hyperref Info: Option `pdfnewwindow' set `true' on input line 762.
Package hyperref Info: Option `pdfnewwindow' set `true' on input line 763.
Package hyperref Info: Option `pdfnewwindow' set `true' on input line 764.
Package hyperref Info: Option `pdfnewwindow' set `true' on input line 765.
Package hyperref Info: Option `pdfnewwindow' set `true' on input line 766.
Package hyperref Info: Option `pdfnewwindow' set `true' on input line 767.
Package hyperref Info: Option `pdfnewwindow' set `true' on input line 768.
Package hyperref Info: Option `pdfnewwindow' set `true' on input line 769.
Package hyperref Info: Option `pdfnewwindow' set `true' on input line 770.
Package hyperref Info: Option `pdfnewwindow' set `true' on input line 771.
Package hyperref Info: Option `pdfnewwindow' set `true' on input line 772.
Package hyperref Info: Option `pdfnewwindow' set `true' on input line 774.
Package hyperref Info: Option `pdfnewwindow' set `true' on input line 776.
Package hyperref Info: Option `pdfnewwindow' set `true' on input line 777.
Package hyperref Info: Option `pdfnewwindow' set `true' on input line 778.
Package hyperref Info: Option `pdfnewwindow' set `true' on input line 779.
Package hyperref Info: Option `pdfnewwindow' set `true' on input line 780.
Package hyperref Info: Option `pdfnewwindow' set `true' on input line 782.
Package hyperref Info: Option `pdfnewwindow' set `true' on input line 784.
Package hyperref Info: Option `pdfnewwindow' set `true' on input line 786.
Package hyperref Info: Option `pdfnewwindow' set `true' on input line 787.
Package hyperref Info: Option `pdfnewwindow' set `true' on input line 789.
Package hyperref Info: Option `pdfnewwindow' set `true' on input line 791.
Package hyperref Info: Option `pdfnewwindow' set `true' on input line 793.
Package hyperref Info: Option `pdfnewwindow' set `true' on input line 794.
Package hyperref Info: Option `pdfnewwindow' set `true' on input line 795.
Package hyperref Info: Option `pdfnewwindow' set `true' on input line 796.
Package hyperref Info: Option `pdfnewwindow' set `true' on input line 800.
Package hyperref Info: Option `pdfnewwindow' set `true' on input line 801.
Package hyperref Info: Option `pdfnewwindow' set `true' on input line 803.
Package hyperref Info: Option `pdfnewwindow' set `true' on input line 804.
Package hyperref Info: Option `pdfnewwindow' set `true' on input line 805.
Package hyperref Info: Option `pdfnewwindow' set `true' on input line 810.
 [6]
Package hyperref Info: Option `pdfnewwindow' set `true' on input line 811.
Package hyperref Info: Option `pdfnewwindow' set `true' on input line 812.
Package hyperref Info: Option `pdfnewwindow' set `true' on input line 814.
Package hyperref Info: Option `pdfnewwindow' set `true' on input line 815.
Package hyperref Info: Option `pdfnewwindow' set `true' on input line 816.
Package hyperref Info: Option `pdfnewwindow' set `true' on input line 817.
Package hyperref Info: Option `pdfnewwindow' set `true' on input line 818.
Package hyperref Info: Option `pdfnewwindow' set `true' on input line 821.
Package hyperref Info: Option `pdfnewwindow' set `true' on input line 822.
Package hyperref Info: Option `pdfnewwindow' set `true' on input line 824.
Package hyperref Info: Option `pdfnewwindow' set `true' on input line 826.
Package hyperref Info: Option `pdfnewwindow' set `true' on input line 827.
Package hyperref Info: Option `pdfnewwindow' set `true' on input line 829.
Package hyperref Info: Option `pdfnewwindow' set `true' on input line 831.
Package hyperref Info: Option `pdfnewwindow' set `true' on input line 832.
Package hyperref Info: Option `pdfnewwindow' set `true' on input line 833.
Package hyperref Info: Option `pdfnewwindow' set `true' on input line 834.
Package hyperref Info: Option `pdfnewwindow' set `true' on input line 836.
Package hyperref Info: Option `pdfnewwindow' set `true' on input line 838.
Package hyperref Info: Option `pdfnewwindow' set `true' on input line 839.
Package hyperref Info: Option `pdfnewwindow' set `true' on input line 841.
Package hyperref Info: Option `pdfnewwindow' set `true' on input line 842.
Package hyperref Info: Option `pdfnewwindow' set `true' on input line 844.
Package hyperref Info: Option `pdfnewwindow' set `true' on input line 846.
Package hyperref Info: Option `pdfnewwindow' set `true' on input line 847.
Package hyperref Info: Option `pdfnewwindow' set `true' on input line 848.
Package hyperref Info: Option `pdfnewwindow' set `true' on input line 850.
Package hyperref Info: Option `pdfnewwindow' set `true' on input line 853.
Package hyperref Info: Option `pdfnewwindow' set `true' on input line 854.
Package hyperref Info: Option `pdfnewwindow' set `true' on input line 855.
Package hyperref Info: Option `pdfnewwindow' set `true' on input line 856.
Package hyperref Info: Option `pdfnewwindow' set `true' on input line 857.
Package hyperref Info: Option `pdfnewwindow' set `true' on input line 858.
Package hyperref Info: Option `pdfnewwindow' set `true' on input line 859.
Package hyperref Info: Option `pdfnewwindow' set `true' on input line 860.
Package hyperref Info: Option `pdfnewwindow' set `true' on input line 861.
Package hyperref Info: Option `pdfnewwindow' set `true' on input line 862.
Package hyperref Info: Option `pdfnewwindow' set `true' on input line 863.
Package hyperref Info: Option `pdfnewwindow' set `true' on input line 865.
Package hyperref Info: Option `pdfnewwindow' set `true' on input line 866.
Package hyperref Info: Option `pdfnewwindow' set `true' on input line 868.
Package hyperref Info: Option `pdfnewwindow' set `true' on input line 873.
Package hyperref Info: Option `pdfnewwindow' set `true' on input line 874.
Package hyperref Info: Option `pdfnewwindow' set `true' on input line 875.
Package hyperref Info: Option `pdfnewwindow' set `true' on input line 877.
Package hyperref Info: Option `pdfnewwindow' set `true' on input line 879.
Package hyperref Info: Option `pdfnewwindow' set `true' on input line 881.
Package hyperref Info: Option `pdfnewwindow' set `true' on input line 883.
Package hyperref Info: Option `pdfnewwindow' set `true' on input line 884.
Package hyperref Info: Option `pdfnewwindow' set `true' on input line 887.
Package hyperref Info: Option `pdfnewwindow' set `true' on input line 889.
Package hyperref Info: Option `pdfnewwindow' set `true' on input line 890.
Package hyperref Info: Option `pdfnewwindow' set `true' on input line 892.
Package hyperref Info: Option `pdfnewwindow' set `true' on input line 893.
Package hyperref Info: Option `pdfnewwindow' set `true' on input line 894.
Package hyperref Info: Option `pdfnewwindow' set `true' on input line 896.
Package hyperref Info: Option `pdfnewwindow' set `true' on input line 897.
Package hyperref Info: Option `pdfnewwindow' set `true' on input line 899.
Package hyperref Info: Option `pdfnewwindow' set `true' on input line 901.
Package hyperref Info: Option `pdfnewwindow' set `true' on input line 902.
Package hyperref Info: Option `pdfnewwindow' set `true' on input line 903.
Package hyperref Info: Option `pdfnewwindow' set `true' on input line 904.
Package hyperref Info: Option `pdfnewwindow' set `true' on input line 905.
Package hyperref Info: Option `pdfnewwindow' set `true' on input line 906.
Package hyperref Info: Option `pdfnewwindow' set `true' on input line 907.
Package hyperref Info: Option `pdfnewwindow' set `true' on input line 909.
Package hyperref Info: Option `pdfnewwindow' set `true' on input line 911.

Overfull \hbox (5.16698pt too wide) in paragraph at lines 910--912
[]\OT1/cmss/m/n/10 Show Chil-dren Only \OT1/cmr/m/n/10 (Tool-box com-mand),
 []

Package hyperref Info: Option `pdfnewwindow' set `true' on input line 913.

Overfull \hbox (14.38927pt too wide) in paragraph at lines 912--914
[]\OT1/cmss/m/n/10 Show Cur-rent Sub-tree \OT1/cmr/m/n/10 (Tool-box com-mand),
 []

Package hyperref Info: Option `pdfnewwindow' set `true' on input line 915.
Package hyperref Info: Option `pdfnewwindow' set `true' on input line 917.
Package hyperref Info: Option `pdfnewwindow' set `true' on input line 918.
Package hyperref Info: Option `pdfnewwindow' set `true' on input line 919.
Package hyperref Info: Option `pdfnewwindow' set `true' on input line 921.
Package hyperref Info: Option `pdfnewwindow' set `true' on input line 923.
Package hyperref Info: Option `pdfnewwindow' set `true' on input line 924.
Package hyperref Info: Option `pdfnewwindow' set `true' on input line 925.
Package hyperref Info: Option `pdfnewwindow' set `true' on input line 926.
Package hyperref Info: Option `pdfnewwindow' set `true' on input line 927.
Package hyperref Info: Option `pdfnewwindow' set `true' on input line 928.
Package hyperref Info: Option `pdfnewwindow' set `true' on input line 929.
Package hyperref Info: Option `pdfnewwindow' set `true' on input line 930.
Package hyperref Info: Option `pdfnewwindow' set `true' on input line 931.
Package hyperref Info: Option `pdfnewwindow' set `true' on input line 932.
Package hyperref Info: Option `pdfnewwindow' set `true' on input line 934.
Package hyperref Info: Option `pdfnewwindow' set `true' on input line 935.
Package hyperref Info: Option `pdfnewwindow' set `true' on input line 937.
Package hyperref Info: Option `pdfnewwindow' set `true' on input line 938.
Package hyperref Info: Option `pdfnewwindow' set `true' on input line 940.
[7]
Package hyperref Info: Option `pdfnewwindow' set `true' on input line 941.
Package hyperref Info: Option `pdfnewwindow' set `true' on input line 942.
Package hyperref Info: Option `pdfnewwindow' set `true' on input line 943.
Package hyperref Info: Option `pdfnewwindow' set `true' on input line 944.
Package hyperref Info: Option `pdfnewwindow' set `true' on input line 946.
Package hyperref Info: Option `pdfnewwindow' set `true' on input line 947.
Package hyperref Info: Option `pdfnewwindow' set `true' on input line 948.
Package hyperref Info: Option `pdfnewwindow' set `true' on input line 949.
Package hyperref Info: Option `pdfnewwindow' set `true' on input line 951.
Package hyperref Info: Option `pdfnewwindow' set `true' on input line 953.
Package hyperref Info: Option `pdfnewwindow' set `true' on input line 954.
Package hyperref Info: Option `pdfnewwindow' set `true' on input line 955.
Package hyperref Info: Option `pdfnewwindow' set `true' on input line 956.
Package hyperref Info: Option `pdfnewwindow' set `true' on input line 957.
Package hyperref Info: Option `pdfnewwindow' set `true' on input line 958.
Package hyperref Info: Option `pdfnewwindow' set `true' on input line 959.
Package hyperref Info: Option `pdfnewwindow' set `true' on input line 960.
Package hyperref Info: Option `pdfnewwindow' set `true' on input line 961.
Package hyperref Info: Option `pdfnewwindow' set `true' on input line 962.
Package hyperref Info: Option `pdfnewwindow' set `true' on input line 964.
Package hyperref Info: Option `pdfnewwindow' set `true' on input line 965.
Package hyperref Info: Option `pdfnewwindow' set `true' on input line 966.
Package hyperref Info: Option `pdfnewwindow' set `true' on input line 967.
Package hyperref Info: Option `pdfnewwindow' set `true' on input line 968.
Package hyperref Info: Option `pdfnewwindow' set `true' on input line 969.
Package hyperref Info: Option `pdfnewwindow' set `true' on input line 970.
Package hyperref Info: Option `pdfnewwindow' set `true' on input line 971.
Package hyperref Info: Option `pdfnewwindow' set `true' on input line 972.
Package hyperref Info: Option `pdfnewwindow' set `true' on input line 973.
Package hyperref Info: Option `pdfnewwindow' set `true' on input line 975.
Package hyperref Info: Option `pdfnewwindow' set `true' on input line 977.
Package hyperref Info: Option `pdfnewwindow' set `true' on input line 978.
Package hyperref Info: Option `pdfnewwindow' set `true' on input line 979.
Package hyperref Info: Option `pdfnewwindow' set `true' on input line 981.
Package hyperref Info: Option `pdfnewwindow' set `true' on input line 982.
Package hyperref Info: Option `pdfnewwindow' set `true' on input line 983.
Package hyperref Info: Option `pdfnewwindow' set `true' on input line 986.
Package hyperref Info: Option `pdfnewwindow' set `true' on input line 987.
Package hyperref Info: Option `pdfnewwindow' set `true' on input line 988.
Package hyperref Info: Option `pdfnewwindow' set `true' on input line 989.
Package hyperref Info: Option `pdfnewwindow' set `true' on input line 991.
Package hyperref Info: Option `pdfnewwindow' set `true' on input line 992.
Package hyperref Info: Option `pdfnewwindow' set `true' on input line 993.
Package hyperref Info: Option `pdfnewwindow' set `true' on input line 994.
Package hyperref Info: Option `pdfnewwindow' set `true' on input line 995.
Package hyperref Info: Option `pdfnewwindow' set `true' on input line 996.
Package hyperref Info: Option `pdfnewwindow' set `true' on input line 999.
Package hyperref Info: Option `pdfnewwindow' set `true' on input line 1000.
Package hyperref Info: Option `pdfnewwindow' set `true' on input line 1002.
Package hyperref Info: Option `pdfnewwindow' set `true' on input line 1004.
Package hyperref Info: Option `pdfnewwindow' set `true' on input line 1005.
Package hyperref Info: Option `pdfnewwindow' set `true' on input line 1006.
Package hyperref Info: Option `pdfnewwindow' set `true' on input line 1008.
Package hyperref Info: Option `pdfnewwindow' set `true' on input line 1009.
Package hyperref Info: Option `pdfnewwindow' set `true' on input line 1010.
Package hyperref Info: Option `pdfnewwindow' set `true' on input line 1014.
Package hyperref Info: Option `pdfnewwindow' set `true' on input line 1015.
Package hyperref Info: Option `pdfnewwindow' set `true' on input line 1016.
Package hyperref Info: Option `pdfnewwindow' set `true' on input line 1017.
Package hyperref Info: Option `pdfnewwindow' set `true' on input line 1019.
Package hyperref Info: Option `pdfnewwindow' set `true' on input line 1021.
Package hyperref Info: Option `pdfnewwindow' set `true' on input line 1022.
Package hyperref Info: Option `pdfnewwindow' set `true' on input line 1023.
Package hyperref Info: Option `pdfnewwindow' set `true' on input line 1024.
Package hyperref Info: Option `pdfnewwindow' set `true' on input line 1025.
Package hyperref Info: Option `pdfnewwindow' set `true' on input line 1026.
Package hyperref Info: Option `pdfnewwindow' set `true' on input line 1027.
Package hyperref Info: Option `pdfnewwindow' set `true' on input line 1028.
Package hyperref Info: Option `pdfnewwindow' set `true' on input line 1029.
Package hyperref Info: Option `pdfnewwindow' set `true' on input line 1030.
Package hyperref Info: Option `pdfnewwindow' set `true' on input line 1032.
Package hyperref Info: Option `pdfnewwindow' set `true' on input line 1033.
Package hyperref Info: Option `pdfnewwindow' set `true' on input line 1035.
Package hyperref Info: Option `pdfnewwindow' set `true' on input line 1036.
Package hyperref Info: Option `pdfnewwindow' set `true' on input line 1038.
Package hyperref Info: Option `pdfnewwindow' set `true' on input line 1040.
Package hyperref Info: Option `pdfnewwindow' set `true' on input line 1041.
Package hyperref Info: Option `pdfnewwindow' set `true' on input line 1043.
Package hyperref Info: Option `pdfnewwindow' set `true' on input line 1045.
Package hyperref Info: Option `pdfnewwindow' set `true' on input line 1047.
Package hyperref Info: Option `pdfnewwindow' set `true' on input line 1048.
Package hyperref Info: Option `pdfnewwindow' set `true' on input line 1051.
Package hyperref Info: Option `pdfnewwindow' set `true' on input line 1052.
Package hyperref Info: Option `pdfnewwindow' set `true' on input line 1053.
Package hyperref Info: Option `pdfnewwindow' set `true' on input line 1054.
Package hyperref Info: Option `pdfnewwindow' set `true' on input line 1055.
Package hyperref Info: Option `pdfnewwindow' set `true' on input line 1056.
Package hyperref Info: Option `pdfnewwindow' set `true' on input line 1058.
Package hyperref Info: Option `pdfnewwindow' set `true' on input line 1060.
Package hyperref Info: Option `pdfnewwindow' set `true' on input line 1062.
Package hyperref Info: Option `pdfnewwindow' set `true' on input line 1063.
Package hyperref Info: Option `pdfnewwindow' set `true' on input line 1065.
Package hyperref Info: Option `pdfnewwindow' set `true' on input line 1066.
Package hyperref Info: Option `pdfnewwindow' set `true' on input line 1068.
Package hyperref Info: Option `pdfnewwindow' set `true' on input line 1070.
Package hyperref Info: Option `pdfnewwindow' set `true' on input line 1071.
Package hyperref Info: Option `pdfnewwindow' set `true' on input line 1072.
Package hyperref Info: Option `pdfnewwindow' set `true' on input line 1073.
Package hyperref Info: Option `pdfnewwindow' set `true' on input line 1074.
Package hyperref Info: Option `pdfnewwindow' set `true' on input line 1075.
Package hyperref Info: Option `pdfnewwindow' set `true' on input line 1076.
Package hyperref Info: Option `pdfnewwindow' set `true' on input line 1077.
Package hyperref Info: Option `pdfnewwindow' set `true' on input line 1079.
Package hyperref Info: Option `pdfnewwindow' set `true' on input line 1080.
Package hyperref Info: Option `pdfnewwindow' set `true' on input line 1082.
 [8]
Package hyperref Info: Option `pdfnewwindow' set `true' on input line 1083.
Package hyperref Info: Option `pdfnewwindow' set `true' on input line 1084.
Package hyperref Info: Option `pdfnewwindow' set `true' on input line 1089.
Package hyperref Info: Option `pdfnewwindow' set `true' on input line 1090.
Package hyperref Info: Option `pdfnewwindow' set `true' on input line 1092.
Package hyperref Info: Option `pdfnewwindow' set `true' on input line 1093.
Package hyperref Info: Option `pdfnewwindow' set `true' on input line 1094.
Package hyperref Info: Option `pdfnewwindow' set `true' on input line 1095.
Package hyperref Info: Option `pdfnewwindow' set `true' on input line 1099.
Package hyperref Info: Option `pdfnewwindow' set `true' on input line 1101.
Package hyperref Info: Option `pdfnewwindow' set `true' on input line 1102.
Package hyperref Info: Option `pdfnewwindow' set `true' on input line 1103.
Package hyperref Info: Option `pdfnewwindow' set `true' on input line 1105.
Package hyperref Info: Option `pdfnewwindow' set `true' on input line 1106.
Package hyperref Info: Option `pdfnewwindow' set `true' on input line 1107.
Package hyperref Info: Option `pdfnewwindow' set `true' on input line 1109.
Package hyperref Info: Option `pdfnewwindow' set `true' on input line 1111.
Package hyperref Info: Option `pdfnewwindow' set `true' on input line 1112.
Package hyperref Info: Option `pdfnewwindow' set `true' on input line 1113.
Package hyperref Info: Option `pdfnewwindow' set `true' on input line 1115.
Package hyperref Info: Option `pdfnewwindow' set `true' on input line 1117.
Package hyperref Info: Option `pdfnewwindow' set `true' on input line 1119.
Package hyperref Info: Option `pdfnewwindow' set `true' on input line 1120.
Package hyperref Info: Option `pdfnewwindow' set `true' on input line 1121.
Package hyperref Info: Option `pdfnewwindow' set `true' on input line 1122.
Package hyperref Info: Option `pdfnewwindow' set `true' on input line 1126.
Package hyperref Info: Option `pdfnewwindow' set `true' on input line 1128.
Package hyperref Info: Option `pdfnewwindow' set `true' on input line 1129.
Package hyperref Info: Option `pdfnewwindow' set `true' on input line 1130.
Package hyperref Info: Option `pdfnewwindow' set `true' on input line 1132.
Package hyperref Info: Option `pdfnewwindow' set `true' on input line 1133.
Package hyperref Info: Option `pdfnewwindow' set `true' on input line 1134.
Package hyperref Info: Option `pdfnewwindow' set `true' on input line 1135.
Package hyperref Info: Option `pdfnewwindow' set `true' on input line 1136.
Package hyperref Info: Option `pdfnewwindow' set `true' on input line 1137.
Package hyperref Info: Option `pdfnewwindow' set `true' on input line 1138.
Package hyperref Info: Option `pdfnewwindow' set `true' on input line 1139.
Package hyperref Info: Option `pdfnewwindow' set `true' on input line 1141.
Package hyperref Info: Option `pdfnewwindow' set `true' on input line 1143.
Package hyperref Info: Option `pdfnewwindow' set `true' on input line 1144.
Package hyperref Info: Option `pdfnewwindow' set `true' on input line 1146.
Package hyperref Info: Option `pdfnewwindow' set `true' on input line 1150.
Package hyperref Info: Option `pdfnewwindow' set `true' on input line 1152.
Package hyperref Info: Option `pdfnewwindow' set `true' on input line 1153.
Package hyperref Info: Option `pdfnewwindow' set `true' on input line 1155.
 [9

]) (./index.aux) ) 
Here is how much of TeX's memory you used:
 5437 strings out of 493014
 71384 string characters out of 6137001
 173275 words of memory out of 5000000
 8902 multiletter control sequences out of 15000+600000
 7155 words of font info for 28 fonts, out of 8000000 for 9000
 1141 hyphenation exceptions out of 8191
 44i,8n,24p,303b,338s stack positions out of 5000i,500n,10000p,200000b,80000s
<c:/texlive/2016/texmf-dist/fonts/type1/public/amsfonts/cm/cm
bx10.pfb><c:/texlive/2016/texmf-dist/fonts/type1/public/amsfonts/cm/cmbx12.pfb>
<c:/texlive/2016/texmf-dist/fonts/type1/public/amsfonts/cm/cmcsc10.pfb><c:/texl
ive/2016/texmf-dist/fonts/type1/public/amsfonts/cm/cmex10.pfb><c:/texlive/2016/
texmf-dist/fonts/type1/public/amsfonts/cm/cmmi10.pfb><c:/texlive/2016/texmf-dis
t/fonts/type1/public/amsfonts/cm/cmr10.pfb><c:/texlive/2016/texmf-dist/fonts/ty
pe1/public/amsfonts/cm/cmr7.pfb><c:/texlive/2016/texmf-dist/fonts/type1/public/
amsfonts/cm/cmss10.pfb><c:/texlive/2016/texmf-dist/fonts/type1/public/amsfonts/
cm/cmsy10.pfb><c:/texlive/2016/texmf-dist/fonts/type1/public/amsfonts/cm/cmsy7.
pfb><c:/texlive/2016/texmf-dist/fonts/type1/public/amsfonts/cm/cmti10.pfb><c:/t
exlive/2016/texmf-dist/fonts/type1/public/amsfonts/cm/cmti7.pfb><c:/texlive/201
6/texmf-dist/fonts/type1/public/amsfonts/cm/cmtt10.pfb><c:/texlive/2016/texmf-d
ist/fonts/type1/public/amsfonts/latxfont/lasy10.pfb>
Output written on index.pdf (9 pages, 200139 bytes).
PDF statistics:
 902 PDF objects out of 1000 (max. 8388607)
 865 compressed objects within 9 object streams
 13 named destinations out of 1000 (max. 500000)
 13 words of extra memory for PDF output out of 10000 (max. 10000000)

