This is pdfTeX, Version 3.14159265-2.6-1.40.17 (TeX Live 2016/W32TeX) (preloaded format=pdflatex 2016.7.29)  28 AUG 2017 21:46
entering extended mode
 restricted \write18 enabled.
 %&-line parsing enabled.
**\nonstopmode\input{main.tex}
(./main.tex (./article.cls
Document Class: article 2007/10/19 v1.4h Standard LaTeX document class
(./leqno.clo
File: leqno.clo 1998/08/17 v1.1c Standard LaTeX option (left equation numbers)
) (./fleqn.clo
File: fleqn.clo 1998/08/17 v1.1c Standard LaTeX option (flush left equations)
\mathindent=\dimen102
) (./size10.clo
File: size10.clo 2007/10/19 v1.4h Standard LaTeX file (size option)
)
\c@part=\count79
\c@section=\count80
\c@subsection=\count81
\c@subsubsection=\count82
\c@paragraph=\count83
\c@subparagraph=\count84
\c@figure=\count85
\c@table=\count86
\abovecaptionskip=\skip41
\belowcaptionskip=\skip42
\bibindent=\dimen103
) (./hypertlabook.sty (./graphics.sty
Package: graphics 2009/02/05 v1.0o Standard LaTeX Graphics (DPC,SPQR)
(./trig.sty
Package: trig 1999/03/16 v1.09 sin cos tan (DPC)
) (./graphics.cfg
File: graphics.cfg 2007/01/18 v1.5 graphics configuration of teTeX/TeXLive
)
Package graphics Info: Driver file: pdftex.def on input line 91.
 (./pdftex.def
File: pdftex.def 2010/02/14 v0.04n Graphics/color for pdfTeX
\Gread@gobject=\count87
)) (./graphpap.sty
\@gridx=\count88
\@gridy=\count89
\c@@grid=\count90
) (./color.sty
Package: color 2005/11/14 v1.0j Standard LaTeX Color (DPC)

(./color.cfg
File: color.cfg 2007/01/18 v1.5 color configuration of teTeX/TeXLive
)
Package color Info: Driver file: pdftex.def on input line 130.
) (./latexsym.sty
Package: latexsym 1998/08/17 v2.2e Standard LaTeX package (lasy symbols)
\symlasy=\mathgroup4
LaTeX Font Info:    Overwriting symbol font `lasy' in version `bold'
(Font)                  U/lasy/m/n --> U/lasy/b/n on input line 47.
) (./ifthen.sty
Package: ifthen 2001/05/26 v1.1c Standard LaTeX ifthen package (DPC)
) (./makeidx.sty) (./hyperref.sty
Package: hyperref 2009/04/04 v6.78q Hypertext links for LaTeX

(./keyval.sty
Package: keyval 1999/03/16 v1.13 key=value parser (DPC)
\KV@toks@=\toks14
) (./ifpdf.sty
Package: ifpdf 2010/01/28 v2.1 Provides the ifpdf switch (HO)
Package ifpdf Info: pdfTeX in pdf mode detected.
) (./ifvtex.sty
Package: ifvtex 2010/03/01 v1.5 Switches for detecting VTeX and its modes (HO)
Package ifvtex Info: VTeX not detected.
) (./ifxetex.sty
Package: ifxetex 2009/01/23 v0.5 Provides ifxetex conditional
) (./hycolor.sty
Package: hycolor 2009/12/12 v1.6 Color options of hyperref/bookmark (HO)

(./xcolor-patch.sty
Package: xcolor-patch 2009/12/12 xcolor patch
))
\@linkdim=\dimen104
\Hy@linkcounter=\count91
\Hy@pagecounter=\count92
 (./pd1enc.def
File: pd1enc.def 2009/04/04 v6.78q Hyperref: PDFDocEncoding definition (HO)
) (./etexcmds.sty
Package: etexcmds 2010/01/28 v1.3 Prefix for e-TeX command names (HO)
 (./infwarerr.sty
Package: infwarerr 2010/04/08 v1.3 Providing info/warning/message (HO)
)
Package etexcmds Info: Could not find \expanded.
(etexcmds)             That can mean that you are not using pdfTeX 1.50 or
(etexcmds)             that some package has redefined \expanded.
(etexcmds)             In the latter case, load this package earlier.
)
(./hyperref.cfg
Package hyperref Info: Option `colorlinks' set `true' on input line 4.
Package hyperref Info: Option `bookmarks' set `false' on input line 8.
Package hyperref Info: Option `pdfdisplaydoctitle' set `true' on input line 11.

Package hyperref Info: Option `pdffitwindow' set `true' on input line 12.
) (./kvoptions.sty
Package: kvoptions 2010/02/22 v3.7 Keyval support for LaTeX options (HO)
 (./kvsetkeys.sty
Package: kvsetkeys 2010/03/01 v1.9 Key value parser (HO)
))
Package hyperref Info: Hyper figures OFF on input line 2956.
Package hyperref Info: Link nesting OFF on input line 2961.
Package hyperref Info: Hyper index ON on input line 2964.
Package hyperref Info: Plain pages OFF on input line 2971.
Package hyperref Info: Backreferencing OFF on input line 2976.

Implicit mode ON; LaTeX internals redefined
Package hyperref Info: Bookmarks OFF on input line 3172.
(./url.sty)
LaTeX Info: Redefining \url on input line 3403.
 (./bitset.sty
Package: bitset 2007/09/28 v1.0 Data type bit set (HO)
 (./intcalc.sty
Package: intcalc 2007/09/27 v1.1 Expandable integer calculations (HO)
) (./bigintcalc.sty
Package: bigintcalc 2007/11/11 v1.1 Expandable big integer calculations (HO)
 (./pdftexcmds.sty
Package: pdftexcmds 2010/04/01 v0.9 Utility functions of pdfTeX for LuaTeX (HO)


(./ifluatex.sty
Package: ifluatex 2010/03/01 v1.3 Provides the ifluatex switch (HO)
Package ifluatex Info: LuaTeX not detected.
) (./ltxcmds.sty
Package: ltxcmds 2010/04/08 v1.5 LaTeX kernel commands for general use (HO)
)
Package pdftexcmds Info: LuaTeX not detected.
Package pdftexcmds Info: \pdf@primitive is available.
Package pdftexcmds Info: \pdf@ifprimitive is available.
)))
\Fld@menulength=\count93
\Field@Width=\dimen105
\Fld@charsize=\dimen106
\Field@toks=\toks15
Package hyperref Info: Hyper figures OFF on input line 4320.
Package hyperref Info: Link nesting OFF on input line 4325.
Package hyperref Info: Hyper index ON on input line 4328.
Package hyperref Info: backreferencing OFF on input line 4335.
Package hyperref Info: Link coloring ON on input line 4338.
Package hyperref Info: Link coloring with OCG OFF on input line 4345.
Package hyperref Info: PDF/A mode OFF on input line 4350.
 (./atbegshi.sty
Package: atbegshi 2010/03/25 v1.12 At begin shipout hook (HO)
)
\Hy@abspage=\count94
\c@Item=\count95
\c@Hfootnote=\count96
)
*hyperref using default driver hpdftex*
(./hpdftex.def
File: hpdftex.def 2009/04/04 v6.78q Hyperref driver for pdfTeX
\Fld@listcount=\count97
) (./tlatex.sty
\symlength=\skip43
\equalswidth=\skip44
\charwidth=\skip45
\boxrulewd=\skip46
\boxlineht=\skip47
\boxruleht=\skip48
\boxruledp=\skip49
\pcalvspace=\skip50
\lcomindent=\skip51
\@xlen=\skip52
\templena=\skip53
\templenb=\skip54
\tempboxa=\box26
\vshadelen=\skip55
\boxwidth=\skip56
\multicommentdepth=\skip57
\c@pardepth=\count98
\tempsbox=\box27
\@cparht=\skip58
\@cpardp=\skip59
\xmcomlen=\skip60
\spacewidth=\skip61
\alignboxwidth=\skip62
\alignwidth=\skip63
\alignbox=\box28
\symtlaitalics=\mathgroup5
\c@tlx@ctr=\count99
 (./verbatim.sty
Package: verbatim 2003/08/22 v1.5q LaTeX2e package for verbatim enhancements
\every@verbatim=\toks16
\verbatim@line=\toks17
\verbatim@in@stream=\read1
)) (./tla2texplus-book.sty
(./abbrev.sty
\c@abr@ctr=\count100
\c@abr@level=\count101
LaTeX Font Info:    Redeclaring symbol font `tlaitalics' on input line 358.
LaTeX Font Info:    Overwriting symbol font `tlaitalics' in version `normal'
(Font)                  OT1/cmr/m/it --> OT1/cmr/m/it on input line 358.
LaTeX Font Info:    Overwriting symbol font `tlaitalics' in version `bold'
(Font)                  OT1/cmr/m/it --> OT1/cmr/m/it on input line 358.
\abr@csctr=\count102
)
Loading pf style
(./pf2-book.sty
\pfindent=\skip64
\c@@vectorctr=\count103
\@veclen=\skip65
\pfbox=\box29
\c@pfhidelevel=\count104
\pfshortNumberLevel=\count105
\c@pf@sidenumberdepth=\count106
\pf@sidenumberoutdent=\skip66
\pfLevelCount=\count107
\pfStepCount=\count108
\pf@outdent=\skip67
\@temppflen=\skip68
\@proveindent=\skip69
\c@pf@conjCounter=\count109
\c@pfenum=\count110
\c@pfenumdepth=\count111
\pfenumindent=\skip70
\c@pfenumi=\count112
\c@pfenumii=\count113
\c@pfenumiii=\count114
)
\@charwidth=\skip71
\boxindent=\skip72
)
\pagewidth=\skip73
\pageheight=\skip74
\normaltextwidth=\skip75
\marginwidth=\skip76
\@colwidth=\skip77
\@coltwowidth=\skip78
\@colboxone=\box30
\@colboxtwo=\box31
\@widemath=\skip79
\c@question=\count115
Package color Info: Redefining color black on input line 667.
Package color Info: Redefining color blue on input line 669.
Package color Info: Redefining color red on input line 678.
Package color Info: Redefining color green on input line 680.
Package color Info: Redefining color white on input line 696.
\GPT@outputbox=\box32
\marginalbox=\box33
\c@spgnum1=\count116
\c@spgnum2=\count117
\c@spgnum3=\count118
\dbarbox=\box34
\booklen=\skip80
\vcmathbox=\box35
\vcmathlena=\skip81
\vcmathlenb=\skip82
\atomizelen=\skip83
\@oddlen=\skip84
\@mpwidth=\skip85
\popupbox=\box36
 (./hypermode.tex
\@back=\box37
\@fwd=\box38
\@buttonwidth=\skip86
 (./xref.tex)) (./versions.tex
\c@maxversion=\count119
\c@minversion=\count120
\c@colorcounter=\count121
)
\@gtempa=\dimen107
\@gtempa=\dimen108
\@gtempa=\dimen109
\@gtempa=\dimen110
\@gtempa=\dimen111
\@gtempa=\dimen112
\@gtempa=\dimen113
\@gtempa=\dimen114
\@gtempa=\dimen115
\@gtempa=\dimen116
\@gtempa=\dimen117
\@gtempa=\dimen118
\@gtempa=\dimen119
\@gtempa=\dimen120
\@gtempa=\dimen121
\@gtempa=\dimen122
\@gtempa=\dimen123
\@gtempa=\dimen124
\@gtempa=\dimen125
\@gtempa=\dimen126
\@gtempa=\dimen127
\@gtempa=\dimen128
\@gtempa=\dimen129
\@gtempa=\dimen130
\@gtempa=\dimen131
\@gtempa=\dimen132
\pictlen=\skip87
\pictbox=\box39
)
\@indexfile=\write3
\openout3 = `main.idx'.


Writing index file main.idx
(./main.aux)
\openout1 = `main.aux'.

LaTeX Font Info:    Checking defaults for OML/cmm/m/it on input line 157.
LaTeX Font Info:    ... okay on input line 157.
LaTeX Font Info:    Checking defaults for T1/cmr/m/n on input line 157.
LaTeX Font Info:    ... okay on input line 157.
LaTeX Font Info:    Checking defaults for OT1/cmr/m/n on input line 157.
LaTeX Font Info:    ... okay on input line 157.
LaTeX Font Info:    Checking defaults for OMS/cmsy/m/n on input line 157.
LaTeX Font Info:    ... okay on input line 157.
LaTeX Font Info:    Checking defaults for OMX/cmex/m/n on input line 157.
LaTeX Font Info:    ... okay on input line 157.
LaTeX Font Info:    Checking defaults for U/cmr/m/n on input line 157.
LaTeX Font Info:    ... okay on input line 157.
LaTeX Font Info:    Checking defaults for PD1/pdf/m/n on input line 157.
LaTeX Font Info:    ... okay on input line 157.
 (c:/texlive/2016/texmf-dist/tex/context/base/mkii/supp-pdf.mkii
[Loading MPS to PDF converter (version 2006.09.02).]
\scratchcounter=\count122
\scratchdimen=\dimen133
\scratchbox=\box40
\nofMPsegments=\count123
\nofMParguments=\count124
\everyMPshowfont=\toks18
\MPscratchCnt=\count125
\MPscratchDim=\dimen134
\MPnumerator=\count126
\makeMPintoPDFobject=\count127
\everyMPtoPDFconversion=\toks19
)
Package hyperref Info: Link coloring ON on input line 157.
 (./nameref.sty
Package: nameref 2007/05/29 v2.31 Cross-referencing by name of section
 (./refcount.sty
Package: refcount 2008/08/11 v3.1 Data extraction from references (HO)
)
\c@section@level=\count128
)
LaTeX Info: Redefining \ref on input line 157.
LaTeX Info: Redefining \pageref on input line 157.
\AtBeginShipoutBox=\box41
 (./main.toc
LaTeX Font Info:    External font `cmex10' loaded for size
(Font)              <7> on input line 22.
LaTeX Font Info:    External font `cmex10' loaded for size
(Font)              <5> on input line 22.
LaTeX Font Info:    Try loading font information for U+lasy on input line 22.
 (./ulasy.fd
File: ulasy.fd 1998/08/17 v2.2e LaTeX symbol font definitions
)
Package hyperref Info: Option `pdfnewwindow' set `true' on input line 54.
Package hyperref Info: Option `pdfnewwindow' set `true' on input line 54.
 [1

{c:/texlive/2016/texmf-var/fonts/map/pdftex/updmap/pdftex.map}])
\tf@toc=\write4
\openout4 = `main.toc'.

Package hyperref Info: Option `pdfnewwindow' set `true' on input line 166.
Package hyperref Info: Option `pdfnewwindow' set `true' on input line 166.
 [2]
LaTeX Font Info:    Try loading font information for OMS+cmr on input line 209.

 (./omscmr.fd
File: omscmr.fd 1999/05/25 v2.5h Standard LaTeX font definitions
)
LaTeX Font Info:    Font shape `OMS/cmr/m/n' in size <10> not available
(Font)              Font shape `OMS/cmsy/m/n' tried instead on input line 209.
Package hyperref Info: Option `pdfnewwindow' set `true' on input line 239.
Package hyperref Info: Option `pdfnewwindow' set `true' on input line 239.
 [3]
Package hyperref Info: Option `pdfnewwindow' set `true' on input line 292.
Package hyperref Info: Option `pdfnewwindow' set `true' on input line 292.
 [4]
Overfull \hbox (2.68575pt too wide) in paragraph at lines 376--383
\OT1/cmr/m/n/10 they can guide its con-struc-tion. How-ever, they are some-time
s drawn afterwards---
 []

Package hyperref Info: Option `pdfnewwindow' set `true' on input line 383.
Package hyperref Info: Option `pdfnewwindow' set `true' on input line 383.
[5]
Package hyperref Info: Option `pdfnewwindow' set `true' on input line 439.
Package hyperref Info: Option `pdfnewwindow' set `true' on input line 442.
Package hyperref Info: Option `pdfnewwindow' set `true' on input line 442.
 [6]
Package hyperref Info: Option `pdfnewwindow' set `true' on input line 480.
Package hyperref Info: Option `pdfnewwindow' set `true' on input line 480.
 [7]
Package hyperref Info: Option `pdfnewwindow' set `true' on input line 553.
Package hyperref Info: Option `pdfnewwindow' set `true' on input line 553.
 [8]
LaTeX Font Info:    Font shape `U/lasy/b/n' in size <7> not available
(Font)              Font shape `U/lasy/m/n' tried instead on input line 595.
LaTeX Font Info:    Font shape `U/lasy/b/n' in size <5> not available
(Font)              Font shape `U/lasy/m/n' tried instead on input line 595.
Package hyperref Info: Option `pdfnewwindow' set `true' on input line 609.
LaTeX Font Info:    External font `cmex10' loaded for size
(Font)              <9> on input line 609.
LaTeX Font Info:    External font `cmex10' loaded for size
(Font)              <6> on input line 609.
Package hyperref Info: Option `pdfnewwindow' set `true' on input line 640.
Package hyperref Info: Option `pdfnewwindow' set `true' on input line 641.
Package hyperref Info: Option `pdfnewwindow' set `true' on input line 641.
 [9]
Package hyperref Info: Option `pdfnewwindow' set `true' on input line 665.
Package hyperref Info: Option `pdfnewwindow' set `true' on input line 716.


LaTeX Font Warning: Font shape `OT1/cmss/m/sc' in size <9> not available
(Font)              Font shape `OT1/cmr/m/sc' tried instead on input line 716.

Package hyperref Info: Option `pdfnewwindow' set `true' on input line 726.
Package hyperref Info: Option `pdfnewwindow' set `true' on input line 726.
[10]
Package hyperref Info: Option `pdfnewwindow' set `true' on input line 733.
Package hyperref Info: Option `pdfnewwindow' set `true' on input line 735.

Overfull \hbox (1.63945pt too wide) in paragraph at lines 742--754
[]\OT1/cmr/m/n/10 Every sym-bol that ap-pears in the mod-ule must ei-ther be a 
prim-i-tive TLA$[]$|  op-
 []


Overfull \hbox (35.0pt too wide) in paragraph at lines 758--758
[][] []|  
 []

<parsed-icon.jpg, id=300, 81.4242pt x 19.7538pt>
File: parsed-icon.jpg Graphic file (type jpg)
 <use parsed-icon.jpg>
Package hyperref Info: Option `pdfnewwindow' set `true' on input line 799.
Package hyperref Info: Option `pdfnewwindow' set `true' on input line 807.
Package hyperref Info: Option `pdfnewwindow' set `true' on input line 815.
Package hyperref Info: Option `pdfnewwindow' set `true' on input line 815.
 [11 <./parsed-icon.jpg>]
Package hyperref Info: Option `pdfnewwindow' set `true' on input line 825.
Package hyperref Info: Option `pdfnewwindow' set `true' on input line 831.
Package hyperref Info: Option `pdfnewwindow' set `true' on input line 846.
Package hyperref Info: Option `pdfnewwindow' set `true' on input line 854.

<OneBitClock-errortrace-1.jpg, id=334, 341.00734pt x 68.4156pt>
File: OneBitClock-errortrace-1.jpg Graphic file (type jpg)

<use OneBitClock-errortrace-1.jpg>
<OneBitClock-errortrace-2.jpg, id=335, 342.078pt x 17.3448pt>
File: OneBitClock-errortrace-2.jpg Graphic file (type jpg)

<use OneBitClock-errortrace-2.jpg>
<OneBitClock-1.jpg, id=336, 266.9172pt x 52.5162pt>
File: OneBitClock-1.jpg Graphic file (type jpg)
 <use OneBitClock-1.jpg>
Package hyperref Info: Option `pdfnewwindow' set `true' on input line 871.
Package hyperref Info: Option `pdfnewwindow' set `true' on input line 871.

[12 <./OneBitClock-errortrace-1.jpg> <./OneBitClock-errortrace-2.jpg>]
Package hyperref Info: Option `pdfnewwindow' set `true' on input line 883.
Package hyperref Info: Option `pdfnewwindow' set `true' on input line 914.

Overfull \hbox (35.0pt too wide) in paragraph at lines 930--930
[][] []|  
 []

Package hyperref Info: Option `pdfnewwindow' set `true' on input line 950.
Package hyperref Info: Option `pdfnewwindow' set `true' on input line 950.
[13 <./OneBitClock-1.jpg>]
Overfull \hbox (35.0pt too wide) in paragraph at lines 955--955
[][] []|  
 []


Overfull \hbox (3.4285pt too wide) in paragraph at lines 957--963
\OT1/cmr/m/n/10 Save the spec and let's tidy up the model by us-ing $\OT1/cmr/m
/it/10 TypeOK$ \OT1/cmr/m/n/10 rather than []
 []

Package hyperref Info: Option `pdfnewwindow' set `true' on input line 1011.
Package hyperref Info: Option `pdfnewwindow' set `true' on input line 1011.
[14]
Package hyperref Info: Option `pdfnewwindow' set `true' on input line 1068.
Package hyperref Info: Option `pdfnewwindow' set `true' on input line 1084.
Package hyperref Info: Option `pdfnewwindow' set `true' on input line 1091.
Package hyperref Info: Option `pdfnewwindow' set `true' on input line 1091.
 [15]
Package hyperref Info: Option `pdfnewwindow' set `true' on input line 1159.
Package hyperref Info: Option `pdfnewwindow' set `true' on input line 1159.
 [16]
Package hyperref Info: Option `pdfnewwindow' set `true' on input line 1187.
Package hyperref Info: Option `pdfnewwindow' set `true' on input line 1206.
Package hyperref Info: Option `pdfnewwindow' set `true' on input line 1207.
Package hyperref Info: Option `pdfnewwindow' set `true' on input line 1207.
 [17]
Overfull \hbox (5.0pt too wide) in paragraph at lines 1236--1236
[][] []|  
 []

Package hyperref Info: Option `pdfnewwindow' set `true' on input line 1245.
Package hyperref Info: Option `pdfnewwindow' set `true' on input line 1261.

Overfull \hbox (35.0pt too wide) in paragraph at lines 1271--1271
[][] []|  
 []

Package hyperref Info: Option `pdfnewwindow' set `true' on input line 1278.
Package hyperref Info: Option `pdfnewwindow' set `true' on input line 1283.
Package hyperref Info: Option `pdfnewwindow' set `true' on input line 1283.
[18]
Overfull \hbox (35.0pt too wide) in paragraph at lines 1288--1288
[][] []|  
 []

Package hyperref Info: Option `pdfnewwindow' set `true' on input line 1292.
Package hyperref Info: Option `pdfnewwindow' set `true' on input line 1318.
Package hyperref Info: Option `pdfnewwindow' set `true' on input line 1326.
Package hyperref Info: Option `pdfnewwindow' set `true' on input line 1356.
Package hyperref Info: Option `pdfnewwindow' set `true' on input line 1364.

Overfull \hbox (52.49652pt too wide) in paragraph at lines 1369--1369
[]\OT1/cmtt/m/n/10 -------------------------- MODULE PCalOneBitClock ----------
----------------[] 
 []


Overfull \hbox (52.49652pt too wide) in paragraph at lines 1371--1371
[]\OT1/cmtt/m/n/10 (***********************************************************
****************[] 
 []


Overfull \hbox (57.74648pt too wide) in paragraph at lines 1373--1373
[] \OT1/cmtt/m/n/10 ***********************************************************
****************)[] 
 []


Overfull \hbox (57.74648pt too wide) in paragraph at lines 1374--1374
[]\OT1/cmtt/m/n/10 ============================================================
=================[] 
 []

Package hyperref Info: Option `pdfnewwindow' set `true' on input line 1374.
Package hyperref Info: Option `pdfnewwindow' set `true' on input line 1374.
[19]
Overfull \hbox (35.0pt too wide) in paragraph at lines 1388--1388
[][] []|  
 []


Overfull \hbox (5.0pt too wide) in paragraph at lines 1406--1406
[][] []|  
 []

Package hyperref Info: Option `pdfnewwindow' set `true' on input line 1409.
Package hyperref Info: Option `pdfnewwindow' set `true' on input line 1422.
Package hyperref Info: Option `pdfnewwindow' set `true' on input line 1494.
Package hyperref Info: Option `pdfnewwindow' set `true' on input line 1494.
[20]
Package hyperref Info: Option `pdfnewwindow' set `true' on input line 1508.
Package hyperref Info: Option `pdfnewwindow' set `true' on input line 1508.
 [21]
LaTeX Font Info:    External font `cmex10' loaded for size
(Font)              <12> on input line 1518.
LaTeX Font Info:    External font `cmex10' loaded for size
(Font)              <8> on input line 1518.
Package hyperref Info: Option `pdfnewwindow' set `true' on input line 1568.

Overfull \hbox (35.0pt too wide) in paragraph at lines 1575--1575
[][] []|  
 []

Package hyperref Info: Option `pdfnewwindow' set `true' on input line 1576.
Package hyperref Info: Option `pdfnewwindow' set `true' on input line 1576.
[22]
Overfull \hbox (35.0pt too wide) in paragraph at lines 1592--1592
[][] []|  
 []


Overfull \hbox (5.0pt too wide) in paragraph at lines 1628--1628
[][] []|  
 []


Overfull \hbox (5.0pt too wide) in paragraph at lines 1696--1696
[][] []|  
 []

Package hyperref Info: Option `pdfnewwindow' set `true' on input line 1696.
Package hyperref Info: Option `pdfnewwindow' set `true' on input line 1696.
[23]
Overfull \hbox (5.0pt too wide) in paragraph at lines 1738--1738
[][] []|  
 []

Package hyperref Info: Option `pdfnewwindow' set `true' on input line 1775.
Package hyperref Info: Option `pdfnewwindow' set `true' on input line 1800.
Package hyperref Info: Option `pdfnewwindow' set `true' on input line 1800.
[24]
Overfull \hbox (5.0pt too wide) in paragraph at lines 1800--1800
[][] []|  
 []


Overfull \hbox (5.0pt too wide) in paragraph at lines 1826--1826
[][] []|  
 []

Package hyperref Info: Option `pdfnewwindow' set `true' on input line 1838.

Overfull \hbox (5.0pt too wide) in paragraph at lines 1860--1860
[][] []|  
 []

Package hyperref Info: Option `pdfnewwindow' set `true' on input line 1869.
Package hyperref Info: Option `pdfnewwindow' set `true' on input line 1883.
Package hyperref Info: Option `pdfnewwindow' set `true' on input line 1883.
[25]
Package hyperref Info: Option `pdfnewwindow' set `true' on input line 1887.
Package hyperref Info: Option `pdfnewwindow' set `true' on input line 1893.
LaTeX Font Info:    Font shape `OMS/cmr/bx/n' in size <10> not available
(Font)              Font shape `OMS/cmsy/b/n' tried instead on input line 1927.

Package hyperref Info: Option `pdfnewwindow' set `true' on input line 1956.
Package hyperref Info: Option `pdfnewwindow' set `true' on input line 1956.
 [26]
Package hyperref Info: Option `pdfnewwindow' set `true' on input line 2045.
Package hyperref Info: Option `pdfnewwindow' set `true' on input line 2047.
Package hyperref Info: Option `pdfnewwindow' set `true' on input line 2056.
Package hyperref Info: Option `pdfnewwindow' set `true' on input line 2056.
 [27]
Package hyperref Info: Option `pdfnewwindow' set `true' on input line 2056.
Package hyperref Info: Option `pdfnewwindow' set `true' on input line 2056.
 [28]
Package hyperref Info: Option `pdfnewwindow' set `true' on input line 2071.
Package hyperref Info: Option `pdfnewwindow' set `true' on input line 2087.

Overfull \hbox (35.0pt too wide) in paragraph at lines 2108--2108
[][] []|  
 []

Package hyperref Info: Option `pdfnewwindow' set `true' on input line 2132.

Overfull \hbox (35.0pt too wide) in paragraph at lines 2140--2140
[][] []|  
 []

Package hyperref Info: Option `pdfnewwindow' set `true' on input line 2155.
Package hyperref Info: Option `pdfnewwindow' set `true' on input line 2155.
[29]
Overfull \hbox (5.0pt too wide) in paragraph at lines 2163--2163
[][] []|  
 []

Package hyperref Info: Option `pdfnewwindow' set `true' on input line 2167.
Package hyperref Info: Option `pdfnewwindow' set `true' on input line 2169.
Package hyperref Info: Option `pdfnewwindow' set `true' on input line 2205.
Package hyperref Info: Option `pdfnewwindow' set `true' on input line 2240.

Overfull \hbox (5.0pt too wide) in paragraph at lines 2245--2245
[][] []|  
 []


Overfull \hbox (11.24472pt too wide) in paragraph at lines 2255--2257
\OT1/cmr/m/n/10 To de-fine the max-i-mum of a set of num-bers, we need to in-tr
o-duce the TLA$[]$|  \OT1/cmr/m/sc/10 choose
 []

Package hyperref Info: Option `pdfnewwindow' set `true' on input line 2265.
Package hyperref Info: Option `pdfnewwindow' set `true' on input line 2265.
[30]
Package hyperref Info: Option `pdfnewwindow' set `true' on input line 2273.

Overfull \hbox (5.0pt too wide) in paragraph at lines 2287--2287
[][] []|  
 []

Package hyperref Info: Option `pdfnewwindow' set `true' on input line 2301.

Overfull \hbox (5.0pt too wide) in paragraph at lines 2311--2311
[][] []|  
 []

Package hyperref Info: Option `pdfnewwindow' set `true' on input line 2316.
Package hyperref Info: Option `pdfnewwindow' set `true' on input line 2330.
Package hyperref Info: Option `pdfnewwindow' set `true' on input line 2330.
[31]
Package hyperref Info: Option `pdfnewwindow' set `true' on input line 2406.
Package hyperref Info: Option `pdfnewwindow' set `true' on input line 2406.
 [32]
Package hyperref Info: Option `pdfnewwindow' set `true' on input line 2419.
Package hyperref Info: Option `pdfnewwindow' set `true' on input line 2452.
Package hyperref Info: Option `pdfnewwindow' set `true' on input line 2507.
Package hyperref Info: Option `pdfnewwindow' set `true' on input line 2507.
 [33]
Overfull \hbox (5.0pt too wide) in paragraph at lines 2529--2529
[][] []|  
 []


Overfull \hbox (5.0pt too wide) in paragraph at lines 2540--2540
[][] []|  
 []

Package hyperref Info: Option `pdfnewwindow' set `true' on input line 2554.

Overfull \hbox (5.0pt too wide) in paragraph at lines 2571--2571
[][] []|  
 []

Package hyperref Info: Option `pdfnewwindow' set `true' on input line 2572.
Package hyperref Info: Option `pdfnewwindow' set `true' on input line 2575.
Package hyperref Info: Option `pdfnewwindow' set `true' on input line 2586.
Package hyperref Info: Option `pdfnewwindow' set `true' on input line 2586.
[34]
Overfull \hbox (5.0pt too wide) in paragraph at lines 2599--2599
[][] []|  
 []

Package hyperref Info: Option `pdfnewwindow' set `true' on input line 2670.
Package hyperref Info: Option `pdfnewwindow' set `true' on input line 2670.
[35]
Package hyperref Info: Option `pdfnewwindow' set `true' on input line 2680.
Package hyperref Info: Option `pdfnewwindow' set `true' on input line 2707.
Package hyperref Info: Option `pdfnewwindow' set `true' on input line 2711.
Package hyperref Info: Option `pdfnewwindow' set `true' on input line 2746.

Overfull \hbox (89.79527pt too wide) detected at line 2788
$ []$ 
 []

Package hyperref Info: Option `pdfnewwindow' set `true' on input line 2788.
Package hyperref Info: Option `pdfnewwindow' set `true' on input line 2788.
[36]
Overfull \hbox (13.86543pt too wide) in paragraph at lines 2845--2847
[]\OT1/cmr/m/n/10 If the al-go-rithm ter-mi-nates, it does so with $\OT1/cmr/m/
it/10 x$ \OT1/cmr/m/n/10 and $\OT1/cmr/m/it/10 y$ \OT1/cmr/m/n/10 both equal to
 $\OT1/cmr/m/it/10 GCD\OT1/cmr/m/n/10 (\OT1/cmr/m/it/10 M\OML/cmm/m/it/10 ; \OT
1/cmr/m/it/10 N\OT1/cmr/m/n/10 )$. 
 []

Package hyperref Info: Option `pdfnewwindow' set `true' on input line 2849.
Package hyperref Info: Option `pdfnewwindow' set `true' on input line 2849.
[37]
Package hyperref Info: Option `pdfnewwindow' set `true' on input line 2855.
Package hyperref Info: Option `pdfnewwindow' set `true' on input line 2868.

Overfull \hbox (5.0pt too wide) in paragraph at lines 2905--2905
[][] []|  
 []

Package hyperref Info: Option `pdfnewwindow' set `true' on input line 2924.
Package hyperref Info: Option `pdfnewwindow' set `true' on input line 2924.
[38]
Package hyperref Info: Option `pdfnewwindow' set `true' on input line 2959.
Package hyperref Info: Option `pdfnewwindow' set `true' on input line 2969.
Package hyperref Info: Option `pdfnewwindow' set `true' on input line 2995.
Package hyperref Info: Option `pdfnewwindow' set `true' on input line 2995.
 [39]
Overfull \hbox (5.0pt too wide) in paragraph at lines 3014--3014
[][] []|  
 []

Package hyperref Info: Option `pdfnewwindow' set `true' on input line 3030.
Package hyperref Info: Option `pdfnewwindow' set `true' on input line 3064.
Package hyperref Info: Option `pdfnewwindow' set `true' on input line 3064.
[40]
Package hyperref Info: Option `pdfnewwindow' set `true' on input line 3123.
Package hyperref Info: Option `pdfnewwindow' set `true' on input line 3129.
Package hyperref Info: Option `pdfnewwindow' set `true' on input line 3129.
 [41]
Package hyperref Info: Option `pdfnewwindow' set `true' on input line 3203.
Package hyperref Info: Option `pdfnewwindow' set `true' on input line 3203.
 [42]
Package hyperref Info: Option `pdfnewwindow' set `true' on input line 3270.
Package hyperref Info: Option `pdfnewwindow' set `true' on input line 3270.
 [43]
Package hyperref Info: Option `pdfnewwindow' set `true' on input line 3293.
Package hyperref Info: Option `pdfnewwindow' set `true' on input line 3331.
Package hyperref Info: Option `pdfnewwindow' set `true' on input line 3331.
 [44]
Package hyperref Info: Option `pdfnewwindow' set `true' on input line 3394.
Package hyperref Info: Option `pdfnewwindow' set `true' on input line 3394.
 [45]
Overfull \hbox (12.754pt too wide) in paragraph at lines 3406--3409
[]\OT1/cmr/m/n/10 We are still left with the prob-lem of prov-ing the in-vari-a
nce of $\OT1/cmr/m/it/10 PartialCorrectness$\OT1/cmr/m/n/10 .
 []

Package hyperref Info: Option `pdfnewwindow' set `true' on input line 3454.
Package hyperref Info: Option `pdfnewwindow' set `true' on input line 3462.
Package hyperref Info: Option `pdfnewwindow' set `true' on input line 3462.
[46]
Package hyperref Info: Option `pdfnewwindow' set `true' on input line 3517.
Package hyperref Info: Option `pdfnewwindow' set `true' on input line 3517.
 [47]
Package hyperref Info: Option `pdfnewwindow' set `true' on input line 3529.
Package hyperref Info: Option `pdfnewwindow' set `true' on input line 3538.
Package hyperref Info: Option `pdfnewwindow' set `true' on input line 3551.

Overfull \hbox (35.0pt too wide) in paragraph at lines 3557--3557
[][] []|  
 []

Package hyperref Info: Option `pdfnewwindow' set `true' on input line 3566.
Package hyperref Info: Option `pdfnewwindow' set `true' on input line 3578.
Package hyperref Info: Option `pdfnewwindow' set `true' on input line 3578.
[48]
Package hyperref Info: Option `pdfnewwindow' set `true' on input line 3584.
Package hyperref Info: Option `pdfnewwindow' set `true' on input line 3587.
Package hyperref Info: Option `pdfnewwindow' set `true' on input line 3589.
Package hyperref Info: Option `pdfnewwindow' set `true' on input line 3598.
Package hyperref Info: Option `pdfnewwindow' set `true' on input line 3640.
Package hyperref Info: Option `pdfnewwindow' set `true' on input line 3644.
Package hyperref Info: Option `pdfnewwindow' set `true' on input line 3644.
 [49]

LaTeX Warning: Characters dropped after `\end{notla}' on input line 3656.

Package hyperref Info: Option `pdfnewwindow' set `true' on input line 3659.
Package hyperref Info: Option `pdfnewwindow' set `true' on input line 3678.
Package hyperref Info: Option `pdfnewwindow' set `true' on input line 3729.
Package hyperref Info: Option `pdfnewwindow' set `true' on input line 3729.
[50]
Package hyperref Info: Option `pdfnewwindow' set `true' on input line 3772.
Package hyperref Info: Option `pdfnewwindow' set `true' on input line 3800.
Package hyperref Info: Option `pdfnewwindow' set `true' on input line 3800.
 [51]
Package hyperref Info: Option `pdfnewwindow' set `true' on input line 3848.
Package hyperref Info: Option `pdfnewwindow' set `true' on input line 3883.
Package hyperref Info: Option `pdfnewwindow' set `true' on input line 3895.
Package hyperref Info: Option `pdfnewwindow' set `true' on input line 3895.
 [52]
Overfull \hbox (35.0pt too wide) in paragraph at lines 3900--3900
[][] []|  
 []

Package hyperref Info: Option `pdfnewwindow' set `true' on input line 3933.
Package hyperref Info: Option `pdfnewwindow' set `true' on input line 3944.
Package hyperref Info: Option `pdfnewwindow' set `true' on input line 3949.
Package hyperref Info: Option `pdfnewwindow' set `true' on input line 3949.
[53]
Overfull \hbox (5.0pt too wide) in paragraph at lines 3974--3974
[][] []|  
 []

Package hyperref Info: Option `pdfnewwindow' set `true' on input line 3986.

Overfull \hbox (5.0pt too wide) in paragraph at lines 3991--3991
[][] []|  
 []

Package hyperref Info: Option `pdfnewwindow' set `true' on input line 4045.
Package hyperref Info: Option `pdfnewwindow' set `true' on input line 4045.
[54]
Overfull \hbox (5.0pt too wide) in paragraph at lines 4045--4045
[][] []|  
 []

Package hyperref Info: Option `pdfnewwindow' set `true' on input line 4073.

Overfull \hbox (5.0pt too wide) in paragraph at lines 4114--4114
[][] []|  
 []

Package hyperref Info: Option `pdfnewwindow' set `true' on input line 4119.
Package hyperref Info: Option `pdfnewwindow' set `true' on input line 4147.
Package hyperref Info: Option `pdfnewwindow' set `true' on input line 4147.
[55]
Package hyperref Info: Option `pdfnewwindow' set `true' on input line 4152.

Overfull \hbox (14.24712pt too wide) in paragraph at lines 4156--4157
[]\OT1/cmtt/m/n/10 Second assignment to same variable inside a `with' statement
 at
 []

Package hyperref Info: Option `pdfnewwindow' set `true' on input line 4205.
Package hyperref Info: Option `pdfnewwindow' set `true' on input line 4214.
Package hyperref Info: Option `pdfnewwindow' set `true' on input line 4214.
[56]

LaTeX Font Warning: Font shape `OT1/cmss/m/it' in size <9> not available
(Font)              Font shape `OT1/cmss/m/sl' tried instead on input line 4226
.


Overfull \hbox (35.0pt too wide) in paragraph at lines 4250--4250
[][] []|  
 []

Package hyperref Info: Option `pdfnewwindow' set `true' on input line 4259.
Package hyperref Info: Option `pdfnewwindow' set `true' on input line 4272.
Package hyperref Info: Option `pdfnewwindow' set `true' on input line 4283.
Package hyperref Info: Option `pdfnewwindow' set `true' on input line 4283.
[57]
Package hyperref Info: Option `pdfnewwindow' set `true' on input line 4314.
Package hyperref Info: Option `pdfnewwindow' set `true' on input line 4315.
Package hyperref Info: Option `pdfnewwindow' set `true' on input line 4354.
Package hyperref Info: Option `pdfnewwindow' set `true' on input line 4358.
Package hyperref Info: Option `pdfnewwindow' set `true' on input line 4358.
 [58]
Package hyperref Info: Option `pdfnewwindow' set `true' on input line 4386.

Overfull \hbox (14.11638pt too wide) in paragraph at lines 4414--4416
[][] 
 []

Package hyperref Info: Option `pdfnewwindow' set `true' on input line 4430.
Package hyperref Info: Option `pdfnewwindow' set `true' on input line 4430.
[59]
Overfull \hbox (35.0pt too wide) in paragraph at lines 4466--4466
[][] []|  
 []

Package hyperref Info: Option `pdfnewwindow' set `true' on input line 4469.
Package hyperref Info: Option `pdfnewwindow' set `true' on input line 4502.
Package hyperref Info: Option `pdfnewwindow' set `true' on input line 4502.
[60]
Overfull \hbox (35.78197pt too wide) detected at line 4509
$ []$ 
 []

Package hyperref Info: Option `pdfnewwindow' set `true' on input line 4523.

Overfull \hbox (35.0pt too wide) in paragraph at lines 4540--4540
[][] []|  
 []

Package hyperref Info: Option `pdfnewwindow' set `true' on input line 4579.
Package hyperref Info: Option `pdfnewwindow' set `true' on input line 4593.
Package hyperref Info: Option `pdfnewwindow' set `true' on input line 4593.
[61]
Package hyperref Info: Option `pdfnewwindow' set `true' on input line 4596.
Package hyperref Info: Option `pdfnewwindow' set `true' on input line 4628.
Package hyperref Info: Option `pdfnewwindow' set `true' on input line 4652.
Package hyperref Info: Option `pdfnewwindow' set `true' on input line 4660.
Package hyperref Info: Option `pdfnewwindow' set `true' on input line 4660.
 [62]
Package hyperref Info: Option `pdfnewwindow' set `true' on input line 4668.

Overfull \hbox (82.44847pt too wide) detected at line 4677
$ []$ 
 []

Package hyperref Info: Option `pdfnewwindow' set `true' on input line 4699.
Package hyperref Info: Option `pdfnewwindow' set `true' on input line 4722.
Package hyperref Info: Option `pdfnewwindow' set `true' on input line 4722.
[63]
Package hyperref Info: Option `pdfnewwindow' set `true' on input line 4761.
Package hyperref Info: Option `pdfnewwindow' set `true' on input line 4800.
Package hyperref Info: Option `pdfnewwindow' set `true' on input line 4800.
 [64]
Overfull \hbox (1.79684pt too wide) in paragraph at lines 4801--4814
[]\OT1/cmr/m/n/10 What live-ness re-quire-ment do we want for al-ter-na-tion sy
n-chro-niza-tion? There
 []

Package hyperref Info: Option `pdfnewwindow' set `true' on input line 4875.
Package hyperref Info: Option `pdfnewwindow' set `true' on input line 4877.
Package hyperref Info: Option `pdfnewwindow' set `true' on input line 4902.
Package hyperref Info: Option `pdfnewwindow' set `true' on input line 4902.
[65]
Package hyperref Info: Option `pdfnewwindow' set `true' on input line 4903.
Package hyperref Info: Option `pdfnewwindow' set `true' on input line 4911.
Package hyperref Info: Option `pdfnewwindow' set `true' on input line 4948.
Package hyperref Info: Option `pdfnewwindow' set `true' on input line 4948.
 [66]
Overfull \hbox (70.78186pt too wide) detected at line 4954
$ []$ 
 []

Package hyperref Info: Option `pdfnewwindow' set `true' on input line 5021.
Package hyperref Info: Option `pdfnewwindow' set `true' on input line 5021.
[67]
Package hyperref Info: Option `pdfnewwindow' set `true' on input line 5022.
Package hyperref Info: Option `pdfnewwindow' set `true' on input line 5034.
Package hyperref Info: Option `pdfnewwindow' set `true' on input line 5049.

Underfull \hbox (badness 1052) in paragraph at lines 5063--5075
[]\OT1/cmr/m/n/10 To have TLC [][]check that al-go-rithm $\OT1/cmr/m/it/10 Hand
shake$ \OT1/cmr/m/n/10 im-ple-ments al-go-rithm
 []

Package hyperref Info: Option `pdfnewwindow' set `true' on input line 5091.
Package hyperref Info: Option `pdfnewwindow' set `true' on input line 5091.
[68]
Package hyperref Info: Option `pdfnewwindow' set `true' on input line 5105.

Overfull \hbox (35.0pt too wide) in paragraph at lines 5152--5152
[][] []|  
 []

Package hyperref Info: Option `pdfnewwindow' set `true' on input line 5173.
Package hyperref Info: Option `pdfnewwindow' set `true' on input line 5180.
Package hyperref Info: Option `pdfnewwindow' set `true' on input line 5196.
Package hyperref Info: Option `pdfnewwindow' set `true' on input line 5196.
[69]
Package hyperref Info: Option `pdfnewwindow' set `true' on input line 5203.
Package hyperref Info: Option `pdfnewwindow' set `true' on input line 5242.
Package hyperref Info: Option `pdfnewwindow' set `true' on input line 5242.
 [70]
Package hyperref Info: Option `pdfnewwindow' set `true' on input line 5293.
Package hyperref Info: Option `pdfnewwindow' set `true' on input line 5293.
 [71]
Package hyperref Info: Option `pdfnewwindow' set `true' on input line 5316.
Package hyperref Info: Option `pdfnewwindow' set `true' on input line 5362.
Package hyperref Info: Option `pdfnewwindow' set `true' on input line 5362.
 [72]
Package hyperref Info: Option `pdfnewwindow' set `true' on input line 5448.
Package hyperref Info: Option `pdfnewwindow' set `true' on input line 5448.
 [73]
Overfull \hbox (10.81717pt too wide) in paragraph at lines 5485--5493
[]\OT1/cmr/m/n/10 Run the trans-la-tor and run TLC to see if this finer-grained
 al-go-rithm $\OT1/cmr/m/it/10 Handshake$
 []

Package hyperref Info: Option `pdfnewwindow' set `true' on input line 5502.
Package hyperref Info: Option `pdfnewwindow' set `true' on input line 5502.
[74]
Package hyperref Info: Option `pdfnewwindow' set `true' on input line 5505.

Overfull \hbox (5.0pt too wide) in paragraph at lines 5549--5549
[][] []|  
 []

Package hyperref Info: Option `pdfnewwindow' set `true' on input line 5577.
Package hyperref Info: Option `pdfnewwindow' set `true' on input line 5577.
[75]
Package hyperref Info: Option `pdfnewwindow' set `true' on input line 5638.
Package hyperref Info: Option `pdfnewwindow' set `true' on input line 5650.
Package hyperref Info: Option `pdfnewwindow' set `true' on input line 5650.
 [76]
Overfull \hbox (35.0pt too wide) in paragraph at lines 5711--5711
[][] []|  
 []

Package hyperref Info: Option `pdfnewwindow' set `true' on input line 5738.
Package hyperref Info: Option `pdfnewwindow' set `true' on input line 5738.
[77]
Package hyperref Info: Option `pdfnewwindow' set `true' on input line 5771.
Package hyperref Info: Option `pdfnewwindow' set `true' on input line 5811.
Package hyperref Info: Option `pdfnewwindow' set `true' on input line 5811.
 [78]
Underfull \hbox (badness 3590) in paragraph at lines 5813--5821
\OT1/cmr/m/n/10 Condition $2\OT1/cmr/m/it/10 b\OT1/cmr/m/n/10 2$ is ob-vi-ously
 true, since $[[]][][]$ equals $[[]] \OMS/cmsy/m/n/10 _
 []


Underfull \hbox (badness 2635) in paragraph at lines 5813--5821
\OT1/cmr/m/n/10 cause $[][]$ as-serts that all the vari-ables of spec-i-fi-ca-t
ion
 []

Package hyperref Info: Option `pdfnewwindow' set `true' on input line 5847.
Package hyperref Info: Option `pdfnewwindow' set `true' on input line 5853.
Package hyperref Info: Option `pdfnewwindow' set `true' on input line 5866.
Package hyperref Info: Option `pdfnewwindow' set `true' on input line 5877.
Package hyperref Info: Option `pdfnewwindow' set `true' on input line 5877.
[79]
Package hyperref Info: Option `pdfnewwindow' set `true' on input line 5946.
Package hyperref Info: Option `pdfnewwindow' set `true' on input line 5946.
 [80]
Overfull \hbox (35.0pt too wide) in paragraph at lines 5998--5998
[][] []|  
 []


Overfull \hbox (35.0pt too wide) in paragraph at lines 6044--6044
[][] []|  
 []

Package hyperref Info: Option `pdfnewwindow' set `true' on input line 6077.
Package hyperref Info: Option `pdfnewwindow' set `true' on input line 6077.
[81]
Package hyperref Info: Option `pdfnewwindow' set `true' on input line 6080.
Package hyperref Info: Option `pdfnewwindow' set `true' on input line 6082.

Overfull \hbox (35.0pt too wide) in paragraph at lines 6125--6125
[][] []|  
 []

Package hyperref Info: Option `pdfnewwindow' set `true' on input line 6140.
Package hyperref Info: Option `pdfnewwindow' set `true' on input line 6142.
Package hyperref Info: Option `pdfnewwindow' set `true' on input line 6143.

Overfull \hbox (35.0pt too wide) in paragraph at lines 6210--6210
[][] []|  
 []

Package hyperref Info: Option `pdfnewwindow' set `true' on input line 6211.
Package hyperref Info: Option `pdfnewwindow' set `true' on input line 6211.
[82]
Package hyperref Info: Option `pdfnewwindow' set `true' on input line 6224.
Package hyperref Info: Option `pdfnewwindow' set `true' on input line 6237.
Package hyperref Info: Option `pdfnewwindow' set `true' on input line 6247.
Package hyperref Info: Option `pdfnewwindow' set `true' on input line 6271.
Package hyperref Info: Option `pdfnewwindow' set `true' on input line 6286.
Package hyperref Info: Option `pdfnewwindow' set `true' on input line 6286.
 [83]
Package hyperref Info: Option `pdfnewwindow' set `true' on input line 6315.

Overfull \hbox (35.0pt too wide) in paragraph at lines 6380--6380
[][] []|  
 []

Package hyperref Info: Option `pdfnewwindow' set `true' on input line 6384.
Package hyperref Info: Option `pdfnewwindow' set `true' on input line 6397.
Package hyperref Info: Option `pdfnewwindow' set `true' on input line 6397.
[84]
Overfull \hbox (35.0pt too wide) in paragraph at lines 6406--6406
[][] []|  
 []

Package hyperref Info: Option `pdfnewwindow' set `true' on input line 6433.
Package hyperref Info: Option `pdfnewwindow' set `true' on input line 6465.
Package hyperref Info: Option `pdfnewwindow' set `true' on input line 6465.
[85]
Package hyperref Info: Option `pdfnewwindow' set `true' on input line 6468.

Overfull \hbox (35.0pt too wide) in paragraph at lines 6482--6482
[][] []|  
 []

Package hyperref Info: Option `pdfnewwindow' set `true' on input line 6530.
Package hyperref Info: Option `pdfnewwindow' set `true' on input line 6537.
Package hyperref Info: Option `pdfnewwindow' set `true' on input line 6537.
[86]
Overfull \hbox (35.0pt too wide) in paragraph at lines 6543--6543
[][] []|  
 []

Package hyperref Info: Option `pdfnewwindow' set `true' on input line 6582.
Package hyperref Info: Option `pdfnewwindow' set `true' on input line 6594.
Package hyperref Info: Option `pdfnewwindow' set `true' on input line 6609.
Package hyperref Info: Option `pdfnewwindow' set `true' on input line 6621.
Package hyperref Info: Option `pdfnewwindow' set `true' on input line 6621.
[87] (./main.aux) ) 
Here is how much of TeX's memory you used:
 5981 strings out of 493014
 78213 string characters out of 6137001
 200210 words of memory out of 5000000
 8992 multiletter control sequences out of 15000+600000
 18062 words of font info for 66 fonts, out of 8000000 for 9000
 1141 hyphenation exceptions out of 8191
 45i,17n,53p,291b,578s stack positions out of 5000i,500n,10000p,200000b,80000s
<c:/texlive/2016/texmf-dist/fonts/type1/public/amsfonts/cm/c
mbsy10.pfb><c:/texlive/2016/texmf-dist/fonts/type1/public/amsfonts/cm/cmbx10.pf
b><c:/texlive/2016/texmf-dist/fonts/type1/public/amsfonts/cm/cmbx12.pfb><c:/tex
live/2016/texmf-dist/fonts/type1/public/amsfonts/cm/cmbx9.pfb><c:/texlive/2016/
texmf-dist/fonts/type1/public/amsfonts/cm/cmbxti10.pfb><c:/texlive/2016/texmf-d
ist/fonts/type1/public/amsfonts/cm/cmcsc10.pfb><c:/texlive/2016/texmf-dist/font
s/type1/public/amsfonts/cm/cmex10.pfb><c:/texlive/2016/texmf-dist/fonts/type1/p
ublic/amsfonts/cm/cmmi10.pfb><c:/texlive/2016/texmf-dist/fonts/type1/public/ams
fonts/cm/cmmi9.pfb><c:/texlive/2016/texmf-dist/fonts/type1/public/amsfonts/cm/c
mr10.pfb><c:/texlive/2016/texmf-dist/fonts/type1/public/amsfonts/cm/cmr5.pfb><c
:/texlive/2016/texmf-dist/fonts/type1/public/amsfonts/cm/cmr7.pfb><c:/texlive/2
016/texmf-dist/fonts/type1/public/amsfonts/cm/cmr8.pfb><c:/texlive/2016/texmf-d
ist/fonts/type1/public/amsfonts/cm/cmr9.pfb><c:/texlive/2016/texmf-dist/fonts/t
ype1/public/amsfonts/cm/cmss10.pfb><c:/texlive/2016/texmf-dist/fonts/type1/publ
ic/amsfonts/cm/cmss9.pfb><c:/texlive/2016/texmf-dist/fonts/type1/public/amsfont
s/cm/cmssbx10.pfb><c:/texlive/2016/texmf-dist/fonts/type1/public/amsfonts/cm/cm
ssi9.pfb><c:/texlive/2016/texmf-dist/fonts/type1/public/amsfonts/cm/cmsy10.pfb>
<c:/texlive/2016/texmf-dist/fonts/type1/public/amsfonts/cm/cmsy7.pfb><c:/texliv
e/2016/texmf-dist/fonts/type1/public/amsfonts/cm/cmsy9.pfb><c:/texlive/2016/tex
mf-dist/fonts/type1/public/amsfonts/cm/cmti10.pfb><c:/texlive/2016/texmf-dist/f
onts/type1/public/amsfonts/cm/cmti7.pfb><c:/texlive/2016/texmf-dist/fonts/type1
/public/amsfonts/cm/cmti8.pfb><c:/texlive/2016/texmf-dist/fonts/type1/public/am
sfonts/cm/cmti9.pfb><c:/texlive/2016/texmf-dist/fonts/type1/public/amsfonts/cm/
cmtt10.pfb><c:/texlive/2016/texmf-dist/fonts/type1/public/amsfonts/cm/cmtt9.pfb
><c:/texlive/2016/texmf-dist/fonts/type1/public/amsfonts/latxfont/lasy10.pfb><c
:/texlive/2016/texmf-dist/fonts/type1/public/amsfonts/latxfont/lasy9.pfb><c:/te
xlive/2016/texmf-dist/fonts/type1/public/amsfonts/latxfont/line10.pfb><c:/texli
ve/2016/texmf-dist/fonts/type1/public/amsfonts/latxfont/linew10.pfb>
Output written on main.pdf (87 pages, 686096 bytes).
PDF statistics:
 1781 PDF objects out of 2073 (max. 8388607)
 1637 compressed objects within 17 object streams
 428 named destinations out of 1000 (max. 500000)
 33 words of extra memory for PDF output out of 10000 (max. 10000000)

