This is pdfTeX, Version 3.14159265-2.6-1.40.17 (TeX Live 2016/W32TeX) (preloaded format=pdflatex 2016.7.29)  28 AUG 2017 21:47
entering extended mode
 restricted \write18 enabled.
 %&-line parsing enabled.
**\nonstopmode\input{principles.tex}
(./principles.tex (./article.cls
Document Class: article 2007/10/19 v1.4h Standard LaTeX document class
(./leqno.clo
File: leqno.clo 1998/08/17 v1.1c Standard LaTeX option (left equation numbers)
) (./fleqn.clo
File: fleqn.clo 1998/08/17 v1.1c Standard LaTeX option (flush left equations)
\mathindent=\dimen102
) (./size10.clo
File: size10.clo 2007/10/19 v1.4h Standard LaTeX file (size option)
)
\c@part=\count79
\c@section=\count80
\c@subsection=\count81
\c@subsubsection=\count82
\c@paragraph=\count83
\c@subparagraph=\count84
\c@figure=\count85
\c@table=\count86
\abovecaptionskip=\skip41
\belowcaptionskip=\skip42
\bibindent=\dimen103
) (./hypertlabook.sty (./graphics.sty
Package: graphics 2009/02/05 v1.0o Standard LaTeX Graphics (DPC,SPQR)
(./trig.sty
Package: trig 1999/03/16 v1.09 sin cos tan (DPC)
) (./graphics.cfg
File: graphics.cfg 2007/01/18 v1.5 graphics configuration of teTeX/TeXLive
)
Package graphics Info: Driver file: pdftex.def on input line 91.
 (./pdftex.def
File: pdftex.def 2010/02/14 v0.04n Graphics/color for pdfTeX
\Gread@gobject=\count87
)) (./graphpap.sty
\@gridx=\count88
\@gridy=\count89
\c@@grid=\count90
) (./color.sty
Package: color 2005/11/14 v1.0j Standard LaTeX Color (DPC)

(./color.cfg
File: color.cfg 2007/01/18 v1.5 color configuration of teTeX/TeXLive
)
Package color Info: Driver file: pdftex.def on input line 130.
) (./latexsym.sty
Package: latexsym 1998/08/17 v2.2e Standard LaTeX package (lasy symbols)
\symlasy=\mathgroup4
LaTeX Font Info:    Overwriting symbol font `lasy' in version `bold'
(Font)                  U/lasy/m/n --> U/lasy/b/n on input line 47.
) (./ifthen.sty
Package: ifthen 2001/05/26 v1.1c Standard LaTeX ifthen package (DPC)
) (./makeidx.sty) (./hyperref.sty
Package: hyperref 2009/04/04 v6.78q Hypertext links for LaTeX

(./keyval.sty
Package: keyval 1999/03/16 v1.13 key=value parser (DPC)
\KV@toks@=\toks14
) (./ifpdf.sty
Package: ifpdf 2010/01/28 v2.1 Provides the ifpdf switch (HO)
Package ifpdf Info: pdfTeX in pdf mode detected.
) (./ifvtex.sty
Package: ifvtex 2010/03/01 v1.5 Switches for detecting VTeX and its modes (HO)
Package ifvtex Info: VTeX not detected.
) (./ifxetex.sty
Package: ifxetex 2009/01/23 v0.5 Provides ifxetex conditional
) (./hycolor.sty
Package: hycolor 2009/12/12 v1.6 Color options of hyperref/bookmark (HO)

(./xcolor-patch.sty
Package: xcolor-patch 2009/12/12 xcolor patch
))
\@linkdim=\dimen104
\Hy@linkcounter=\count91
\Hy@pagecounter=\count92
 (./pd1enc.def
File: pd1enc.def 2009/04/04 v6.78q Hyperref: PDFDocEncoding definition (HO)
) (./etexcmds.sty
Package: etexcmds 2010/01/28 v1.3 Prefix for e-TeX command names (HO)
 (./infwarerr.sty
Package: infwarerr 2010/04/08 v1.3 Providing info/warning/message (HO)
)
Package etexcmds Info: Could not find \expanded.
(etexcmds)             That can mean that you are not using pdfTeX 1.50 or
(etexcmds)             that some package has redefined \expanded.
(etexcmds)             In the latter case, load this package earlier.
)
(./hyperref.cfg
Package hyperref Info: Option `colorlinks' set `true' on input line 4.
Package hyperref Info: Option `bookmarks' set `false' on input line 8.
Package hyperref Info: Option `pdfdisplaydoctitle' set `true' on input line 11.

Package hyperref Info: Option `pdffitwindow' set `true' on input line 12.
) (./kvoptions.sty
Package: kvoptions 2010/02/22 v3.7 Keyval support for LaTeX options (HO)
 (./kvsetkeys.sty
Package: kvsetkeys 2010/03/01 v1.9 Key value parser (HO)
))
Package hyperref Info: Hyper figures OFF on input line 2956.
Package hyperref Info: Link nesting OFF on input line 2961.
Package hyperref Info: Hyper index ON on input line 2964.
Package hyperref Info: Plain pages OFF on input line 2971.
Package hyperref Info: Backreferencing OFF on input line 2976.

Implicit mode ON; LaTeX internals redefined
Package hyperref Info: Bookmarks OFF on input line 3172.
(./url.sty)
LaTeX Info: Redefining \url on input line 3403.
 (./bitset.sty
Package: bitset 2007/09/28 v1.0 Data type bit set (HO)
 (./intcalc.sty
Package: intcalc 2007/09/27 v1.1 Expandable integer calculations (HO)
) (./bigintcalc.sty
Package: bigintcalc 2007/11/11 v1.1 Expandable big integer calculations (HO)
 (./pdftexcmds.sty
Package: pdftexcmds 2010/04/01 v0.9 Utility functions of pdfTeX for LuaTeX (HO)


(./ifluatex.sty
Package: ifluatex 2010/03/01 v1.3 Provides the ifluatex switch (HO)
Package ifluatex Info: LuaTeX not detected.
) (./ltxcmds.sty
Package: ltxcmds 2010/04/08 v1.5 LaTeX kernel commands for general use (HO)
)
Package pdftexcmds Info: LuaTeX not detected.
Package pdftexcmds Info: \pdf@primitive is available.
Package pdftexcmds Info: \pdf@ifprimitive is available.
)))
\Fld@menulength=\count93
\Field@Width=\dimen105
\Fld@charsize=\dimen106
\Field@toks=\toks15
Package hyperref Info: Hyper figures OFF on input line 4320.
Package hyperref Info: Link nesting OFF on input line 4325.
Package hyperref Info: Hyper index ON on input line 4328.
Package hyperref Info: backreferencing OFF on input line 4335.
Package hyperref Info: Link coloring ON on input line 4338.
Package hyperref Info: Link coloring with OCG OFF on input line 4345.
Package hyperref Info: PDF/A mode OFF on input line 4350.
 (./atbegshi.sty
Package: atbegshi 2010/03/25 v1.12 At begin shipout hook (HO)
)
\Hy@abspage=\count94
\c@Item=\count95
\c@Hfootnote=\count96
)
*hyperref using default driver hpdftex*
(./hpdftex.def
File: hpdftex.def 2009/04/04 v6.78q Hyperref driver for pdfTeX
\Fld@listcount=\count97
) (./tlatex.sty
\symlength=\skip43
\equalswidth=\skip44
\charwidth=\skip45
\boxrulewd=\skip46
\boxlineht=\skip47
\boxruleht=\skip48
\boxruledp=\skip49
\pcalvspace=\skip50
\lcomindent=\skip51
\@xlen=\skip52
\templena=\skip53
\templenb=\skip54
\tempboxa=\box26
\vshadelen=\skip55
\boxwidth=\skip56
\multicommentdepth=\skip57
\c@pardepth=\count98
\tempsbox=\box27
\@cparht=\skip58
\@cpardp=\skip59
\xmcomlen=\skip60
\spacewidth=\skip61
\alignboxwidth=\skip62
\alignwidth=\skip63
\alignbox=\box28
\symtlaitalics=\mathgroup5
\c@tlx@ctr=\count99
 (./verbatim.sty
Package: verbatim 2003/08/22 v1.5q LaTeX2e package for verbatim enhancements
\every@verbatim=\toks16
\verbatim@line=\toks17
\verbatim@in@stream=\read1
)) (./tla2texplus-book.sty
(./abbrev.sty
\c@abr@ctr=\count100
\c@abr@level=\count101
LaTeX Font Info:    Redeclaring symbol font `tlaitalics' on input line 358.
LaTeX Font Info:    Overwriting symbol font `tlaitalics' in version `normal'
(Font)                  OT1/cmr/m/it --> OT1/cmr/m/it on input line 358.
LaTeX Font Info:    Overwriting symbol font `tlaitalics' in version `bold'
(Font)                  OT1/cmr/m/it --> OT1/cmr/m/it on input line 358.
\abr@csctr=\count102
)
Loading pf style
(./pf2-book.sty
\pfindent=\skip64
\c@@vectorctr=\count103
\@veclen=\skip65
\pfbox=\box29
\c@pfhidelevel=\count104
\pfshortNumberLevel=\count105
\c@pf@sidenumberdepth=\count106
\pf@sidenumberoutdent=\skip66
\pfLevelCount=\count107
\pfStepCount=\count108
\pf@outdent=\skip67
\@temppflen=\skip68
\@proveindent=\skip69
\c@pf@conjCounter=\count109
\c@pfenum=\count110
\c@pfenumdepth=\count111
\pfenumindent=\skip70
\c@pfenumi=\count112
\c@pfenumii=\count113
\c@pfenumiii=\count114
)
\@charwidth=\skip71
\boxindent=\skip72
)
\pagewidth=\skip73
\pageheight=\skip74
\normaltextwidth=\skip75
\marginwidth=\skip76
\@colwidth=\skip77
\@coltwowidth=\skip78
\@colboxone=\box30
\@colboxtwo=\box31
\@widemath=\skip79
\c@question=\count115
Package color Info: Redefining color black on input line 667.
Package color Info: Redefining color blue on input line 669.
Package color Info: Redefining color red on input line 678.
Package color Info: Redefining color green on input line 680.
Package color Info: Redefining color white on input line 696.
\GPT@outputbox=\box32
\marginalbox=\box33
\c@spgnum1=\count116
\c@spgnum2=\count117
\c@spgnum3=\count118
\dbarbox=\box34
\booklen=\skip80
\vcmathbox=\box35
\vcmathlena=\skip81
\vcmathlenb=\skip82
\atomizelen=\skip83
\@oddlen=\skip84
\@mpwidth=\skip85
\popupbox=\box36
 (./hypermode.tex
\@back=\box37
\@fwd=\box38
\@buttonwidth=\skip86
 (./xref.tex)) (./versions.tex
\c@maxversion=\count119
\c@minversion=\count120
\c@colorcounter=\count121
)
\@gtempa=\dimen107
\@gtempa=\dimen108
\@gtempa=\dimen109
\@gtempa=\dimen110
\@gtempa=\dimen111
\@gtempa=\dimen112
\@gtempa=\dimen113
\@gtempa=\dimen114
\@gtempa=\dimen115
\@gtempa=\dimen116
\@gtempa=\dimen117
\@gtempa=\dimen118
\@gtempa=\dimen119
\@gtempa=\dimen120
\@gtempa=\dimen121
\@gtempa=\dimen122
\@gtempa=\dimen123
\@gtempa=\dimen124
\@gtempa=\dimen125
\@gtempa=\dimen126
\@gtempa=\dimen127
\@gtempa=\dimen128
\@gtempa=\dimen129
\@gtempa=\dimen130
\@gtempa=\dimen131
\@gtempa=\dimen132
\pictlen=\skip87
\pictbox=\box39
)
\@indexfile=\write3
\openout3 = `principles.idx'.


Writing index file principles.idx
(./principles.aux)
\openout1 = `principles.aux'.

LaTeX Font Info:    Checking defaults for OML/cmm/m/it on input line 49.
LaTeX Font Info:    ... okay on input line 49.
LaTeX Font Info:    Checking defaults for T1/cmr/m/n on input line 49.
LaTeX Font Info:    ... okay on input line 49.
LaTeX Font Info:    Checking defaults for OT1/cmr/m/n on input line 49.
LaTeX Font Info:    ... okay on input line 49.
LaTeX Font Info:    Checking defaults for OMS/cmsy/m/n on input line 49.
LaTeX Font Info:    ... okay on input line 49.
LaTeX Font Info:    Checking defaults for OMX/cmex/m/n on input line 49.
LaTeX Font Info:    ... okay on input line 49.
LaTeX Font Info:    Checking defaults for U/cmr/m/n on input line 49.
LaTeX Font Info:    ... okay on input line 49.
LaTeX Font Info:    Checking defaults for PD1/pdf/m/n on input line 49.
LaTeX Font Info:    ... okay on input line 49.

(c:/texlive/2016/texmf-dist/tex/context/base/mkii/supp-pdf.mkii
[Loading MPS to PDF converter (version 2006.09.02).]
\scratchcounter=\count122
\scratchdimen=\dimen133
\scratchbox=\box40
\nofMPsegments=\count123
\nofMParguments=\count124
\everyMPshowfont=\toks18
\MPscratchCnt=\count125
\MPscratchDim=\dimen134
\MPnumerator=\count126
\makeMPintoPDFobject=\count127
\everyMPtoPDFconversion=\toks19
)
Package hyperref Info: Link coloring ON on input line 49.
 (./nameref.sty
Package: nameref 2007/05/29 v2.31 Cross-referencing by name of section
 (./refcount.sty
Package: refcount 2008/08/11 v3.1 Data extraction from references (HO)
)
\c@section@level=\count128
)
LaTeX Info: Redefining \ref on input line 49.
LaTeX Info: Redefining \pageref on input line 49.
\AtBeginShipoutBox=\box41
 (./principles.toc
LaTeX Font Info:    External font `cmex10' loaded for size
(Font)              <7> on input line 4.
LaTeX Font Info:    External font `cmex10' loaded for size
(Font)              <5> on input line 4.
LaTeX Font Info:    Try loading font information for U+lasy on input line 4.
 (./ulasy.fd
File: ulasy.fd 1998/08/17 v2.2e LaTeX symbol font definitions
))
\tf@toc=\write4
\openout4 = `principles.toc'.

Package hyperref Info: Option `pdfnewwindow' set `true' on input line 58.
Package hyperref Info: Option `pdfnewwindow' set `true' on input line 58.
 [1

{c:/texlive/2016/texmf-var/fonts/map/pdftex/updmap/pdftex.map}]
Package hyperref Info: Option `pdfnewwindow' set `true' on input line 92.


LaTeX Font Warning: Font shape `OT1/cmss/m/it' in size <9> not available
(Font)              Font shape `OT1/cmss/m/sl' tried instead on input line 106.


Package hyperref Info: Option `pdfnewwindow' set `true' on input line 183.
Package hyperref Info: Option `pdfnewwindow' set `true' on input line 183.
[2]
Package hyperref Info: Option `pdfnewwindow' set `true' on input line 209.


LaTeX Font Warning: Font shape `OT1/cmss/m/sc' in size <9> not available
(Font)              Font shape `OT1/cmr/m/sc' tried instead on input line 209.

Package hyperref Info: Option `pdfnewwindow' set `true' on input line 211.
LaTeX Font Info:    External font `cmex10' loaded for size
(Font)              <9> on input line 211.
LaTeX Font Info:    External font `cmex10' loaded for size
(Font)              <6> on input line 211.
Package hyperref Info: Option `pdfnewwindow' set `true' on input line 215.
Package hyperref Info: Option `pdfnewwindow' set `true' on input line 251.
Package hyperref Info: Option `pdfnewwindow' set `true' on input line 251.
[3]
LaTeX Font Info:    Try loading font information for OMS+cmr on input line 297.

 (./omscmr.fd
File: omscmr.fd 1999/05/25 v2.5h Standard LaTeX font definitions
)
LaTeX Font Info:    Font shape `OMS/cmr/m/n' in size <10> not available
(Font)              Font shape `OMS/cmsy/m/n' tried instead on input line 297.
Package hyperref Info: Option `pdfnewwindow' set `true' on input line 334.
Package hyperref Info: Option `pdfnewwindow' set `true' on input line 334.
 [4]
Package hyperref Info: Option `pdfnewwindow' set `true' on input line 372.
Package hyperref Info: Option `pdfnewwindow' set `true' on input line 381.
Package hyperref Info: Option `pdfnewwindow' set `true' on input line 389.
Package hyperref Info: Option `pdfnewwindow' set `true' on input line 389.
 [5]
Package hyperref Info: Option `pdfnewwindow' set `true' on input line 446.
Package hyperref Info: Option `pdfnewwindow' set `true' on input line 446.
 [6]
Package hyperref Info: Option `pdfnewwindow' set `true' on input line 491.
Package hyperref Info: Option `pdfnewwindow' set `true' on input line 515.
Package hyperref Info: Option `pdfnewwindow' set `true' on input line 515.
 [7]
Package hyperref Info: Option `pdfnewwindow' set `true' on input line 547.
Package hyperref Info: Option `pdfnewwindow' set `true' on input line 551.
Package hyperref Info: Option `pdfnewwindow' set `true' on input line 560.
Package hyperref Info: Option `pdfnewwindow' set `true' on input line 565.
Package hyperref Info: Option `pdfnewwindow' set `true' on input line 584.
Package hyperref Info: Option `pdfnewwindow' set `true' on input line 587.
Package hyperref Info: Option `pdfnewwindow' set `true' on input line 587.
 [8]
Package hyperref Info: Option `pdfnewwindow' set `true' on input line 648.
Package hyperref Info: Option `pdfnewwindow' set `true' on input line 650.
Package hyperref Info: Option `pdfnewwindow' set `true' on input line 654.
Package hyperref Info: Option `pdfnewwindow' set `true' on input line 654.
 [9]
Package hyperref Info: Option `pdfnewwindow' set `true' on input line 696.
Package hyperref Info: Option `pdfnewwindow' set `true' on input line 728.
Package hyperref Info: Option `pdfnewwindow' set `true' on input line 748.
Package hyperref Info: Option `pdfnewwindow' set `true' on input line 759.
Package hyperref Info: Option `pdfnewwindow' set `true' on input line 759.
 [10]
Package hyperref Info: Option `pdfnewwindow' set `true' on input line 822.
Package hyperref Info: Option `pdfnewwindow' set `true' on input line 822.
 [11]
Overfull \hbox (8.99716pt too wide) in paragraph at lines 823--826
[]\OT1/cmtt/m/n/10 In evaluation, the identifier pc is either [][]undefined or 
not an
 []

Package hyperref Info: Option `pdfnewwindow' set `true' on input line 828.

Overfull \hbox (8.99716pt too wide) in paragraph at lines 842--845
[]\OT1/cmtt/m/n/10 Too many [][]possible next states for the last state in the 
trace. 
 []

Package hyperref Info: Option `pdfnewwindow' set `true' on input line 891.
Package hyperref Info: Option `pdfnewwindow' set `true' on input line 891.
[12]
Package hyperref Info: Option `pdfnewwindow' set `true' on input line 937.
Package hyperref Info: Option `pdfnewwindow' set `true' on input line 958.
Package hyperref Info: Option `pdfnewwindow' set `true' on input line 958.
 [13]
Package hyperref Info: Option `pdfnewwindow' set `true' on input line 972.
Package hyperref Info: Option `pdfnewwindow' set `true' on input line 1021.
Package hyperref Info: Option `pdfnewwindow' set `true' on input line 1041.
Package hyperref Info: Option `pdfnewwindow' set `true' on input line 1041.
 [14]
Package hyperref Info: Option `pdfnewwindow' set `true' on input line 1041.
Package hyperref Info: Option `pdfnewwindow' set `true' on input line 1069.
Package hyperref Info: Option `pdfnewwindow' set `true' on input line 1096.
Package hyperref Info: Option `pdfnewwindow' set `true' on input line 1100.
Package hyperref Info: Option `pdfnewwindow' set `true' on input line 1100.
 [15]
Package hyperref Info: Option `pdfnewwindow' set `true' on input line 1179.
Package hyperref Info: Option `pdfnewwindow' set `true' on input line 1179.
 [16]
Overfull \hbox (1.40724pt too wide) in paragraph at lines 1222--1227
\OT1/cmr/m/n/10 and use TLC to check that the al-go-rithm of $\OT1/cmr/m/it/10 
M\OT1/cmr/m/n/10 1$ sat-is-fies the prop-erty $\OT1/cmr/m/it/10 Other \OT1/cmr/
m/n/10 ! \OT1/cmr/m/it/10 Spec$\OT1/cmr/m/n/10 .
 []

Package hyperref Info: Option `pdfnewwindow' set `true' on input line 1245.
Package hyperref Info: Option `pdfnewwindow' set `true' on input line 1245.
[17]
Package hyperref Info: Option `pdfnewwindow' set `true' on input line 1270.
Package hyperref Info: Option `pdfnewwindow' set `true' on input line 1299.
Package hyperref Info: Option `pdfnewwindow' set `true' on input line 1299.
 [18]
Package hyperref Info: Option `pdfnewwindow' set `true' on input line 1313.

Overfull \hbox (24.96594pt too wide) detected at line 1407
$ []$ 
 []

Package hyperref Info: Option `pdfnewwindow' set `true' on input line 1418.
Package hyperref Info: Option `pdfnewwindow' set `true' on input line 1418.
[19]
Package hyperref Info: Option `pdfnewwindow' set `true' on input line 1449.
Package hyperref Info: Option `pdfnewwindow' set `true' on input line 1450.
Package hyperref Info: Option `pdfnewwindow' set `true' on input line 1458.
Package hyperref Info: Option `pdfnewwindow' set `true' on input line 1485.
Package hyperref Info: Option `pdfnewwindow' set `true' on input line 1492.
Package hyperref Info: Option `pdfnewwindow' set `true' on input line 1492.
 [20]
Package hyperref Info: Option `pdfnewwindow' set `true' on input line 1526.
Package hyperref Info: Option `pdfnewwindow' set `true' on input line 1567.
Package hyperref Info: Option `pdfnewwindow' set `true' on input line 1572.
Package hyperref Info: Option `pdfnewwindow' set `true' on input line 1574.
Package hyperref Info: Option `pdfnewwindow' set `true' on input line 1574.
 [21]
Package hyperref Info: Option `pdfnewwindow' set `true' on input line 1619.
Package hyperref Info: Option `pdfnewwindow' set `true' on input line 1624.
Package hyperref Info: Option `pdfnewwindow' set `true' on input line 1633.
Package hyperref Info: Option `pdfnewwindow' set `true' on input line 1633.
 [22]
Package hyperref Info: Option `pdfnewwindow' set `true' on input line 1705.
Package hyperref Info: Option `pdfnewwindow' set `true' on input line 1717.
Package hyperref Info: Option `pdfnewwindow' set `true' on input line 1720.
Package hyperref Info: Option `pdfnewwindow' set `true' on input line 1720.
 [23]
Package hyperref Info: Option `pdfnewwindow' set `true' on input line 1785.
Package hyperref Info: Option `pdfnewwindow' set `true' on input line 1809.
Package hyperref Info: Option `pdfnewwindow' set `true' on input line 1809.
 [24]
Package hyperref Info: Option `pdfnewwindow' set `true' on input line 1853.
Package hyperref Info: Option `pdfnewwindow' set `true' on input line 1853.
 [25]
Package hyperref Info: Option `pdfnewwindow' set `true' on input line 1912.

Overfull \hbox (4.36594pt too wide) in paragraph at lines 1927--1934
[]\OT1/cmr/m/n/10 The $\OT1/cmr/m/it/10 wait$ \OT1/cmr/m/n/10 state-ment's \OT1
/cmr/bx/n/10 while \OT1/cmr/m/n/10 loop chooses an ar-bi-trary pro-cess $\OT1/c
mr/m/it/10 i$ \OT1/cmr/m/n/10 in $\OT1/cmr/m/it/10 unchecked$
 []

Package hyperref Info: Option `pdfnewwindow' set `true' on input line 1934.
Package hyperref Info: Option `pdfnewwindow' set `true' on input line 1934.
[26]
Package hyperref Info: Option `pdfnewwindow' set `true' on input line 1964.
Package hyperref Info: Option `pdfnewwindow' set `true' on input line 1999.
Package hyperref Info: Option `pdfnewwindow' set `true' on input line 1999.
 [27]
Package hyperref Info: Option `pdfnewwindow' set `true' on input line 2087.
Package hyperref Info: Option `pdfnewwindow' set `true' on input line 2114.
Package hyperref Info: Option `pdfnewwindow' set `true' on input line 2114.
 [28]
Package hyperref Info: Option `pdfnewwindow' set `true' on input line 2126.

Overfull \hbox (13.38364pt too wide) in paragraph at lines 2132--2134
\OT1/cmr/m/n/10 Add those def-i-ni-tions to the mod-ule and have TLC check the 
prop-erty $\OT1/cmr/m/it/10 DeadlockFree$\OT1/cmr/m/n/10 .
 []

Package hyperref Info: Option `pdfnewwindow' set `true' on input line 2176.
Package hyperref Info: Option `pdfnewwindow' set `true' on input line 2176.
[29]
Package hyperref Info: Option `pdfnewwindow' set `true' on input line 2215.
Package hyperref Info: Option `pdfnewwindow' set `true' on input line 2246.
Package hyperref Info: Option `pdfnewwindow' set `true' on input line 2246.
 [30]
Package hyperref Info: Option `pdfnewwindow' set `true' on input line 2261.
Package hyperref Info: Option `pdfnewwindow' set `true' on input line 2263.
Package hyperref Info: Option `pdfnewwindow' set `true' on input line 2275.
Package hyperref Info: Option `pdfnewwindow' set `true' on input line 2296.
Package hyperref Info: Option `pdfnewwindow' set `true' on input line 2317.
Package hyperref Info: Option `pdfnewwindow' set `true' on input line 2317.
 [31]
Package hyperref Info: Option `pdfnewwindow' set `true' on input line 2373.
Package hyperref Info: Option `pdfnewwindow' set `true' on input line 2379.
Package hyperref Info: Option `pdfnewwindow' set `true' on input line 2379.
 [32]
LaTeX Font Info:    Font shape `OMS/cmr/bx/n' in size <10> not available
(Font)              Font shape `OMS/cmsy/b/n' tried instead on input line 2441.

Package hyperref Info: Option `pdfnewwindow' set `true' on input line 2470.
Package hyperref Info: Option `pdfnewwindow' set `true' on input line 2470.
 [33]
Package hyperref Info: Option `pdfnewwindow' set `true' on input line 2501.
Package hyperref Info: Option `pdfnewwindow' set `true' on input line 2513.
Package hyperref Info: Option `pdfnewwindow' set `true' on input line 2533.
Package hyperref Info: Option `pdfnewwindow' set `true' on input line 2533.
 [34]
Package hyperref Info: Option `pdfnewwindow' set `true' on input line 2558.
Package hyperref Info: Option `pdfnewwindow' set `true' on input line 2559.
Package hyperref Info: Option `pdfnewwindow' set `true' on input line 2577.
Package hyperref Info: Option `pdfnewwindow' set `true' on input line 2597.
Package hyperref Info: Option `pdfnewwindow' set `true' on input line 2597.
 [35]
Package hyperref Info: Option `pdfnewwindow' set `true' on input line 2598.
Package hyperref Info: Option `pdfnewwindow' set `true' on input line 2606.
Package hyperref Info: Option `pdfnewwindow' set `true' on input line 2657.
Package hyperref Info: Option `pdfnewwindow' set `true' on input line 2657.
 [36]
Package hyperref Info: Option `pdfnewwindow' set `true' on input line 2672.
Package hyperref Info: Option `pdfnewwindow' set `true' on input line 2673.
Package hyperref Info: Option `pdfnewwindow' set `true' on input line 2675.
Package hyperref Info: Option `pdfnewwindow' set `true' on input line 2683.
Package hyperref Info: Option `pdfnewwindow' set `true' on input line 2750.
Package hyperref Info: Option `pdfnewwindow' set `true' on input line 2750.
 [37]
Package hyperref Info: Option `pdfnewwindow' set `true' on input line 2789.
Package hyperref Info: Option `pdfnewwindow' set `true' on input line 2789.
 [38]
Package hyperref Info: Option `pdfnewwindow' set `true' on input line 2820.
Package hyperref Info: Option `pdfnewwindow' set `true' on input line 2820.
 [39]
Package hyperref Info: Option `pdfnewwindow' set `true' on input line 2891.
Package hyperref Info: Option `pdfnewwindow' set `true' on input line 2901.
Package hyperref Info: Option `pdfnewwindow' set `true' on input line 2903.
Package hyperref Info: Option `pdfnewwindow' set `true' on input line 2917.
Package hyperref Info: Option `pdfnewwindow' set `true' on input line 2922.
Package hyperref Info: Option `pdfnewwindow' set `true' on input line 2922.
 [40]
Package hyperref Info: Option `pdfnewwindow' set `true' on input line 2973.
Package hyperref Info: Option `pdfnewwindow' set `true' on input line 2979.
Package hyperref Info: Option `pdfnewwindow' set `true' on input line 2985.

Overfull \hbox (5.0pt too wide) in paragraph at lines 3003--3003
[][] []|  
 []

Package hyperref Info: Option `pdfnewwindow' set `true' on input line 3003.
Package hyperref Info: Option `pdfnewwindow' set `true' on input line 3003.
[41]
Package hyperref Info: Option `pdfnewwindow' set `true' on input line 3012.
Package hyperref Info: Option `pdfnewwindow' set `true' on input line 3082.
Package hyperref Info: Option `pdfnewwindow' set `true' on input line 3082.
 [42]
Overfull \hbox (5.0pt too wide) in paragraph at lines 3082--3082
[][] []|  
 []

Package hyperref Info: Option `pdfnewwindow' set `true' on input line 3108.
Package hyperref Info: Option `pdfnewwindow' set `true' on input line 3136.

Overfull \hbox (3.16512pt too wide) in paragraph at lines 3136--3139
\OT1/cmr/m/n/10 Add [][][]the \OT1/cmr/m/sc/10 ascii \OT1/cmr/m/n/10 ver-sion[]
[][] of the def-i-ni-tions of $\OMS/cmsy/m/n/10 ^^C^^C$ \OT1/cmr/m/n/10 and $\O
T1/cmr/m/it/10 Inv$ \OT1/cmr/m/n/10 to mod-ule $\OT1/cmr/m/it/10 BoundedChannel
$
 []

Package hyperref Info: Option `pdfnewwindow' set `true' on input line 3145.
Package hyperref Info: Option `pdfnewwindow' set `true' on input line 3151.
Package hyperref Info: Option `pdfnewwindow' set `true' on input line 3151.
[43]
Package hyperref Info: Option `pdfnewwindow' set `true' on input line 3163.
Package hyperref Info: Option `pdfnewwindow' set `true' on input line 3175.
Package hyperref Info: Option `pdfnewwindow' set `true' on input line 3208.
Package hyperref Info: Option `pdfnewwindow' set `true' on input line 3208.
 [44]
Package hyperref Info: Option `pdfnewwindow' set `true' on input line 3354.
Package hyperref Info: Option `pdfnewwindow' set `true' on input line 3383.
Package hyperref Info: Option `pdfnewwindow' set `true' on input line 3383.
 [45]
Package hyperref Info: Option `pdfnewwindow' set `true' on input line 3410.
Package hyperref Info: Option `pdfnewwindow' set `true' on input line 3439.
Package hyperref Info: Option `pdfnewwindow' set `true' on input line 3454.
Package hyperref Info: Option `pdfnewwindow' set `true' on input line 3454.
 [46]
Package hyperref Info: Option `pdfnewwindow' set `true' on input line 3469.

Overfull \hbox (5.0pt too wide) in paragraph at lines 3499--3499
[][] []|  
 []


Overfull \hbox (5.0pt too wide) in paragraph at lines 3515--3515
[][] []|  
 []

Package hyperref Info: Option `pdfnewwindow' set `true' on input line 3521.
Package hyperref Info: Option `pdfnewwindow' set `true' on input line 3531.
Package hyperref Info: Option `pdfnewwindow' set `true' on input line 3539.
Package hyperref Info: Option `pdfnewwindow' set `true' on input line 3545.
Package hyperref Info: Option `pdfnewwindow' set `true' on input line 3545.
[47]
Package hyperref Info: Option `pdfnewwindow' set `true' on input line 3547.

Overfull \hbox (5.0pt too wide) in paragraph at lines 3578--3578
[][] []|  
 []

Package hyperref Info: Option `pdfnewwindow' set `true' on input line 3595.
Package hyperref Info: Option `pdfnewwindow' set `true' on input line 3597.

Underfull \hbox (badness 5771) in paragraph at lines 3592--3599
\OT1/cmr/m/n/10 We now show that the $\OT1/cmr/m/it/10 BoundedBuer$ \OT1/cmr/m
/n/10 spec-i-fi-ca-tion im-ple-ments the
 []

Package hyperref Info: Option `pdfnewwindow' set `true' on input line 3621.
Package hyperref Info: Option `pdfnewwindow' set `true' on input line 3638.
Package hyperref Info: Option `pdfnewwindow' set `true' on input line 3643.
Package hyperref Info: Option `pdfnewwindow' set `true' on input line 3643.
[48]
Package hyperref Info: Option `pdfnewwindow' set `true' on input line 3651.

Overfull \hbox (5.0pt too wide) in paragraph at lines 3675--3675
[][] []|  
 []

Package hyperref Info: Option `pdfnewwindow' set `true' on input line 3679.
Package hyperref Info: Option `pdfnewwindow' set `true' on input line 3694.
Package hyperref Info: Option `pdfnewwindow' set `true' on input line 3712.
Package hyperref Info: Option `pdfnewwindow' set `true' on input line 3712.
[49]
Package hyperref Info: Option `pdfnewwindow' set `true' on input line 3738.

Overfull \hbox (5.0pt too wide) in paragraph at lines 3769--3769
[][] []|  
 []

Package hyperref Info: Option `pdfnewwindow' set `true' on input line 3796.
Package hyperref Info: Option `pdfnewwindow' set `true' on input line 3796.
[50]
Package hyperref Info: Option `pdfnewwindow' set `true' on input line 3829.
Package hyperref Info: Option `pdfnewwindow' set `true' on input line 3876.
Package hyperref Info: Option `pdfnewwindow' set `true' on input line 3876.
 [51]
Package hyperref Info: Option `pdfnewwindow' set `true' on input line 3884.
Package hyperref Info: Option `pdfnewwindow' set `true' on input line 3900.
Package hyperref Info: Option `pdfnewwindow' set `true' on input line 3926.
Package hyperref Info: Option `pdfnewwindow' set `true' on input line 3926.
 [52]
Package hyperref Info: Option `pdfnewwindow' set `true' on input line 3928.
Package hyperref Info: Option `pdfnewwindow' set `true' on input line 3929.

Overfull \hbox (17.37738pt too wide) in paragraph at lines 3969--3971
\OT1/cmr/m/n/10 Thus, if $\OT1/cmr/m/it/10 I$ \OT1/cmr/m/n/10 im-plies $\OT1/cm
r/m/it/10 C \OT1/cmr/m/n/10 ! \OT1/cmr/m/it/10 TypeOK$\OT1/cmr/m/n/10 , then (a
f-ter ex-pand-ing the def-i-ni-tion of $\OT1/cmr/m/it/10 C \OT1/cmr/m/n/10 ! \O
T1/cmr/m/it/10 RcvEnabled$\OT1/cmr/m/n/10 )
 []

Package hyperref Info: Option `pdfnewwindow' set `true' on input line 3977.
Package hyperref Info: Option `pdfnewwindow' set `true' on input line 3977.
[53]
Package hyperref Info: Option `pdfnewwindow' set `true' on input line 3989.
Package hyperref Info: Option `pdfnewwindow' set `true' on input line 4036.
Package hyperref Info: Option `pdfnewwindow' set `true' on input line 4037.
Package hyperref Info: Option `pdfnewwindow' set `true' on input line 4037.
 [54]
Package hyperref Info: Option `pdfnewwindow' set `true' on input line 4038.
Package hyperref Info: Option `pdfnewwindow' set `true' on input line 4086.
Package hyperref Info: Option `pdfnewwindow' set `true' on input line 4120.
Package hyperref Info: Option `pdfnewwindow' set `true' on input line 4120.
 [55]
Package hyperref Info: Option `pdfnewwindow' set `true' on input line 4149.
Package hyperref Info: Option `pdfnewwindow' set `true' on input line 4198.
Package hyperref Info: Option `pdfnewwindow' set `true' on input line 4198.
 [56]
Package hyperref Info: Option `pdfnewwindow' set `true' on input line 4214.

Overfull \hbox (35.0pt too wide) in paragraph at lines 4243--4243
[][] []|  
 []

Package hyperref Info: Option `pdfnewwindow' set `true' on input line 4260.
Package hyperref Info: Option `pdfnewwindow' set `true' on input line 4277.
Package hyperref Info: Option `pdfnewwindow' set `true' on input line 4289.
Package hyperref Info: Option `pdfnewwindow' set `true' on input line 4290.
Package hyperref Info: Option `pdfnewwindow' set `true' on input line 4290.
[57]
Package hyperref Info: Option `pdfnewwindow' set `true' on input line 4358.
Package hyperref Info: Option `pdfnewwindow' set `true' on input line 4363.
Package hyperref Info: Option `pdfnewwindow' set `true' on input line 4388.
Package hyperref Info: Option `pdfnewwindow' set `true' on input line 4394.
Package hyperref Info: Option `pdfnewwindow' set `true' on input line 4410.
Package hyperref Info: Option `pdfnewwindow' set `true' on input line 4410.
 [58]
Package hyperref Info: Option `pdfnewwindow' set `true' on input line 4427.
Package hyperref Info: Option `pdfnewwindow' set `true' on input line 4436.
Package hyperref Info: Option `pdfnewwindow' set `true' on input line 4438.
Package hyperref Info: Option `pdfnewwindow' set `true' on input line 4447.
Package hyperref Info: Option `pdfnewwindow' set `true' on input line 4450.
Package hyperref Info: Option `pdfnewwindow' set `true' on input line 4464.
Package hyperref Info: Option `pdfnewwindow' set `true' on input line 4470.
Package hyperref Info: Option `pdfnewwindow' set `true' on input line 4470.
 [59]
Package hyperref Info: Option `pdfnewwindow' set `true' on input line 4473.
Package hyperref Info: Option `pdfnewwindow' set `true' on input line 4473.
 [60] (./principles.aux) ) 
Here is how much of TeX's memory you used:
 5733 strings out of 493014
 75108 string characters out of 6137001
 183496 words of memory out of 5000000
 8966 multiletter control sequences out of 15000+600000
 12435 words of font info for 46 fonts, out of 8000000 for 9000
 1141 hyphenation exceptions out of 8191
 45i,19n,44p,303b,570s stack positions out of 5000i,500n,10000p,200000b,80000s
<c:/texlive/2016/texmf-dist/fonts/type1/public/amsfon
ts/cm/cmbsy10.pfb><c:/texlive/2016/texmf-dist/fonts/type1/public/amsfonts/cm/cm
bx10.pfb><c:/texlive/2016/texmf-dist/fonts/type1/public/amsfonts/cm/cmbx12.pfb>
<c:/texlive/2016/texmf-dist/fonts/type1/public/amsfonts/cm/cmbx9.pfb><c:/texliv
e/2016/texmf-dist/fonts/type1/public/amsfonts/cm/cmbxti10.pfb><c:/texlive/2016/
texmf-dist/fonts/type1/public/amsfonts/cm/cmcsc10.pfb><c:/texlive/2016/texmf-di
st/fonts/type1/public/amsfonts/cm/cmex10.pfb><c:/texlive/2016/texmf-dist/fonts/
type1/public/amsfonts/cm/cmmi10.pfb><c:/texlive/2016/texmf-dist/fonts/type1/pub
lic/amsfonts/cm/cmmi7.pfb><c:/texlive/2016/texmf-dist/fonts/type1/public/amsfon
ts/cm/cmr10.pfb><c:/texlive/2016/texmf-dist/fonts/type1/public/amsfonts/cm/cmr5
.pfb><c:/texlive/2016/texmf-dist/fonts/type1/public/amsfonts/cm/cmr6.pfb><c:/te
xlive/2016/texmf-dist/fonts/type1/public/amsfonts/cm/cmr7.pfb><c:/texlive/2016/
texmf-dist/fonts/type1/public/amsfonts/cm/cmr9.pfb><c:/texlive/2016/texmf-dist/
fonts/type1/public/amsfonts/cm/cmss10.pfb><c:/texlive/2016/texmf-dist/fonts/typ
e1/public/amsfonts/cm/cmss9.pfb><c:/texlive/2016/texmf-dist/fonts/type1/public/
amsfonts/cm/cmssi9.pfb><c:/texlive/2016/texmf-dist/fonts/type1/public/amsfonts/
cm/cmsy10.pfb><c:/texlive/2016/texmf-dist/fonts/type1/public/amsfonts/cm/cmsy6.
pfb><c:/texlive/2016/texmf-dist/fonts/type1/public/amsfonts/cm/cmsy7.pfb><c:/te
xlive/2016/texmf-dist/fonts/type1/public/amsfonts/cm/cmsy9.pfb><c:/texlive/2016
/texmf-dist/fonts/type1/public/amsfonts/cm/cmti10.pfb><c:/texlive/2016/texmf-di
st/fonts/type1/public/amsfonts/cm/cmti7.pfb><c:/texlive/2016/texmf-dist/fonts/t
ype1/public/amsfonts/cm/cmti9.pfb><c:/texlive/2016/texmf-dist/fonts/type1/publi
c/amsfonts/cm/cmtt10.pfb><c:/texlive/2016/texmf-dist/fonts/type1/public/amsfont
s/cm/cmtt9.pfb><c:/texlive/2016/texmf-dist/fonts/type1/public/amsfonts/latxfont
/lasy10.pfb><c:/texlive/2016/texmf-dist/fonts/type1/public/amsfonts/latxfont/la
sy9.pfb><c:/texlive/2016/texmf-dist/fonts/type1/public/amsfonts/latxfont/linew1
0.pfb>
Output written on principles.pdf (60 pages, 533056 bytes).
PDF statistics:
 1171 PDF objects out of 1200 (max. 8388607)
 1066 compressed objects within 11 object streams
 227 named destinations out of 1000 (max. 500000)
 13 words of extra memory for PDF output out of 10000 (max. 10000000)

