This is pdfTeX, Version 3.14159265-2.6-1.40.17 (TeX Live 2016/W32TeX) (preloaded format=pdflatex 2016.7.29)  28 AUG 2017 21:47
entering extended mode
 restricted \write18 enabled.
 %&-line parsing enabled.
**\nonstopmode\input{proof.tex}
(./proof.tex (./article.cls
Document Class: article 2007/10/19 v1.4h Standard LaTeX document class
(./leqno.clo
File: leqno.clo 1998/08/17 v1.1c Standard LaTeX option (left equation numbers)
) (./fleqn.clo
File: fleqn.clo 1998/08/17 v1.1c Standard LaTeX option (flush left equations)
\mathindent=\dimen102
) (./size10.clo
File: size10.clo 2007/10/19 v1.4h Standard LaTeX file (size option)
)
\c@part=\count79
\c@section=\count80
\c@subsection=\count81
\c@subsubsection=\count82
\c@paragraph=\count83
\c@subparagraph=\count84
\c@figure=\count85
\c@table=\count86
\abovecaptionskip=\skip41
\belowcaptionskip=\skip42
\bibindent=\dimen103
) (./hypertlabook.sty (./graphics.sty
Package: graphics 2009/02/05 v1.0o Standard LaTeX Graphics (DPC,SPQR)
(./trig.sty
Package: trig 1999/03/16 v1.09 sin cos tan (DPC)
) (./graphics.cfg
File: graphics.cfg 2007/01/18 v1.5 graphics configuration of teTeX/TeXLive
)
Package graphics Info: Driver file: pdftex.def on input line 91.
 (./pdftex.def
File: pdftex.def 2010/02/14 v0.04n Graphics/color for pdfTeX
\Gread@gobject=\count87
)) (./graphpap.sty
\@gridx=\count88
\@gridy=\count89
\c@@grid=\count90
) (./color.sty
Package: color 2005/11/14 v1.0j Standard LaTeX Color (DPC)

(./color.cfg
File: color.cfg 2007/01/18 v1.5 color configuration of teTeX/TeXLive
)
Package color Info: Driver file: pdftex.def on input line 130.
) (./latexsym.sty
Package: latexsym 1998/08/17 v2.2e Standard LaTeX package (lasy symbols)
\symlasy=\mathgroup4
LaTeX Font Info:    Overwriting symbol font `lasy' in version `bold'
(Font)                  U/lasy/m/n --> U/lasy/b/n on input line 47.
) (./ifthen.sty
Package: ifthen 2001/05/26 v1.1c Standard LaTeX ifthen package (DPC)
) (./makeidx.sty) (./hyperref.sty
Package: hyperref 2009/04/04 v6.78q Hypertext links for LaTeX

(./keyval.sty
Package: keyval 1999/03/16 v1.13 key=value parser (DPC)
\KV@toks@=\toks14
) (./ifpdf.sty
Package: ifpdf 2010/01/28 v2.1 Provides the ifpdf switch (HO)
Package ifpdf Info: pdfTeX in pdf mode detected.
) (./ifvtex.sty
Package: ifvtex 2010/03/01 v1.5 Switches for detecting VTeX and its modes (HO)
Package ifvtex Info: VTeX not detected.
) (./ifxetex.sty
Package: ifxetex 2009/01/23 v0.5 Provides ifxetex conditional
) (./hycolor.sty
Package: hycolor 2009/12/12 v1.6 Color options of hyperref/bookmark (HO)

(./xcolor-patch.sty
Package: xcolor-patch 2009/12/12 xcolor patch
))
\@linkdim=\dimen104
\Hy@linkcounter=\count91
\Hy@pagecounter=\count92
 (./pd1enc.def
File: pd1enc.def 2009/04/04 v6.78q Hyperref: PDFDocEncoding definition (HO)
) (./etexcmds.sty
Package: etexcmds 2010/01/28 v1.3 Prefix for e-TeX command names (HO)
 (./infwarerr.sty
Package: infwarerr 2010/04/08 v1.3 Providing info/warning/message (HO)
)
Package etexcmds Info: Could not find \expanded.
(etexcmds)             That can mean that you are not using pdfTeX 1.50 or
(etexcmds)             that some package has redefined \expanded.
(etexcmds)             In the latter case, load this package earlier.
)
(./hyperref.cfg
Package hyperref Info: Option `colorlinks' set `true' on input line 4.
Package hyperref Info: Option `bookmarks' set `false' on input line 8.
Package hyperref Info: Option `pdfdisplaydoctitle' set `true' on input line 11.

Package hyperref Info: Option `pdffitwindow' set `true' on input line 12.
) (./kvoptions.sty
Package: kvoptions 2010/02/22 v3.7 Keyval support for LaTeX options (HO)
 (./kvsetkeys.sty
Package: kvsetkeys 2010/03/01 v1.9 Key value parser (HO)
))
Package hyperref Info: Hyper figures OFF on input line 2956.
Package hyperref Info: Link nesting OFF on input line 2961.
Package hyperref Info: Hyper index ON on input line 2964.
Package hyperref Info: Plain pages OFF on input line 2971.
Package hyperref Info: Backreferencing OFF on input line 2976.

Implicit mode ON; LaTeX internals redefined
Package hyperref Info: Bookmarks OFF on input line 3172.
(./url.sty)
LaTeX Info: Redefining \url on input line 3403.
 (./bitset.sty
Package: bitset 2007/09/28 v1.0 Data type bit set (HO)
 (./intcalc.sty
Package: intcalc 2007/09/27 v1.1 Expandable integer calculations (HO)
) (./bigintcalc.sty
Package: bigintcalc 2007/11/11 v1.1 Expandable big integer calculations (HO)
 (./pdftexcmds.sty
Package: pdftexcmds 2010/04/01 v0.9 Utility functions of pdfTeX for LuaTeX (HO)


(./ifluatex.sty
Package: ifluatex 2010/03/01 v1.3 Provides the ifluatex switch (HO)
Package ifluatex Info: LuaTeX not detected.
) (./ltxcmds.sty
Package: ltxcmds 2010/04/08 v1.5 LaTeX kernel commands for general use (HO)
)
Package pdftexcmds Info: LuaTeX not detected.
Package pdftexcmds Info: \pdf@primitive is available.
Package pdftexcmds Info: \pdf@ifprimitive is available.
)))
\Fld@menulength=\count93
\Field@Width=\dimen105
\Fld@charsize=\dimen106
\Field@toks=\toks15
Package hyperref Info: Hyper figures OFF on input line 4320.
Package hyperref Info: Link nesting OFF on input line 4325.
Package hyperref Info: Hyper index ON on input line 4328.
Package hyperref Info: backreferencing OFF on input line 4335.
Package hyperref Info: Link coloring ON on input line 4338.
Package hyperref Info: Link coloring with OCG OFF on input line 4345.
Package hyperref Info: PDF/A mode OFF on input line 4350.
 (./atbegshi.sty
Package: atbegshi 2010/03/25 v1.12 At begin shipout hook (HO)
)
\Hy@abspage=\count94
\c@Item=\count95
\c@Hfootnote=\count96
)
*hyperref using default driver hpdftex*
(./hpdftex.def
File: hpdftex.def 2009/04/04 v6.78q Hyperref driver for pdfTeX
\Fld@listcount=\count97
) (./tlatex.sty
\symlength=\skip43
\equalswidth=\skip44
\charwidth=\skip45
\boxrulewd=\skip46
\boxlineht=\skip47
\boxruleht=\skip48
\boxruledp=\skip49
\pcalvspace=\skip50
\lcomindent=\skip51
\@xlen=\skip52
\templena=\skip53
\templenb=\skip54
\tempboxa=\box26
\vshadelen=\skip55
\boxwidth=\skip56
\multicommentdepth=\skip57
\c@pardepth=\count98
\tempsbox=\box27
\@cparht=\skip58
\@cpardp=\skip59
\xmcomlen=\skip60
\spacewidth=\skip61
\alignboxwidth=\skip62
\alignwidth=\skip63
\alignbox=\box28
\symtlaitalics=\mathgroup5
\c@tlx@ctr=\count99
 (./verbatim.sty
Package: verbatim 2003/08/22 v1.5q LaTeX2e package for verbatim enhancements
\every@verbatim=\toks16
\verbatim@line=\toks17
\verbatim@in@stream=\read1
)) (./tla2texplus-book.sty
(./abbrev.sty
\c@abr@ctr=\count100
\c@abr@level=\count101
LaTeX Font Info:    Redeclaring symbol font `tlaitalics' on input line 358.
LaTeX Font Info:    Overwriting symbol font `tlaitalics' in version `normal'
(Font)                  OT1/cmr/m/it --> OT1/cmr/m/it on input line 358.
LaTeX Font Info:    Overwriting symbol font `tlaitalics' in version `bold'
(Font)                  OT1/cmr/m/it --> OT1/cmr/m/it on input line 358.
\abr@csctr=\count102
)
Loading pf style
(./pf2-book.sty
\pfindent=\skip64
\c@@vectorctr=\count103
\@veclen=\skip65
\pfbox=\box29
\c@pfhidelevel=\count104
\pfshortNumberLevel=\count105
\c@pf@sidenumberdepth=\count106
\pf@sidenumberoutdent=\skip66
\pfLevelCount=\count107
\pfStepCount=\count108
\pf@outdent=\skip67
\@temppflen=\skip68
\@proveindent=\skip69
\c@pf@conjCounter=\count109
\c@pfenum=\count110
\c@pfenumdepth=\count111
\pfenumindent=\skip70
\c@pfenumi=\count112
\c@pfenumii=\count113
\c@pfenumiii=\count114
)
\@charwidth=\skip71
\boxindent=\skip72
)
\pagewidth=\skip73
\pageheight=\skip74
\normaltextwidth=\skip75
\marginwidth=\skip76
\@colwidth=\skip77
\@coltwowidth=\skip78
\@colboxone=\box30
\@colboxtwo=\box31
\@widemath=\skip79
\c@question=\count115
Package color Info: Redefining color black on input line 667.
Package color Info: Redefining color blue on input line 669.
Package color Info: Redefining color red on input line 678.
Package color Info: Redefining color green on input line 680.
Package color Info: Redefining color white on input line 696.
\GPT@outputbox=\box32
\marginalbox=\box33
\c@spgnum1=\count116
\c@spgnum2=\count117
\c@spgnum3=\count118
\dbarbox=\box34
\booklen=\skip80
\vcmathbox=\box35
\vcmathlena=\skip81
\vcmathlenb=\skip82
\atomizelen=\skip83
\@oddlen=\skip84
\@mpwidth=\skip85
\popupbox=\box36
 (./hypermode.tex
\@back=\box37
\@fwd=\box38
\@buttonwidth=\skip86
 (./xref.tex)) (./versions.tex
\c@maxversion=\count119
\c@minversion=\count120
\c@colorcounter=\count121
)
\@gtempa=\dimen107
\@gtempa=\dimen108
\@gtempa=\dimen109
\@gtempa=\dimen110
\@gtempa=\dimen111
\@gtempa=\dimen112
\@gtempa=\dimen113
\@gtempa=\dimen114
\@gtempa=\dimen115
\@gtempa=\dimen116
\@gtempa=\dimen117
\@gtempa=\dimen118
\@gtempa=\dimen119
\@gtempa=\dimen120
\@gtempa=\dimen121
\@gtempa=\dimen122
\@gtempa=\dimen123
\@gtempa=\dimen124
\@gtempa=\dimen125
\@gtempa=\dimen126
\@gtempa=\dimen127
\@gtempa=\dimen128
\@gtempa=\dimen129
\@gtempa=\dimen130
\@gtempa=\dimen131
\@gtempa=\dimen132
\pictlen=\skip87
\pictbox=\box39
)
\@indexfile=\write3
\openout3 = `proof.idx'.


Writing index file proof.idx
(./proof.aux)
\openout1 = `proof.aux'.

LaTeX Font Info:    Checking defaults for OML/cmm/m/it on input line 36.
LaTeX Font Info:    ... okay on input line 36.
LaTeX Font Info:    Checking defaults for T1/cmr/m/n on input line 36.
LaTeX Font Info:    ... okay on input line 36.
LaTeX Font Info:    Checking defaults for OT1/cmr/m/n on input line 36.
LaTeX Font Info:    ... okay on input line 36.
LaTeX Font Info:    Checking defaults for OMS/cmsy/m/n on input line 36.
LaTeX Font Info:    ... okay on input line 36.
LaTeX Font Info:    Checking defaults for OMX/cmex/m/n on input line 36.
LaTeX Font Info:    ... okay on input line 36.
LaTeX Font Info:    Checking defaults for U/cmr/m/n on input line 36.
LaTeX Font Info:    ... okay on input line 36.
LaTeX Font Info:    Checking defaults for PD1/pdf/m/n on input line 36.
LaTeX Font Info:    ... okay on input line 36.
 (c:/texlive/2016/texmf-dist/tex/context/base/mkii/supp-pdf.mkii
[Loading MPS to PDF converter (version 2006.09.02).]
\scratchcounter=\count122
\scratchdimen=\dimen133
\scratchbox=\box40
\nofMPsegments=\count123
\nofMParguments=\count124
\everyMPshowfont=\toks18
\MPscratchCnt=\count125
\MPscratchDim=\dimen134
\MPnumerator=\count126
\makeMPintoPDFobject=\count127
\everyMPtoPDFconversion=\toks19
)
Package hyperref Info: Link coloring ON on input line 36.
 (./nameref.sty
Package: nameref 2007/05/29 v2.31 Cross-referencing by name of section
 (./refcount.sty
Package: refcount 2008/08/11 v3.1 Data extraction from references (HO)
)
\c@section@level=\count128
)
LaTeX Info: Redefining \ref on input line 36.
LaTeX Info: Redefining \pageref on input line 36.
\AtBeginShipoutBox=\box41
LaTeX Font Info:    External font `cmex10' loaded for size
(Font)              <14.4> on input line 39.
LaTeX Font Info:    External font `cmex10' loaded for size
(Font)              <7> on input line 39.
LaTeX Font Info:    Try loading font information for U+lasy on input line 39.
 (./ulasy.fd
File: ulasy.fd 1998/08/17 v2.2e LaTeX symbol font definitions
) (./proof.toc
LaTeX Font Info:    External font `cmex10' loaded for size
(Font)              <5> on input line 12.
)
\tf@toc=\write4
\openout4 = `proof.toc'.

Package hyperref Info: Option `pdfnewwindow' set `true' on input line 42.
Package hyperref Info: Option `pdfnewwindow' set `true' on input line 42.
 [1

{c:/texlive/2016/texmf-var/fonts/map/pdftex/updmap/pdftex.map}]
LaTeX Font Info:    Try loading font information for OMS+cmr on input line 59.
 (./omscmr.fd
File: omscmr.fd 1999/05/25 v2.5h Standard LaTeX font definitions
)
LaTeX Font Info:    Font shape `OMS/cmr/m/n' in size <10> not available
(Font)              Font shape `OMS/cmsy/m/n' tried instead on input line 59.
Package hyperref Info: Option `pdfnewwindow' set `true' on input line 105.
Package hyperref Info: Option `pdfnewwindow' set `true' on input line 105.
 [2]
Overfull \hbox (5.52838pt too wide) in paragraph at lines 108--111
[]\OT1/cmr/m/n/10 Three fea-tures that dis-tin-guish Chord from many other peer
-to-peer lookup
 []

Package hyperref Info: Option `pdfnewwindow' set `true' on input line 172.
Package hyperref Info: Option `pdfnewwindow' set `true' on input line 175.
Package hyperref Info: Option `pdfnewwindow' set `true' on input line 208.
Package hyperref Info: Option `pdfnewwindow' set `true' on input line 208.
[3]
Package hyperref Info: Option `pdfnewwindow' set `true' on input line 264.
Package hyperref Info: Option `pdfnewwindow' set `true' on input line 264.
 [4]
Package hyperref Info: Option `pdfnewwindow' set `true' on input line 271.
LaTeX Font Info:    External font `cmex10' loaded for size
(Font)              <9> on input line 271.
LaTeX Font Info:    External font `cmex10' loaded for size
(Font)              <6> on input line 271.
Package hyperref Info: Option `pdfnewwindow' set `true' on input line 274.
Package hyperref Info: Option `pdfnewwindow' set `true' on input line 276.
Package hyperref Info: Option `pdfnewwindow' set `true' on input line 280.
Package hyperref Info: Option `pdfnewwindow' set `true' on input line 283.
Package hyperref Info: Option `pdfnewwindow' set `true' on input line 284.
Package hyperref Info: Option `pdfnewwindow' set `true' on input line 285.
Package hyperref Info: Option `pdfnewwindow' set `true' on input line 309.


LaTeX Font Warning: Font shape `OT1/cmss/m/sc' in size <9> not available
(Font)              Font shape `OT1/cmr/m/sc' tried instead on input line 309.

Package hyperref Info: Option `pdfnewwindow' set `true' on input line 345.
Package hyperref Info: Option `pdfnewwindow' set `true' on input line 345.
[5]
Package hyperref Info: Option `pdfnewwindow' set `true' on input line 363.
pdfTeX warning (ext4): destination with the same identifier (name{1by}) has bee
n already used, duplicate ignored
<to be read again> 
                   \relax 
l.400   \ctindex{1}{BY@\icmd{textsc}{by}}{by}
                                             %
Package hyperref Info: Option `pdfnewwindow' set `true' on input line 410.
Package hyperref Info: Option `pdfnewwindow' set `true' on input line 410.
 [6]
Package hyperref Info: Option `pdfnewwindow' set `true' on input line 473.
Package hyperref Info: Option `pdfnewwindow' set `true' on input line 473.
 [7]
<euclid1.png, id=184, 440.39531pt x 106.14656pt>
File: euclid1.png Graphic file (type png)
 <use euclid1.png>
Overfull \hbox (13.79567pt too wide) in paragraph at lines 526--527
[][] 
 []

Package hyperref Info: Option `pdfnewwindow' set `true' on input line 531.
Package hyperref Info: Option `pdfnewwindow' set `true' on input line 531.
[8 <./euclid1.png>] <euclid2.png, id=199, 441.90094pt x 175.40532pt>
File: euclid2.png Graphic file (type png)

<use euclid2.png>
Overfull \hbox (14.92488pt too wide) in paragraph at lines 532--533
[][] 
 []

Package hyperref Info: Option `pdfnewwindow' set `true' on input line 604.
Package hyperref Info: Option `pdfnewwindow' set `true' on input line 604.
[9 <./euclid2.png>] <euclid3.png, id=218, 443.40656pt x 174.6525pt>
File: euclid3.png Graphic file (type png)

<use euclid3.png>
Overfull \hbox (16.0541pt too wide) in paragraph at lines 681--682
[][] 
 []

Package hyperref Info: Option `pdfnewwindow' set `true' on input line 682.
Package hyperref Info: Option `pdfnewwindow' set `true' on input line 682.
[10]
Overfull \hbox (24.67953pt too wide) in paragraph at lines 688--691
[]\OT1/cmr/m/n/10 The next-state ac-tion $\OT1/cmr/m/it/10 Next$ \OT1/cmr/m/n/1
0 is a dis-junc-tion, and we can prove []
 []

<euclid4.png, id=229, 447.17062pt x 173.14688pt>
File: euclid4.png Graphic file (type png)
 <use euclid4.png>
Overfull \hbox (18.87714pt too wide) in paragraph at lines 698--699
[][] 
 []

<euclid5.png, id=230, 446.41782pt x 213.79875pt>
File: euclid5.png Graphic file (type png)
 <use euclid5.png>
Overfull \hbox (18.31253pt too wide) in paragraph at lines 703--704
[][] 
 []

Package hyperref Info: Option `pdfnewwindow' set `true' on input line 704.
Package hyperref Info: Option `pdfnewwindow' set `true' on input line 704.
[11 <./euclid3.png> <./euclid4.png>]
<euclid6.png, id=243, 443.40656pt x 263.48438pt>
File: euclid6.png Graphic file (type png)
 <use euclid6.png>
Overfull \hbox (16.0541pt too wide) in paragraph at lines 713--714
[][] 
 []

Package hyperref Info: Option `pdfnewwindow' set `true' on input line 735.
Package hyperref Info: Option `pdfnewwindow' set `true' on input line 735.
[12 <./euclid5.png> <./euclid6.png>]
Underfull \hbox (badness 2173) in paragraph at lines 757--763
\OT1/cmr/m/n/10 The \OT1/cmr/m/sc/10 suf-fices \OT1/cmr/m/n/10 step as-serts th
at to prove the goal of $\OMS/cmsy/m/n/10 h \OT1/cmr/m/n/10 1 \OMS/cmsy/m/n/10 
i\OT1/cmr/m/n/10 2$, which is
 []

Package hyperref Info: Option `pdfnewwindow' set `true' on input line 774.
Package hyperref Info: Option `pdfnewwindow' set `true' on input line 811.
Package hyperref Info: Option `pdfnewwindow' set `true' on input line 811.
[13]
Overfull \hbox (16.0213pt too wide) in paragraph at lines 862--875
[]\OT1/cmr/m/n/10 , which is equiv-a-lent to [].
 []

Package hyperref Info: Option `pdfnewwindow' set `true' on input line 875.
Package hyperref Info: Option `pdfnewwindow' set `true' on input line 875.
[14] <euclid7.png, id=280, 451.6875pt x 104.64093pt>
File: euclid7.png Graphic file (type png)
 <use euclid7.png>
Overfull \hbox (22.26479pt too wide) in paragraph at lines 928--929
[][] 
 []

Package hyperref Info: Option `pdfnewwindow' set `true' on input line 933.
Package hyperref Info: Option `pdfnewwindow' set `true' on input line 933.
[15 <./euclid7.png>] <euclid8.png, id=294, 444.15938pt x 158.84344pt>
File: euclid8.png Graphic file (type png)

<use euclid8.png>
Overfull \hbox (16.6187pt too wide) in paragraph at lines 934--935
[][] 
 []

Package hyperref Info: Option `pdfnewwindow' set `true' on input line 990.
Package hyperref Info: Option `pdfnewwindow' set `true' on input line 1004.
Package hyperref Info: Option `pdfnewwindow' set `true' on input line 1004.
[16 <./euclid8.png>]
Package hyperref Info: Option `pdfnewwindow' set `true' on input line 1047.
Package hyperref Info: Option `pdfnewwindow' set `true' on input line 1077.
Package hyperref Info: Option `pdfnewwindow' set `true' on input line 1077.
 [17]
Package hyperref Info: Option `pdfnewwindow' set `true' on input line 1167.
Package hyperref Info: Option `pdfnewwindow' set `true' on input line 1167.
 [18]
Package hyperref Info: Option `pdfnewwindow' set `true' on input line 1250.
Package hyperref Info: Option `pdfnewwindow' set `true' on input line 1250.
 [19]
Package hyperref Info: Option `pdfnewwindow' set `true' on input line 1333.
Package hyperref Info: Option `pdfnewwindow' set `true' on input line 1333.
 [20]
Package hyperref Info: Option `pdfnewwindow' set `true' on input line 1362.
Package hyperref Info: Option `pdfnewwindow' set `true' on input line 1392.
Package hyperref Info: Option `pdfnewwindow' set `true' on input line 1392.
 [21]
Package hyperref Info: Option `pdfnewwindow' set `true' on input line 1455.
Package hyperref Info: Option `pdfnewwindow' set `true' on input line 1455.
 [22]
Overfull \hbox (4.4303pt too wide) in paragraph at lines 1487--1491
\OT1/cmr/m/n/10 current-level proof, $\OMS/cmsy/m/n/10 h \OT1/cmr/m/n/10 3 \OMS
/cmsy/m/n/10 i\OT1/cmr/m/n/10 14$ names the for-mula []
 []

Package hyperref Info: Option `pdfnewwindow' set `true' on input line 1505.
Package hyperref Info: Option `pdfnewwindow' set `true' on input line 1505.
[23]
Package hyperref Info: Option `pdfnewwindow' set `true' on input line 1570.
Package hyperref Info: Option `pdfnewwindow' set `true' on input line 1570.
 [24]
Package hyperref Info: Option `pdfnewwindow' set `true' on input line 1627.
Package hyperref Info: Option `pdfnewwindow' set `true' on input line 1627.
 [25]
Package hyperref Info: Option `pdfnewwindow' set `true' on input line 1707.
Package hyperref Info: Option `pdfnewwindow' set `true' on input line 1707.
 [26]
Package hyperref Info: Option `pdfnewwindow' set `true' on input line 1764.
Package hyperref Info: Option `pdfnewwindow' set `true' on input line 1764.
 [27]
Package hyperref Info: Option `pdfnewwindow' set `true' on input line 1838.
Package hyperref Info: Option `pdfnewwindow' set `true' on input line 1838.
 [28]
Package hyperref Info: Option `pdfnewwindow' set `true' on input line 1908.
Package hyperref Info: Option `pdfnewwindow' set `true' on input line 1908.
 [29]
Package hyperref Info: Option `pdfnewwindow' set `true' on input line 1988.
Package hyperref Info: Option `pdfnewwindow' set `true' on input line 1988.
 [30]
Package hyperref Info: Option `pdfnewwindow' set `true' on input line 2122.
Package hyperref Info: Option `pdfnewwindow' set `true' on input line 2122.
 [31]
Package hyperref Info: Option `pdfnewwindow' set `true' on input line 2149.
Package hyperref Info: Option `pdfnewwindow' set `true' on input line 2179.
Package hyperref Info: Option `pdfnewwindow' set `true' on input line 2179.
 [32]
Package hyperref Info: Option `pdfnewwindow' set `true' on input line 2237.
Package hyperref Info: Option `pdfnewwindow' set `true' on input line 2237.
 [33]
Overfull \hbox (12.3392pt too wide) detected at line 2279
$ []$ 
 []

Package hyperref Info: Option `pdfnewwindow' set `true' on input line 2297.
Package hyperref Info: Option `pdfnewwindow' set `true' on input line 2297.
[34]
Package hyperref Info: Option `pdfnewwindow' set `true' on input line 2491.
Package hyperref Info: Option `pdfnewwindow' set `true' on input line 2491.
 [35]
Package hyperref Info: Option `pdfnewwindow' set `true' on input line 2499.
Package hyperref Info: Option `pdfnewwindow' set `true' on input line 2506.
Package hyperref Info: Option `pdfnewwindow' set `true' on input line 2522.
Package hyperref Info: Option `pdfnewwindow' set `true' on input line 2527.
Package hyperref Info: Option `pdfnewwindow' set `true' on input line 2549.
Package hyperref Info: Option `pdfnewwindow' set `true' on input line 2562.
Package hyperref Info: Option `pdfnewwindow' set `true' on input line 2562.
 [36]
Package hyperref Info: Option `pdfnewwindow' set `true' on input line 2600.
Package hyperref Info: Option `pdfnewwindow' set `true' on input line 2603.

Overfull \hbox (2.56848pt too wide) in paragraph at lines 2603--2612
[]\OT1/cmr/m/n/10 Select the sym-bol $\OT1/cmr/m/it/10 Msg$ \OT1/cmr/m/n/10 on 
[][][]line 81[][][] and ex-e-cute the \OT1/cmss/m/n/10 Goto Dec-la-ra-tion \OT1
/cmr/m/n/10 command---
 []

Package hyperref Info: Option `pdfnewwindow' set `true' on input line 2618.
Package hyperref Info: Option `pdfnewwindow' set `true' on input line 2618.
[37]
Package hyperref Info: Option `pdfnewwindow' set `true' on input line 2696.
Package hyperref Info: Option `pdfnewwindow' set `true' on input line 2696.
 [38]
Package hyperref Info: Option `pdfnewwindow' set `true' on input line 2700.
Package hyperref Info: Option `pdfnewwindow' set `true' on input line 2700.
 [39] (./proof.aux) ) 
Here is how much of TeX's memory you used:
 5697 strings out of 493014
 74521 string characters out of 6137001
 174496 words of memory out of 5000000
 8978 multiletter control sequences out of 15000+600000
 12173 words of font info for 46 fonts, out of 8000000 for 9000
 1141 hyphenation exceptions out of 8191
 45i,22n,44p,281b,576s stack positions out of 5000i,500n,10000p,200000b,80000s
pdfTeX warning (dest): name{proof:gcd1-3} has been referen
ced but does not exist, replaced by a fixed one

<c:/texlive/2016/texmf-dist/fonts/type1/public/amsfonts/cm/cmbx10.pfb><c:/texli
ve/2016/texmf-dist/fonts/type1/public/amsfonts/cm/cmbx12.pfb><c:/texlive/2016/t
exmf-dist/fonts/type1/public/amsfonts/cm/cmbx9.pfb><c:/texlive/2016/texmf-dist/
fonts/type1/public/amsfonts/cm/cmcsc10.pfb><c:/texlive/2016/texmf-dist/fonts/ty
pe1/public/amsfonts/cm/cmmi10.pfb><c:/texlive/2016/texmf-dist/fonts/type1/publi
c/amsfonts/cm/cmmi9.pfb><c:/texlive/2016/texmf-dist/fonts/type1/public/amsfonts
/cm/cmr10.pfb><c:/texlive/2016/texmf-dist/fonts/type1/public/amsfonts/cm/cmr5.p
fb><c:/texlive/2016/texmf-dist/fonts/type1/public/amsfonts/cm/cmr6.pfb><c:/texl
ive/2016/texmf-dist/fonts/type1/public/amsfonts/cm/cmr7.pfb><c:/texlive/2016/te
xmf-dist/fonts/type1/public/amsfonts/cm/cmr9.pfb><c:/texlive/2016/texmf-dist/fo
nts/type1/public/amsfonts/cm/cmss10.pfb><c:/texlive/2016/texmf-dist/fonts/type1
/public/amsfonts/cm/cmss9.pfb><c:/texlive/2016/texmf-dist/fonts/type1/public/am
sfonts/cm/cmsy10.pfb><c:/texlive/2016/texmf-dist/fonts/type1/public/amsfonts/cm
/cmsy7.pfb><c:/texlive/2016/texmf-dist/fonts/type1/public/amsfonts/cm/cmsy9.pfb
><c:/texlive/2016/texmf-dist/fonts/type1/public/amsfonts/cm/cmti10.pfb><c:/texl
ive/2016/texmf-dist/fonts/type1/public/amsfonts/cm/cmti7.pfb><c:/texlive/2016/t
exmf-dist/fonts/type1/public/amsfonts/cm/cmti9.pfb><c:/texlive/2016/texmf-dist/
fonts/type1/public/amsfonts/cm/cmtt10.pfb><c:/texlive/2016/texmf-dist/fonts/typ
e1/public/amsfonts/cm/cmtt9.pfb><c:/texlive/2016/texmf-dist/fonts/type1/public/
amsfonts/latxfont/lasy10.pfb><c:/texlive/2016/texmf-dist/fonts/type1/public/ams
fonts/latxfont/lasy9.pfb><c:/texlive/2016/texmf-dist/fonts/type1/public/amsfont
s/latxfont/linew10.pfb>
Output written on proof.pdf (39 pages, 506706 bytes).
PDF statistics:
 758 PDF objects out of 1000 (max. 8388607)
 667 compressed objects within 7 object streams
 171 named destinations out of 1000 (max. 500000)
 53 words of extra memory for PDF output out of 10000 (max. 10000000)

