This is XeTeX, Version 3.14159265-2.6-0.99998 (TeX Live 2017) (preloaded format=xelatex 2017.8.6)  29 AUG 2017 21:14
entering extended mode
 restricted \write18 enabled.
 Source specials enabled.
 file:line:error style messages enabled.
 %&-line parsing enabled.
**main.tex
(./main.tex
LaTeX2e <2017-04-15>
Babel <3.12> and hyphenation patterns for 84 language(s) loaded.
(/usr/local/texlive/2017/texmf-dist/tex/latex/base/article.cls
Document Class: article 2014/09/29 v1.4h Standard LaTeX document class
(/usr/local/texlive/2017/texmf-dist/tex/latex/base/leqno.clo
File: leqno.clo 2016/12/29 v1.2a Standard LaTeX option (left equation numbers)
)
(/usr/local/texlive/2017/texmf-dist/tex/latex/base/fleqn.clo
File: fleqn.clo 2016/12/29 v1.2a Standard LaTeX option (flush left equations)
\mathindent=\dimen102
Applying: [2015/01/01] Make \[ robust on input line 50.
LaTeX Info: Redefining \[ on input line 51.
Already applied: [0000/00/00] Make \[ robust on input line 62.
Applying: [2015/01/01] Make \] robust on input line 74.
LaTeX Info: Redefining \] on input line 75.
Already applied: [0000/00/00] Make \] robust on input line 83.
)
(/usr/local/texlive/2017/texmf-dist/tex/latex/base/size10.clo
File: size10.clo 2014/09/29 v1.4h Standard LaTeX file (size option)
)
\c@part=\count79
\c@section=\count80
\c@subsection=\count81
\c@subsubsection=\count82
\c@paragraph=\count83
\c@subparagraph=\count84
\c@figure=\count85
\c@table=\count86
\abovecaptionskip=\skip41
\belowcaptionskip=\skip42
\bibindent=\dimen103
)
(./hypertlabook.sty
(/usr/local/texlive/2017/texmf-dist/tex/latex/graphics/graphics.sty
Package: graphics 2017/06/25 v1.2c Standard LaTeX Graphics (DPC,SPQR)

(/usr/local/texlive/2017/texmf-dist/tex/latex/graphics/trig.sty
Package: trig 2016/01/03 v1.10 sin cos tan (DPC)
)
(/usr/local/texlive/2017/texmf-dist/tex/latex/graphics-cfg/graphics.cfg
File: graphics.cfg 2016/06/04 v1.11 sample graphics configuration
)
Package graphics Info: Driver file: xetex.def on input line 99.

(/usr/local/texlive/2017/texmf-dist/tex/latex/graphics-def/xetex.def
File: xetex.def 2017/06/24 v5.0h Graphics/color driver for xetex
))
(/usr/local/texlive/2017/texmf-dist/tex/latex/base/graphpap.sty
Package: graphpap 1994/08/09 v1.0c Standard LaTeX graphpap package (LL)
)
(/usr/local/texlive/2017/texmf-dist/tex/latex/graphics/color.sty
Package: color 2016/07/10 v1.1e Standard LaTeX Color (DPC)

(/usr/local/texlive/2017/texmf-dist/tex/latex/graphics-cfg/color.cfg
File: color.cfg 2016/01/02 v1.6 sample color configuration
)
Package color Info: Driver file: xetex.def on input line 147.
)
(/usr/local/texlive/2017/texmf-dist/tex/latex/base/latexsym.sty
Package: latexsym 1998/08/17 v2.2e Standard LaTeX package (lasy symbols)
\symlasy=\mathgroup4
LaTeX Font Info:    Overwriting symbol font `lasy' in version `bold'
(Font)                  U/lasy/m/n --> U/lasy/b/n on input line 52.
)
(/usr/local/texlive/2017/texmf-dist/tex/latex/base/ifthen.sty
Package: ifthen 2014/09/29 v1.1c Standard LaTeX ifthen package (DPC)
)
(/usr/local/texlive/2017/texmf-dist/tex/latex/base/makeidx.sty
Package: makeidx 2014/09/29 v1.0m Standard LaTeX package
)
(/usr/local/texlive/2017/texmf-dist/tex/latex/hyperref/hyperref.sty
Package: hyperref 2017/03/14 v6.85a Hypertext links for LaTeX

(/usr/local/texlive/2017/texmf-dist/tex/generic/oberdiek/hobsub-hyperref.sty
Package: hobsub-hyperref 2016/05/16 v1.14 Bundle oberdiek, subset hyperref (HO)


(/usr/local/texlive/2017/texmf-dist/tex/generic/oberdiek/hobsub-generic.sty
Package: hobsub-generic 2016/05/16 v1.14 Bundle oberdiek, subset generic (HO)
Package: hobsub 2016/05/16 v1.14 Construct package bundles (HO)
Package: infwarerr 2016/05/16 v1.4 Providing info/warning/error messages (HO)
Package: ltxcmds 2016/05/16 v1.23 LaTeX kernel commands for general use (HO)
Package: ifluatex 2016/05/16 v1.4 Provides the ifluatex switch (HO)
Package ifluatex Info: LuaTeX not detected.
Package: ifvtex 2016/05/16 v1.6 Detect VTeX and its facilities (HO)
Package ifvtex Info: VTeX not detected.
Package: intcalc 2016/05/16 v1.2 Expandable calculations with integers (HO)
Package: ifpdf 2017/03/15 v3.2 Provides the ifpdf switch
Package: etexcmds 2016/05/16 v1.6 Avoid name clashes with e-TeX commands (HO)
Package etexcmds Info: Could not find \expanded.
(etexcmds)             That can mean that you are not using pdfTeX 1.50 or
(etexcmds)             that some package has redefined \expanded.
(etexcmds)             In the latter case, load this package earlier.
Package: kvsetkeys 2016/05/16 v1.17 Key value parser (HO)
Package: kvdefinekeys 2016/05/16 v1.4 Define keys (HO)
Package: pdftexcmds 2017/03/19 v0.25 Utility functions of pdfTeX for LuaTeX (HO
)
Package pdftexcmds Info: LuaTeX not detected.
Package pdftexcmds Info: pdfTeX >= 1.30 not detected.
Package pdftexcmds Info: \pdf@primitive is available.
Package pdftexcmds Info: \pdf@ifprimitive is available.
Package pdftexcmds Info: \pdfdraftmode not found.
Package: pdfescape 2016/05/16 v1.14 Implements pdfTeX's escape features (HO)
Package: bigintcalc 2016/05/16 v1.4 Expandable calculations on big integers (HO
)
Package: bitset 2016/05/16 v1.2 Handle bit-vector datatype (HO)
Package: uniquecounter 2016/05/16 v1.3 Provide unlimited unique counter (HO)
)
Package hobsub Info: Skipping package `hobsub' (already loaded).
Package: letltxmacro 2016/05/16 v1.5 Let assignment for LaTeX macros (HO)
Package: hopatch 2016/05/16 v1.3 Wrapper for package hooks (HO)
Package: xcolor-patch 2016/05/16 xcolor patch
Package: atveryend 2016/05/16 v1.9 Hooks at the very end of document (HO)
Package atveryend Info: \enddocument detected (standard20110627).
Package: atbegshi 2016/06/09 v1.18 At begin shipout hook (HO)
Package: refcount 2016/05/16 v3.5 Data extraction from label references (HO)
Package: hycolor 2016/05/16 v1.8 Color options for hyperref/bookmark (HO)
)
(/usr/local/texlive/2017/texmf-dist/tex/latex/graphics/keyval.sty
Package: keyval 2014/10/28 v1.15 key=value parser (DPC)
\KV@toks@=\toks14
)
(/usr/local/texlive/2017/texmf-dist/tex/generic/ifxetex/ifxetex.sty
Package: ifxetex 2010/09/12 v0.6 Provides ifxetex conditional
)
(/usr/local/texlive/2017/texmf-dist/tex/latex/oberdiek/auxhook.sty
Package: auxhook 2016/05/16 v1.4 Hooks for auxiliary files (HO)
)
(/usr/local/texlive/2017/texmf-dist/tex/latex/oberdiek/kvoptions.sty
Package: kvoptions 2016/05/16 v3.12 Key value format for package options (HO)
)
\@linkdim=\dimen104
\Hy@linkcounter=\count87
\Hy@pagecounter=\count88

(/usr/local/texlive/2017/texmf-dist/tex/latex/hyperref/pd1enc.def
File: pd1enc.def 2017/03/14 v6.85a Hyperref: PDFDocEncoding definition (HO)
)
\Hy@SavedSpaceFactor=\count89

(/usr/local/texlive/2017/texmf-dist/tex/latex/latexconfig/hyperref.cfg
File: hyperref.cfg 2002/06/06 v1.2 hyperref configuration of TeXLive
)
Package hyperref Info: Hyper figures OFF on input line 4498.
Package hyperref Info: Link nesting OFF on input line 4503.
Package hyperref Info: Hyper index ON on input line 4506.
Package hyperref Info: Plain pages OFF on input line 4513.
Package hyperref Info: Backreferencing OFF on input line 4518.
Package hyperref Info: Implicit mode ON; LaTeX internals redefined.
Package hyperref Info: Bookmarks ON on input line 4751.
\c@Hy@tempcnt=\count90

(/usr/local/texlive/2017/texmf-dist/tex/latex/url/url.sty
\Urlmuskip=\muskip10
Package: url 2013/09/16  ver 3.4  Verb mode for urls, etc.
)
LaTeX Info: Redefining \url on input line 5104.
\XeTeXLinkMargin=\dimen105
\Fld@menulength=\count91
\Field@Width=\dimen106
\Fld@charsize=\dimen107
Package hyperref Info: Hyper figures OFF on input line 6358.
Package hyperref Info: Link nesting OFF on input line 6363.
Package hyperref Info: Hyper index ON on input line 6366.
Package hyperref Info: backreferencing OFF on input line 6373.
Package hyperref Info: Link coloring OFF on input line 6378.
Package hyperref Info: Link coloring with OCG OFF on input line 6383.
Package hyperref Info: PDF/A mode OFF on input line 6388.
LaTeX Info: Redefining \ref on input line 6428.
LaTeX Info: Redefining \pageref on input line 6432.
\Hy@abspage=\count92
\c@Item=\count93
\c@Hfootnote=\count94
)

Package hyperref Message: Driver (autodetected): hxetex.

(/usr/local/texlive/2017/texmf-dist/tex/latex/hyperref/hxetex.def
File: hxetex.def 2017/03/14 v6.85a Hyperref driver for XeTeX

(/usr/local/texlive/2017/texmf-dist/tex/latex/hyperref/puenc.def
File: puenc.def 2017/03/14 v6.85a Hyperref: PDF Unicode definition (HO)
)
(/usr/local/texlive/2017/texmf-dist/tex/generic/oberdiek/stringenc.sty
Package: stringenc 2016/05/16 v1.11 Convert strings between diff. encodings (HO
)
)
\pdfm@box=\box26
\c@Hy@AnnotLevel=\count95
\HyField@AnnotCount=\count96
\Fld@listcount=\count97
\c@bookmark@seq@number=\count98

(/usr/local/texlive/2017/texmf-dist/tex/latex/oberdiek/rerunfilecheck.sty
Package: rerunfilecheck 2016/05/16 v1.8 Rerun checks for auxiliary files (HO)
Package rerunfilecheck Info: Feature \pdfmdfivesum is not available
(rerunfilecheck)             (e.g. pdfTeX or LuaTeX with package `pdftexcmds').

(rerunfilecheck)             Therefore file contents cannot be checked efficien
tly
(rerunfilecheck)             and the loading of the package is aborted.
)
\Hy@SectionHShift=\skip43
)
(./tlatex.sty
\symlength=\skip44
\equalswidth=\skip45
\charwidth=\skip46
\boxrulewd=\skip47
\boxlineht=\skip48
\boxruleht=\skip49
\boxruledp=\skip50
\pcalvspace=\skip51
\lcomindent=\skip52
\@xlen=\skip53
\templena=\skip54
\templenb=\skip55
\tempboxa=\box27
\vshadelen=\skip56
\boxwidth=\skip57
\multicommentdepth=\skip58
\c@pardepth=\count99
\tempsbox=\box28
\@cparht=\skip59
\@cpardp=\skip60
\xmcomlen=\skip61
\spacewidth=\skip62
\alignboxwidth=\skip63
\alignwidth=\skip64
\alignbox=\box29
\symtlaitalics=\mathgroup5
\c@tlx@ctr=\count100
 (/usr/local/texlive/2017/texmf-dist/tex/latex/tools/verbatim.sty
Package: verbatim 2014/10/28 v1.5q LaTeX2e package for verbatim enhancements
\every@verbatim=\toks15
\verbatim@line=\toks16
\verbatim@in@stream=\read1
)) (./tla2texplus-book.sty (./abbrev.sty
\c@abr@ctr=\count101
\c@abr@level=\count102
LaTeX Font Info:    Redeclaring symbol font `tlaitalics' on input line 358.
LaTeX Font Info:    Overwriting symbol font `tlaitalics' in version `normal'
(Font)                  TU/cmr/m/it --> TU/cmr/m/it on input line 358.
LaTeX Font Info:    Overwriting symbol font `tlaitalics' in version `bold'
(Font)                  TU/cmr/m/it --> TU/cmr/m/it on input line 358.
\abr@csctr=\count103
)
Loading pf style
(./pf2-book.sty
\pfindent=\skip65
\c@@vectorctr=\count104
\@veclen=\skip66
\pfbox=\box30
\c@pfhidelevel=\count105
\pfshortNumberLevel=\count106
\c@pf@sidenumberdepth=\count107
\pf@sidenumberoutdent=\skip67
\pfLevelCount=\count108
\pfStepCount=\count109
\pf@outdent=\skip68
\@temppflen=\skip69
\@proveindent=\skip70
\c@pf@conjCounter=\count110
\c@pfenum=\count111
\c@pfenumdepth=\count112
\pfenumindent=\skip71
\c@pfenumi=\count113
\c@pfenumii=\count114
\c@pfenumiii=\count115
)
\@charwidth=\skip72
\boxindent=\skip73
)
\pagewidth=\skip74
\pageheight=\skip75
\normaltextwidth=\skip76
\marginwidth=\skip77
\@colwidth=\skip78
\@coltwowidth=\skip79
\@colboxone=\box31
\@colboxtwo=\box32
\@widemath=\skip80
\c@question=\count116
Package color Info: Redefining color black on input line 667.
Package color Info: Redefining color blue on input line 669.
Package color Info: Redefining color red on input line 678.
Package color Info: Redefining color green on input line 680.
Package color Info: Redefining color white on input line 696.
\marginalbox=\box33
\c@spgnum1=\count117
\c@spgnum2=\count118
\c@spgnum3=\count119
\dbarbox=\box34
\booklen=\skip81
\vcmathbox=\box35
\vcmathlena=\skip82
\vcmathlenb=\skip83
\atomizelen=\skip84
\@oddlen=\skip85
\@mpwidth=\skip86
\popupbox=\box36
 (./hypermode.tex
\@back=\box37
\@fwd=\box38
\@buttonwidth=\skip87
 (./xref.tex)) (./versions.tex
\c@maxversion=\count120
\c@minversion=\count121
\c@colorcounter=\count122
)
\@gtempa=\dimen108
\@gtempa=\dimen109
\@gtempa=\dimen110
\@gtempa=\dimen111
\@gtempa=\dimen112
\@gtempa=\dimen113
\@gtempa=\dimen114
\@gtempa=\dimen115
\@gtempa=\dimen116
\@gtempa=\dimen117
\@gtempa=\dimen118
\@gtempa=\dimen119
\@gtempa=\dimen120
\@gtempa=\dimen121
\@gtempa=\dimen122
\@gtempa=\dimen123
\@gtempa=\dimen124
\@gtempa=\dimen125
\@gtempa=\dimen126
\@gtempa=\dimen127
\@gtempa=\dimen128
\@gtempa=\dimen129
\@gtempa=\dimen130
\@gtempa=\dimen131
\@gtempa=\dimen132
\@gtempa=\dimen133
\pictlen=\skip88
\pictbox=\box39
)
(/usr/local/texlive/2017/texmf-dist/tex/latex/comment/comment.sty
\CommentStream=\write3

Excluding comment 'comment') Include comment 'ch' Excluding comment 'en'
(/usr/local/texlive/2017/texmf-dist/tex/xelatex/xecjk/xeCJK.sty
(/usr/local/texlive/2017/texmf-dist/tex/latex/l3kernel/expl3.sty
Package: expl3 2017/07/19 L3 programming layer (loader) 

(/usr/local/texlive/2017/texmf-dist/tex/latex/l3kernel/expl3-code.tex
Package: expl3 2017/07/19 L3 programming layer (code)
\c_max_int=\count123
\l_tmpa_int=\count124
\l_tmpb_int=\count125
\g_tmpa_int=\count126
\g_tmpb_int=\count127
\g__intarray_font_int=\count128
\g__prg_map_int=\count129
\c_log_iow=\count130
\l_iow_line_count_int=\count131
\l__iow_line_target_int=\count132
\l__iow_one_indent_int=\count133
\l__iow_indent_int=\count134
\c_zero_dim=\dimen134
\c_max_dim=\dimen135
\l_tmpa_dim=\dimen136
\l_tmpb_dim=\dimen137
\g_tmpa_dim=\dimen138
\g_tmpb_dim=\dimen139
\c_zero_skip=\skip89
\c_max_skip=\skip90
\l_tmpa_skip=\skip91
\l_tmpb_skip=\skip92
\g_tmpa_skip=\skip93
\g_tmpb_skip=\skip94
\c_zero_muskip=\muskip11
\c_max_muskip=\muskip12
\l_tmpa_muskip=\muskip13
\l_tmpb_muskip=\muskip14
\g_tmpa_muskip=\muskip15
\g_tmpb_muskip=\muskip16
\l_keys_choice_int=\count135
\c__fp_leading_shift_int=\count136
\c__fp_middle_shift_int=\count137
\c__fp_trailing_shift_int=\count138
\c__fp_big_leading_shift_int=\count139
\c__fp_big_middle_shift_int=\count140
\c__fp_big_trailing_shift_int=\count141
\c__fp_Bigg_leading_shift_int=\count142
\c__fp_Bigg_middle_shift_int=\count143
\c__fp_Bigg_trailing_shift_int=\count144
\l__sort_length_int=\count145
\l__sort_min_int=\count146
\l__sort_top_int=\count147
\l__sort_max_int=\count148
\l__sort_true_max_int=\count149
\l__sort_block_int=\count150
\l__sort_begin_int=\count151
\l__sort_end_int=\count152
\l__sort_A_int=\count153
\l__sort_B_int=\count154
\l__sort_C_int=\count155
\l__tl_build_start_index_int=\count156
\l__tl_build_index_int=\count157
\l__tl_analysis_normal_int=\count158
\l__tl_analysis_index_int=\count159
\l__tl_analysis_nesting_int=\count160
\l__tl_analysis_type_int=\count161
\l__regex_internal_a_int=\count162
\l__regex_internal_b_int=\count163
\l__regex_internal_c_int=\count164
\l__regex_balance_int=\count165
\l__regex_group_level_int=\count166
\l__regex_mode_int=\count167
\c__regex_cs_in_class_mode_int=\count168
\c__regex_cs_mode_int=\count169
\l__regex_catcodes_int=\count170
\l__regex_default_catcodes_int=\count171
\c__regex_catcode_L_int=\count172
\c__regex_catcode_O_int=\count173
\c__regex_catcode_A_int=\count174
\c__regex_all_catcodes_int=\count175
\l__regex_show_lines_int=\count176
\l__regex_min_state_int=\count177
\l__regex_max_state_int=\count178
\l__regex_left_state_int=\count179
\l__regex_right_state_int=\count180
\l__regex_capturing_group_int=\count181
\l__regex_min_pos_int=\count182
\l__regex_max_pos_int=\count183
\l__regex_curr_pos_int=\count184
\l__regex_start_pos_int=\count185
\l__regex_success_pos_int=\count186
\l__regex_curr_char_int=\count187
\l__regex_curr_catcode_int=\count188
\l__regex_last_char_int=\count189
\l__regex_case_changed_char_int=\count190
\l__regex_curr_state_int=\count191
\l__regex_step_int=\count192
\l__regex_min_active_int=\count193
\l__regex_max_active_int=\count194
\l__regex_replacement_csnames_int=\count195
\l__regex_match_count_int=\count196
\l__regex_min_submatch_int=\count197
\l__regex_submatch_int=\count198
\l__regex_zeroth_submatch_int=\count199
\g__debug_trace_regex_int=\count266
\c_empty_box=\box40
\l_tmpa_box=\box41
\l_tmpb_box=\box42
\g_tmpa_box=\box43
\g_tmpb_box=\box44
\l__box_top_dim=\dimen140
\l__box_bottom_dim=\dimen141
\l__box_left_dim=\dimen142
\l__box_right_dim=\dimen143
\l__box_top_new_dim=\dimen144
\l__box_bottom_new_dim=\dimen145
\l__box_left_new_dim=\dimen146
\l__box_right_new_dim=\dimen147
\l__box_internal_box=\box45
\l__coffin_internal_box=\box46
\l__coffin_internal_dim=\dimen148
\l__coffin_offset_x_dim=\dimen149
\l__coffin_offset_y_dim=\dimen150
\l__coffin_x_dim=\dimen151
\l__coffin_y_dim=\dimen152
\l__coffin_x_prime_dim=\dimen153
\l__coffin_y_prime_dim=\dimen154
\c_empty_coffin=\box47
\l__coffin_aligned_coffin=\box48
\l__coffin_aligned_internal_coffin=\box49
\l_tmpa_coffin=\box50
\l_tmpb_coffin=\box51
\l__coffin_display_coffin=\box52
\l__coffin_display_coord_coffin=\box53
\l__coffin_display_pole_coffin=\box54
\l__coffin_display_offset_dim=\dimen155
\l__coffin_display_x_dim=\dimen156
\l__coffin_display_y_dim=\dimen157
\l__coffin_bounding_shift_dim=\dimen158
\l__coffin_left_corner_dim=\dimen159
\l__coffin_right_corner_dim=\dimen160
\l__coffin_bottom_corner_dim=\dimen161
\l__coffin_top_corner_dim=\dimen162
\l__coffin_scaled_total_height_dim=\dimen163
\l__coffin_scaled_width_dim=\dimen164
)
(/usr/local/texlive/2017/texmf-dist/tex/latex/l3kernel/l3xdvipdfmx.def
File: l3xdvidpfmx.def 2017/03/18 v L3 Experimental driver: xdvipdfmx
\g__driver_image_int=\count267
\l__driver_tmp_box=\box55
))
Package: xeCJK 2017/05/15 v3.4.8 Typesetting CJK scripts with XeLaTeX

(/usr/local/texlive/2017/texmf-dist/tex/latex/l3packages/xtemplate/xtemplate.st
y
Package: xtemplate 2017/07/19 L3 Experimental prototype document functions
\l__xtemplate_tmp_dim=\dimen165
\l__xtemplate_tmp_int=\count268
\l__xtemplate_tmp_muskip=\muskip17
\l__xtemplate_tmp_skip=\skip95
) (/usr/local/texlive/2017/texmf-dist/tex/latex/l3packages/xparse/xparse.sty
Package: xparse 2017/07/19 L3 Experimental document command parser
\l__xparse_current_arg_int=\count269
\g__xparse_grabber_int=\count270
\l__xparse_m_args_int=\count271
\l__xparse_mandatory_args_int=\count272
\l__xparse_v_nesting_int=\count273
)
(/usr/local/texlive/2017/texmf-dist/tex/latex/l3packages/l3keys2e/l3keys2e.sty
Package: l3keys2e 2017/07/19 LaTeX2e option processing using LaTeX3 keys
)
\l__xeCJK_tmp_int=\count274
\l__xeCJK_tmp_box=\box56
\l__xeCJK_tmp_dim=\dimen166
\l__xeCJK_tmp_skip=\skip96
.................................................
. LaTeX info: "xparse/define-command"
. 
. Defining command \xeCJKShipoutHook with sig. '' on line 148.
.................................................
\g__xeCJK_spacefactor_int=\count275
\l__xeCJK_begin_int=\count276
\l__xeCJK_end_int=\count277
.................................................
. LaTeX info: "xparse/define-command"
. 
. Defining command \makexeCJKactive with sig. '' on line 377.
.................................................
.................................................
. LaTeX info: "xparse/define-command"
. 
. Defining command \makexeCJKinactive with sig. '' on line 378.
.................................................
\c__xeCJK_CJK_class_int=\XeTeXcharclass1
\c__xeCJK_FullLeft_class_int=\XeTeXcharclass2
\c__xeCJK_FullRight_class_int=\XeTeXcharclass3
\c__xeCJK_HalfLeft_class_int=\XeTeXcharclass4
\c__xeCJK_HalfRight_class_int=\XeTeXcharclass5
\c__xeCJK_NormalSpace_class_int=\XeTeXcharclass6
\c__xeCJK_CM_class_int=\XeTeXcharclass7
\c__xeCJK_HangulJamo_class_int=\XeTeXcharclass8
.................................................
. LaTeX info: "xparse/define-command"
. 
. Defining command \xeCJKDeclareCharClass with sig. 's>{\TrimSpaces }mm' on
. line 542.
.................................................
.................................................
. LaTeX info: "xparse/define-command"
. 
. Defining command \__xeCJK_set_char_class_aux:Nnw with sig.
. 'm>{\SplitArgument {1}{->}}m' on line 563.
.................................................
.................................................
. LaTeX info: "xparse/define-command"
. 
. Defining command \normalspacedchars with sig. 'm' on line 608.
.................................................
.................................................
. LaTeX info: "xparse/define-command"
. 
. Defining command \xeCJKResetPunctClass with sig. '' on line 619.
.................................................
.................................................
. LaTeX info: "xparse/define-command"
. 
. Defining command \xeCJKResetCharClass with sig. '' on line 631.
.................................................
\l__xeCJK_last_skip=\skip97
\g__xeCJK_node_int=\count278
\c__xeCJK_CJK_node_dim=\dimen167
\c__xeCJK_CJK-space_node_dim=\dimen168
\c__xeCJK_default_node_dim=\dimen169
\c__xeCJK_default-space_node_dim=\dimen170
\c__xeCJK_CJK-widow_node_dim=\dimen171
\c__xeCJK_normalspace_node_dim=\dimen172
\l__xeCJK_ccglue_skip=\skip98
\l__xeCJK_ecglue_skip=\skip99
.................................................
. LaTeX info: "xparse/define-command"
. 
. Defining command \xeCJKnobreak with sig. '' on line 1470.
.................................................
\l__xeCJK_widow_penalty_int=\count279
.................................................
. LaTeX info: "xparse/define-command"
. 
. Defining command \xeCJKDeclareSubCJKBlock with sig. 's>{\TrimSpaces }mm' on
. line 1666.
.................................................
.................................................
. LaTeX info: "xparse/define-command"
. 
. Defining command \xeCJKCancelSubCJKBlock with sig. 'sm' on line 1677.
.................................................
.................................................
. LaTeX info: "xparse/define-command"
. 
. Defining command \xeCJKRestoreSubCJKBlock with sig. 'sm' on line 1686.
.................................................
.................................................
. LaTeX info: "xparse/define-command"
. 
. Defining command \xeCJKsetwidth with sig. 'smm' on line 1784.
.................................................
.................................................
. LaTeX info: "xparse/define-command"
. 
. Defining command \xeCJKsetkern with sig. 'mmm' on line 1788.
.................................................
.................................................
. xtemplate info: "declare-object-type"
. 
. Declaring object type 'xeCJK/punctuation' taking 0 argument(s) on line 1925.
.................................................
\l__xeCJK_fixed_punct_width_dim=\dimen173
\l__xeCJK_mixed_punct_width_dim=\dimen174
\l__xeCJK_middle_punct_width_dim=\dimen175
\l__xeCJK_fixed_margin_width_dim=\dimen176
\l__xeCJK_mixed_margin_width_dim=\dimen177
\l__xeCJK_middle_margin_width_dim=\dimen178
\l__xeCJK_bound_punct_width_dim=\dimen179
\l__xeCJK_bound_margin_width_dim=\dimen180
\l__xeCJK_margin_minimum_dim=\dimen181
\l__xeCJK_kerning_total_width_dim=\dimen182
\l__xeCJK_same_align_margin_dim=\dimen183
\l__xeCJK_different_align_margin_dim=\dimen184
\l__xeCJK_kerning_margin_width_dim=\dimen185
\l__xeCJK_kerning_margin_minimum_dim=\dimen186
\l__xeCJK_bound_dim=\dimen187
\l__xeCJK_reverse_bound_dim=\dimen188
\l__xeCJK_minimum_bound_dim=\dimen189
\l__xeCJK_kerning_margin_dim=\dimen190
\l__xeCJK_original_margin_dim=\dimen191
.................................................
. LaTeX info: "xparse/define-command"
. 
. Defining command \xeCJKDeclarePunctStyle with sig. '>{\TrimSpaces }mm' on
. line 2423.
.................................................
.................................................
. LaTeX info: "xparse/define-command"
. 
. Defining command \xeCJKEditPunctStyle with sig. '>{\TrimSpaces }mm' on line
. 2436.
.................................................
.................................................
. LaTeX info: "xparse/define-command"
. 
. Defining command \setCJKfallbackfamilyfont with sig. 'mom' on line 2528.
.................................................
\g__xeCJK_family_int=\count280
.................................................
. LaTeX info: "xparse/define-command"
. 
. Defining command \CJKfamily with sig. 't+t-m' on line 2955.
.................................................
.................................................
. LaTeX info: "xparse/define-command"
. 
. Defining command \__xeCJK_gobble_CJKfamily:wn with sig. 't+t-m' on line
. 2969.
.................................................
.................................................
. LaTeX info: "xparse/define-command"
. 
. Defining command \__xeCJK_post_arg:w with sig. 'mmmO{}' on line 3028.
.................................................
.................................................
. LaTeX info: "xparse/define-command"
. 
. Defining command \setCJKmainfont with sig. 'om' on line 3034.
.................................................
.................................................
. LaTeX info: "xparse/define-command"
. 
. Defining command \setCJKsansfont with sig. 'om' on line 3041.
.................................................
.................................................
. LaTeX info: "xparse/define-command"
. 
. Defining command \setCJKmonofont with sig. 'om' on line 3047.
.................................................
.................................................
. LaTeX info: "xparse/define-command"
. 
. Defining command \setCJKfamilyfont with sig. 'mom' on line 3058.
.................................................
.................................................
. LaTeX info: "xparse/define-command"
. 
. Defining command \newCJKfontfamily with sig. 'omom' on line 3066.
.................................................
.................................................
. LaTeX info: "xparse/define-command"
. 
. Defining command \CJKfontspec with sig. 'om' on line 3072.
.................................................
.................................................
. LaTeX info: "xparse/define-command"
. 
. Defining command \defaultCJKfontfeatures with sig. 'm' on line 3095.
.................................................
.................................................
. LaTeX info: "xparse/define-command"
. 
. Defining command \addCJKfontfeatures with sig. 'sO{}m' on line 3101.
.................................................
.................................................
. LaTeX info: "xparse/define-command"
. 
. Defining command \setCJKmathfont with sig. 'om' on line 3275.
.................................................
\l__xeCJK_fam_int=\count281
\g__xeCJK_fam_allocation_int=\count282
\l__xeCJK_verb_case_int=\count283
.................................................
. LaTeX info: "xparse/define-command"
. 
. Defining command \xeCJKVerbAddon with sig. '' on line 3515.
.................................................
.................................................
. LaTeX info: "xparse/define-command"
. 
. Defining command \xeCJKOffVerbAddon with sig. '' on line 3519.
.................................................
\l__xeCJK_verb_exspace_skip=\skip100
(/usr/local/texlive/2017/texmf-dist/tex/latex/fontspec/fontspec.sty
Package: fontspec 2017/07/23 v2.6c Font selection for XeLaTeX and LuaLaTeX

(/usr/local/texlive/2017/texmf-dist/tex/latex/fontspec/fontspec-xetex.sty
Package: fontspec-xetex 2017/07/23 v2.6c Font selection for XeLaTeX and LuaLaTe
X
\l__fontspec_script_int=\count284
\l__fontspec_language_int=\count285
\l__fontspec_strnum_int=\count286
\l__fontspec_tmp_int=\count287
\l__fontspec_em_int=\count288
\l__fontspec_emdef_int=\count289
\l__fontspec_strong_int=\count290
\l__fontspec_strongdef_int=\count291
\l__fontspec_tmpa_dim=\dimen192
\l__fontspec_tmpb_dim=\dimen193
\l__fontspec_tmpc_dim=\dimen194
\g__file_internal_ior=\read2

(/usr/local/texlive/2017/texmf-dist/tex/latex/base/fontenc.sty
Package: fontenc 2017/04/05 v2.0i Standard LaTeX package

(/usr/local/texlive/2017/texmf-dist/tex/latex/base/tuenc.def
File: tuenc.def 2017/04/05 v2.0i Standard LaTeX file
LaTeX Font Info:    Redeclaring font encoding TU on input line 82.
))
.................................................
. LaTeX info: "xparse/define-command"
. 
. Defining command \fontspec with sig. 'O{}mO{}' on line 474.
.................................................
.................................................
. LaTeX info: "xparse/define-command"
. 
. Defining command \setmainfont with sig. 'O{}mO{}' on line 485.
.................................................
.................................................
. LaTeX info: "xparse/define-command"
. 
. Defining command \setsansfont with sig. 'O{}mO{}' on line 505.
.................................................
.................................................
. LaTeX info: "xparse/define-command"
. 
. Defining command \setmonofont with sig. 'O{}mO{}' on line 525.
.................................................
.................................................
. LaTeX info: "xparse/define-command"
. 
. Defining command \setromanfont with sig. 'O{}mO{}' on line 545.
.................................................
.................................................
. LaTeX info: "xparse/define-command"
. 
. Defining command \setmathrm with sig. 'O{}mO{}' on line 549.
.................................................
.................................................
. LaTeX info: "xparse/define-command"
. 
. Defining command \setboldmathrm with sig. 'O{}mO{}' on line 557.
.................................................
.................................................
. LaTeX info: "xparse/define-command"
. 
. Defining command \setmathsf with sig. 'O{}mO{}' on line 565.
.................................................
.................................................
. LaTeX info: "xparse/define-command"
. 
. Defining command \setmathtt with sig. 'O{}mO{}' on line 573.
.................................................
.................................................
. LaTeX info: "xparse/define-command"
. 
. Defining command \newfontfamily with sig. 'mO{}mO{}' on line 588.
.................................................
.................................................
. LaTeX info: "xparse/define-command"
. 
. Defining command \newfontface with sig. 'mO{}mO{}' on line 605.
.................................................
.................................................
. LaTeX info: "xparse/define-command"
. 
. Defining command \defaultfontfeatures with sig. 't+om' on line 616.
.................................................
.................................................
. LaTeX info: "xparse/define-command"
. 
. Defining command \addfontfeatures with sig. 'm' on line 647.
.................................................
.................................................
. LaTeX info: "xparse/define-command"
. 
. Defining command \newfontfeature with sig. 'mm' on line 674.
.................................................
.................................................
. LaTeX info: "xparse/define-command"
. 
. Defining command \newAATfeature with sig. 'mmmm' on line 688.
.................................................
.................................................
. LaTeX info: "xparse/define-command"
. 
. Defining command \newopentypefeature with sig. 'mmm' on line 702.
.................................................
.................................................
. LaTeX info: "xparse/define-command"
. 
. Defining command \newICUfeature with sig. 'mmm' on line 722.
.................................................
.................................................
. LaTeX info: "xparse/define-command"
. 
. Defining command \aliasfontfeature with sig. 'mm' on line 726.
.................................................
.................................................
. LaTeX info: "xparse/define-command"
. 
. Defining command \aliasfontfeatureoption with sig. 'mmm' on line 747.
.................................................
.................................................
. LaTeX info: "xparse/define-command"
. 
. Defining command \newfontscript with sig. 'mm' on line 780.
.................................................
.................................................
. LaTeX info: "xparse/define-command"
. 
. Defining command \newfontlanguage with sig. 'mm' on line 784.
.................................................
.................................................
. LaTeX info: "xparse/define-command"
. 
. Defining command \DeclareFontsExtensions with sig. 'm' on line 788.
.................................................
.................................................
. LaTeX info: "xparse/define-command"
. 
. Defining command \IfFontFeatureActiveTF with sig. 'mmm' on line 799.
.................................................
.................................................
. LaTeX info: "xparse/define-command"
. 
. Defining command \EncodingCommand with sig. 'mO{}m' on line 3462.
.................................................
.................................................
. LaTeX info: "xparse/define-command"
. 
. Defining command \EncodingAccent with sig. 'mm' on line 3468.
.................................................
.................................................
. LaTeX info: "xparse/define-command"
. 
. Defining command \EncodingSymbol with sig. 'mm' on line 3474.
.................................................
.................................................
. LaTeX info: "xparse/define-command"
. 
. Defining command \EncodingComposite with sig. 'mmm' on line 3480.
.................................................
.................................................
. LaTeX info: "xparse/define-command"
. 
. Defining command \EncodingCompositeCommand with sig. 'mmm' on line 3486.
.................................................
.................................................
. LaTeX info: "xparse/define-command"
. 
. Defining command \DeclareUnicodeEncoding with sig. 'mm' on line 3511.
.................................................
.................................................
. LaTeX info: "xparse/define-command"
. 
. Defining command \UndeclareSymbol with sig. 'm' on line 3517.
.................................................
.................................................
. LaTeX info: "xparse/define-command"
. 
. Defining command \UndeclareComposite with sig. 'mm' on line 3525.
.................................................

(/usr/local/texlive/2017/texmf-dist/tex/latex/fontspec/fontspec.cfg)
LaTeX Info: Redefining \itshape on input line 3710.
LaTeX Info: Redefining \slshape on input line 3715.
LaTeX Info: Redefining \scshape on input line 3720.
LaTeX Info: Redefining \upshape on input line 3725.
LaTeX Info: Redefining \em on input line 3755.
LaTeX Info: Redefining \emph on input line 3780.
LaTeX Info: Redefining \- on input line 3831.
.................................................
. LaTeX info: "xparse/redefine-command"
. 
. Redefining command \oldstylenums with sig. 'm' on line 3926.
.................................................
.................................................
. LaTeX info: "xparse/define-command"
. 
. Defining command \liningnums with sig. 'm' on line 3930.
.................................................
))
(/usr/local/texlive/2017/texmf-dist/tex/xelatex/xecjk/xunicode-addon.sty
Package: xunicode-addon 2017/05/15 v3.4.8 addon file for xunicode

(/usr/local/texlive/2017/texmf-dist/tex/xelatex/xunicode/xunicode.sty
File: xunicode.sty 2011/09/09 v0.981 provides access to latin accents and many 
other characters in Unicode lower plane

(/usr/local/texlive/2017/texmf-dist/tex/latex/tipa/t3enc.def
File: t3enc.def 2001/12/31 T3 encoding
)
\tipaTiiicode=\count292
\tipasavetokens=\toks17
\tipachecktokens=\toks18

(/usr/local/texlive/2017/texmf-dist/tex/latex/graphics/graphicx.sty
Package: graphicx 2017/06/01 v1.1a Enhanced LaTeX Graphics (DPC,SPQR)
\Gin@req@height=\dimen195
\Gin@req@width=\dimen196
))
.................................................
. LaTeX info: "xparse/redefine-command"
. 
. Redefining command \ReloadXunicode with sig. 'm' on line 84.
.................................................
.................................................
. LaTeX info: "xparse/redefine-command"
. 
. Redefining command \DeclareUTFmathsymbols with sig. 'm' on line 129.
.................................................
.................................................
. LaTeX info: "xparse/redefine-command"
. 
. Redefining command \UseMathAsText with sig. '' on line 138.
.................................................
.................................................
. LaTeX info: "xparse/redefine-command"
. 
. Redefining command \UndeclareUTFcharacter with sig. 'O{\UTFencname }mm' on
. line 173.
.................................................
.................................................
. LaTeX info: "xparse/redefine-command"
. 
. Redefining command \UndeclareUTFcomposite with sig. 'O{\UTFencname }mmm' on
. line 180.
.................................................
.................................................
. LaTeX info: "xparse/redefine-command"
. 
. Redefining command \DeclareUTFcharacter with sig. 'O{\UTFencname }mm' on
. line 207.
.................................................
.................................................
. LaTeX info: "xparse/define-command"
. 
. Defining command \DeclareUTFSymbol with sig. 'mO{\UTFencname }m' on line
. 233.
.................................................
.................................................
. LaTeX info: "xparse/define-command"
. 
. Defining command \DeclareUTFCommand with sig. 'mO{\UTFencname }m' on line
. 235.
.................................................
.................................................
. LaTeX info: "xparse/redefine-command"
. 
. Redefining command \DeclareUTFcomposite with sig. 'O{\UTFencname }mmm' on
. line 278.
.................................................
.................................................
. LaTeX info: "xparse/define-command"
. 
. Defining command \DeclareUTFCompositeCommand with sig. 'mO{\UTFencname }mm'
. on line 291.
.................................................
.................................................
. LaTeX info: "xparse/define-command"
. 
. Defining command \DeclareUTFCompositeSymbol with sig. 'mO{\UTFencname }mm'
. on line 296.
.................................................
.................................................
. LaTeX info: "xparse/define-command"
. 
. Defining command \DeclareUTFComposite with sig. 'mO{\UTFencname }' on line
. 298.
.................................................
.................................................
. LaTeX info: "xparse/define-command"
. 
. Defining command \DeclareUTFEncodedAccent with sig. 'mO{\UTFencname }mm' on
. line 300.
.................................................
.................................................
. LaTeX info: "xparse/define-command"
. 
. Defining command \DeclareUTFEncodedAccents with sig. 'mO{\UTFencname }mm' on
. line 302.
.................................................
.................................................
. LaTeX info: "xparse/define-command"
. 
. Defining command \DeclareUTFEncodedSymbol with sig. 'mO{\UTFencname }mm' on
. line 304.
.................................................
.................................................
. LaTeX info: "xparse/define-command"
. 
. Defining command \DeclareUTFEncodedCircle with sig. 'mO{\UTFencname }mm' on
. line 306.
.................................................
.................................................
. LaTeX info: "xparse/redefine-command"
. 
. Redefining command \DeclareEncodedCompositeCharacter with sig. 'mmmm' on
. line 308.
.................................................
.................................................
. LaTeX info: "xparse/redefine-command"
. 
. Redefining command \DeclareEncodedCompositeAccents with sig. 'mmmm' on line
. 310.
.................................................
.................................................
. LaTeX info: "xparse/define-command"
. 
. Defining command \DeclareUTFDoubleEncodedAccent with sig. 'mO{\UTFencname
. }mm' on line 312.
.................................................
.................................................
. LaTeX info: "xparse/define-command"
. 
. Defining command \DeclareUTFDoubleEncodedSymbol with sig. 'mO{\UTFencname
. }mm' on line 314.
.................................................
\l__xunadd_tmp_coffin=\box57
\l__xunadd_circle_coffin=\box58
.................................................
. LaTeX info: "xparse/define-command"
. 
. Defining command \settextcircledratio with sig. 'm' on line 465.
.................................................
.................................................
. LaTeX info: "xparse/define-command"
. 
. Defining command \AtBeginUTFCommand with sig. 'sO{}+m' on line 534.
.................................................
.................................................
. LaTeX info: "xparse/define-command"
. 
. Defining command \AtEndUTFCommand with sig. 'sO{}+m' on line 544.
.................................................
.................................................
. LaTeX info: "xparse/define-command"
. 
. Defining command \DeclareUTFTIPACommand with sig. 'O{\UTFencname }m' on line
. 576.
.................................................
)
(/usr/local/texlive/2017/texmf-dist/tex/xelatex/xunicode/xunicode.sty
File: xunicode.sty 2011/09/09 v0.981 provides access to latin accents and many 
other characters in Unicode lower plane

*** Reloading Xunicode for encoding 'TU' ***
) (/usr/local/texlive/2017/texmf-dist/tex/xelatex/xecjk/xunicode-extra.def
File: xunicode-extra.def 2017/05/15 v3.4.8 extra definition for xunicode
)
.................................................
. LaTeX info: "xparse/define-command"
. 
. Defining command \xeCJKsetup with sig. '+m' on line 3820.
.................................................
.................................................
. LaTeX info: "xparse/define-command"
. 
. Defining command \xeCJKsetemboldenfactor with sig. 'm' on line 3822.
.................................................
.................................................
. LaTeX info: "xparse/define-command"
. 
. Defining command \xeCJKsetslantfactor with sig. 'm' on line 3824.
.................................................
.................................................
. LaTeX info: "xparse/define-command"
. 
. Defining command \punctstyle with sig. 'm' on line 3825.
.................................................
.................................................
. LaTeX info: "xparse/define-command"
. 
. Defining command \xeCJKplainchr with sig. '' on line 3826.
.................................................
.................................................
. LaTeX info: "xparse/define-command"
. 
. Defining command \CJKsetecglue with sig. 'm' on line 3827.
.................................................
.................................................
. LaTeX info: "xparse/define-command"
. 
. Defining command \CJKspace with sig. '' on line 3829.
.................................................
.................................................
. LaTeX info: "xparse/define-command"
. 
. Defining command \CJKnospace with sig. '' on line 3830.
.................................................
.................................................
. LaTeX info: "xparse/define-command"
. 
. Defining command \xeCJKallowbreakbetweenpuncts with sig. '' on line 3832.
.................................................
.................................................
. LaTeX info: "xparse/define-command"
. 
. Defining command \xeCJKnobreakbetweenpuncts with sig. '' on line 3834.
.................................................
.................................................
. LaTeX info: "xparse/define-command"
. 
. Defining command \xeCJKenablefallback with sig. '' on line 3836.
.................................................
.................................................
. LaTeX info: "xparse/define-command"
. 
. Defining command \xeCJKdisablefallback with sig. '' on line 3838.
.................................................
.................................................
. LaTeX info: "xparse/define-command"
. 
. Defining command \xeCJKsetcharclass with sig. 'mmm' on line 3843.
.................................................

*************************************************
* xeCJK warning: "robust-failure"
* 
* xeCJK can not make `\(' robust.
*************************************************
*************************************************
* xeCJK warning: "robust-failure"
* 
* xeCJK can not make `\math' robust.
*************************************************
*************************************************
* xeCJK warning: "robust-failure"
* 
* xeCJK can not make `\ensuremath' robust.
*************************************************
.................................................
. LaTeX info: "xparse/redefine-command"
. 
. Redefining command \nobreakspace with sig. '' on line 3989.
.................................................
.................................................
. LaTeX info: "xparse/redefine-command"
. 
. Redefining command \fontfamily with sig. 'm' on line 4029.
.................................................
(/usr/local/texlive/2017/texmf-dist/tex/xelatex/xecjk/xeCJK.cfg
File: xeCJK.cfg 2017/05/15 v3.4.8 Configuration file for xeCJK package
))
\@indexfile=\write4
\openout4 = `main.idx'.


Writing index file main.idx
(/usr/local/texlive/2017/texmf-dist/tex/generic/oberdiek/se-ascii-print.def
File: se-ascii-print.def 2016/05/16 v1.11 stringenc: Printable ASCII characters

)
*************************************************
* xeCJK warning: "fandol"
* 
* Fandol is being set as the default font for CJK text.
* Please make sure it has been properly installed.
*************************************************
*************************************************
* fontspec warning: "script-not-exist"
* 
* Font 'FandolSong-Regular' does not contain script 'CJK'.
*************************************************
\g__fontspec_family_FandolSong-Regular_int=\count293
.................................................
. fontspec info: "defining-font"
. 
. Font family 'FandolSong-Regular(0)' created for font 'FandolSong-Regular'
. with options
. [Script={CJK},Extension={.otf},BoldFont={FandolSong-Bold},ItalicFont={FandolK
ai-Regular}].
.  
.  This font family consists of the following NFSS series/shapes:
.  
. - 'normal' (m/n) with NFSS spec.: <->"[FandolSong-Regular.otf]/OT"
. - 'small caps'  (m/sc) with NFSS spec.: 
. - 'bold' (bx/n) with NFSS spec.: <->"[FandolSong-Bold.otf]/OT"
. - 'bold small caps'  (bx/sc) with NFSS spec.: 
. - 'italic' (m/it) with NFSS spec.: <->"[FandolKai-Regular.otf]/OT"
. - 'italic small caps'  (m/itsc) with NFSS spec.: 
.................................................
(./main.aux)
\openout1 = `main.aux'.

LaTeX Font Info:    Checking defaults for OML/cmm/m/it on input line 163.
LaTeX Font Info:    ... okay on input line 163.
LaTeX Font Info:    Checking defaults for T1/cmr/m/n on input line 163.
LaTeX Font Info:    ... okay on input line 163.
LaTeX Font Info:    Checking defaults for OT1/cmr/m/n on input line 163.
LaTeX Font Info:    ... okay on input line 163.
LaTeX Font Info:    Checking defaults for OMS/cmsy/m/n on input line 163.
LaTeX Font Info:    ... okay on input line 163.
LaTeX Font Info:    Checking defaults for TU/lmr/m/n on input line 163.
LaTeX Font Info:    ... okay on input line 163.
LaTeX Font Info:    Checking defaults for OMX/cmex/m/n on input line 163.
LaTeX Font Info:    ... okay on input line 163.
LaTeX Font Info:    Checking defaults for U/cmr/m/n on input line 163.
LaTeX Font Info:    ... okay on input line 163.
LaTeX Font Info:    Checking defaults for PD1/pdf/m/n on input line 163.
LaTeX Font Info:    ... okay on input line 163.
LaTeX Font Info:    Checking defaults for PU/pdf/m/n on input line 163.
LaTeX Font Info:    ... okay on input line 163.
LaTeX Font Info:    Checking defaults for T3/cmr/m/n on input line 163.
LaTeX Font Info:    Try loading font information for T3+cmr on input line 163.
 (/usr/local/texlive/2017/texmf-dist/tex/latex/tipa/t3cmr.fd
File: t3cmr.fd 2001/12/31 TIPA font definitions
)
LaTeX Font Info:    ... okay on input line 163.
\AtBeginShipoutBox=\box59
Package hyperref Info: Link coloring OFF on input line 163.

(/usr/local/texlive/2017/texmf-dist/tex/latex/hyperref/nameref.sty
Package: nameref 2016/05/21 v2.44 Cross-referencing by name of section

(/usr/local/texlive/2017/texmf-dist/tex/generic/oberdiek/gettitlestring.sty
Package: gettitlestring 2016/05/16 v1.5 Cleanup title references (HO)
)
\c@section@level=\count294
)
LaTeX Info: Redefining \ref on input line 163.
LaTeX Info: Redefining \pageref on input line 163.
LaTeX Info: Redefining \nameref on input line 163.

(./main.out) (./main.out)
\@outlinefile=\write5
\openout5 = `main.out'.

.................................................
. fontspec info: "setup-math"
. 
. Adjusting the maths setup (use [no-math] to avoid this).
.................................................
\symlegacymaths=\mathgroup6
LaTeX Font Info:    Overwriting symbol font `legacymaths' in version `bold'
(Font)                  OT1/cmr/m/n --> OT1/cmr/bx/n on input line 163.
LaTeX Font Info:    Redeclaring math accent \acute on input line 163.
LaTeX Font Info:    Redeclaring math accent \grave on input line 163.
LaTeX Font Info:    Redeclaring math accent \ddot on input line 163.


./main.tex:163: LaTeX Error: Command `\tilde' already defined.

See the LaTeX manual or LaTeX Companion for explanation.
Type  H <return>  for immediate help.
 ...                                              
                                                  
l.163 \begin{document}
                      
Your command was ignored.
Type  I <command> <return>  to replace it with another command,
or  <return>  to continue without it.

LaTeX Font Info:    Redeclaring math accent \bar on input line 163.
LaTeX Font Info:    Redeclaring math accent \breve on input line 163.
LaTeX Font Info:    Redeclaring math accent \check on input line 163.
LaTeX Font Info:    Redeclaring math accent \hat on input line 163.
LaTeX Font Info:    Redeclaring math accent \dot on input line 163.
LaTeX Font Info:    Redeclaring math accent \mathring on input line 163.
LaTeX Font Info:    Redeclaring math symbol \colon on input line 163.
LaTeX Font Info:    Redeclaring math symbol \Gamma on input line 163.
LaTeX Font Info:    Redeclaring math symbol \Delta on input line 163.
LaTeX Font Info:    Redeclaring math symbol \Theta on input line 163.
LaTeX Font Info:    Redeclaring math symbol \Lambda on input line 163.
LaTeX Font Info:    Redeclaring math symbol \Xi on input line 163.
LaTeX Font Info:    Redeclaring math symbol \Pi on input line 163.
LaTeX Font Info:    Redeclaring math symbol \Sigma on input line 163.
LaTeX Font Info:    Redeclaring math symbol \Upsilon on input line 163.
LaTeX Font Info:    Redeclaring math symbol \Phi on input line 163.
LaTeX Font Info:    Redeclaring math symbol \Psi on input line 163.
LaTeX Font Info:    Redeclaring math symbol \Omega on input line 163.
LaTeX Font Info:    Redeclaring math symbol \mathdollar on input line 163.
LaTeX Font Info:    Redeclaring symbol font `operators' on input line 163.
LaTeX Font Info:    Encoding `OT1' has changed to `TU' for symbol font
(Font)              `operators' in the math version `normal' on input line 163.

LaTeX Font Info:    Overwriting symbol font `operators' in version `normal'
(Font)                  OT1/cmr/m/n --> TU/lmr/m/n on input line 163.
LaTeX Font Info:    Encoding `OT1' has changed to `TU' for symbol font
(Font)              `operators' in the math version `bold' on input line 163.
LaTeX Font Info:    Overwriting symbol font `operators' in version `bold'
(Font)                  OT1/cmr/bx/n --> TU/lmr/m/n on input line 163.
LaTeX Font Info:    Overwriting symbol font `operators' in version `normal'
(Font)                  TU/lmr/m/n --> TU/lmr/m/n on input line 163.
LaTeX Font Info:    Overwriting math alphabet `\mathit' in version `normal'
(Font)                  OT1/cmr/m/it --> TU/lmr/m/it on input line 163.
LaTeX Font Info:    Overwriting math alphabet `\mathbf' in version `normal'
(Font)                  OT1/cmr/bx/n --> TU/lmr/bx/n on input line 163.
LaTeX Font Info:    Overwriting math alphabet `\mathsf' in version `normal'
(Font)                  OT1/cmss/m/n --> TU/lmss/m/n on input line 163.
LaTeX Font Info:    Overwriting math alphabet `\mathtt' in version `normal'
(Font)                  OT1/cmtt/m/n --> TU/lmtt/m/n on input line 163.
LaTeX Font Info:    Overwriting symbol font `operators' in version `bold'
(Font)                  TU/lmr/m/n --> TU/lmr/bx/n on input line 163.
LaTeX Font Info:    Overwriting math alphabet `\mathit' in version `bold'
(Font)                  OT1/cmr/bx/it --> TU/lmr/bx/it on input line 163.
LaTeX Font Info:    Overwriting math alphabet `\mathsf' in version `bold'
(Font)                  OT1/cmss/bx/n --> TU/lmss/bx/n on input line 163.
LaTeX Font Info:    Overwriting math alphabet `\mathtt' in version `bold'
(Font)                  OT1/cmtt/m/n --> TU/lmtt/bx/n on input line 163.
(./main.toc)
\tf@toc=\write6
\openout6 = `main.toc'.

LaTeX Font Info:    External font `cmex10' loaded for size
(Font)              <7> on input line 172.
LaTeX Font Info:    External font `cmex10' loaded for size
(Font)              <5> on input line 172.
LaTeX Font Info:    Try loading font information for U+lasy on input line 172.
 (/usr/local/texlive/2017/texmf-dist/tex/latex/base/ulasy.fd
File: ulasy.fd 1998/08/17 v2.2e LaTeX symbol font definitions
)
LaTeX Font Info:    Try loading font information for TU+cmr on input line 172.
LaTeX Font Info:    No file TUcmr.fd. on input line 172.


LaTeX Font Warning: Font shape `TU/cmr/m/it' undefined
(Font)              using `TU/lmr/m/n' instead on input line 172.

Package hyperref Info: Option `pdfnewwindow' set `true' on input line 172.
Package hyperref Info: Option `pdfnewwindow' set `true' on input line 172.
[1

] Including 'ch' comment.
\openout3 = `comment.cut'.

 Straight input of comment.cut. (./comment.cut)
Including 'ch' comment.
\openout3 = `comment.cut'.

 Straight input of comment.cut. (./comment.cut)
Excluding 'en' comment.

./main.tex:214: LaTeX Error: Environment cn undefined.

See the LaTeX manual or LaTeX Companion for explanation.
Type  H <return>  for immediate help.
 ...                                              
                                                  
l.214 \begin{cn}
                
Your command was ignored.
Type  I <command> <return>  to replace it with another command,
or  <return>  to continue without it.

./main.tex:223: Undefined control sequence.
l.223 ...$$\text
                                                  {MP3}$$ 
The control sequence at the end of the top line
of your error message was never \def'ed. If you have
misspelled it (e.g., `\hobx'), type `I' and the correct
spelling (e.g., `I\hbox'). Otherwise just continue,
and I'll forget about whatever was undefined.

./main.tex:228: Undefined control sequence.
l.228 $\text
                        {MP3}$...
The control sequence at the end of the top line
of your error message was never \def'ed. If you have
misspelled it (e.g., `\hobx'), type `I' and the correct
spelling (e.g., `I\hbox'). Otherwise just continue,
and I'll forget about whatever was undefined.


./main.tex:230: LaTeX Error: \begin{document} ended by \end{cn}.

See the LaTeX manual or LaTeX Companion for explanation.
Type  H <return>  for immediate help.
 ...                                              
                                                  
l.230 \end{cn}
              
Your command was ignored.
Type  I <command> <return>  to replace it with another command,
or  <return>  to continue without it.

Excluding 'en' comment. Including 'ch' comment.
\openout3 = `comment.cut'.

 Straight input of comment.cut.
(./comment.cut) Excluding 'en' comment. Including 'ch' comment.
\openout3 = `comment.cut'.


Straight input of comment.cut. (./comment.cut) Excluding 'en' comment.
Including 'ch' comment.
\openout3 = `comment.cut'.

 Straight input of comment.cut. (./comment.cut)
Excluding 'en' comment. Including 'ch' comment.
\openout3 = `comment.cut'.

 Straight input of comment.cut.
(./comment.cut)
Package hyperref Info: Option `pdfnewwindow' set `true' on input line 340.
Package hyperref Info: Option `pdfnewwindow' set `true' on input line 340.
 [2] Excluding 'en' comment.
Package hyperref Info: Option `pdfnewwindow' set `true' on input line 433.
Package hyperref Info: Option `pdfnewwindow' set `true' on input line 433.
 [3]
Overfull \hbox (2.662pt too wide) in paragraph at lines 465--472
\TU/lmr/m/n/10 they can guide its construction. However, they are sometimes dra
wn afterwards
 []

Package hyperref Info: Option `pdfnewwindow' set `true' on input line 496.
Package hyperref Info: Option `pdfnewwindow' set `true' on input line 496.
[4]
Package hyperref Info: Option `pdfnewwindow' set `true' on input line 528.
Package hyperref Info: Option `pdfnewwindow' set `true' on input line 561.
Package hyperref Info: Option `pdfnewwindow' set `true' on input line 561.
 [5]
Package hyperref Info: Option `pdfnewwindow' set `true' on input line 569.
Package hyperref Info: Option `pdfnewwindow' set `true' on input line 569.
 [6]
Package hyperref Info: Option `pdfnewwindow' set `true' on input line 642.
Package hyperref Info: Option `pdfnewwindow' set `true' on input line 642.
 [7]
*************************************************
* fontspec warning: "script-not-exist"
* 
* Font 'FandolFang-Regular' does not contain script 'CJK'.
*************************************************
\g__fontspec_family_FandolFang-Regular_int=\count295
.................................................
. fontspec info: "defining-font"
. 
. Font family 'FandolFang-Regular(0)' created for font 'FandolFang-Regular'
. with options [Script={CJK},Extension={.otf}].
.  
.  This font family consists of the following NFSS series/shapes:
.  
. - 'normal' (m/n) with NFSS spec.: <->"[FandolFang-Regular.otf]/OT"
. - 'small caps'  (m/sc) with NFSS spec.: 
.................................................
LaTeX Font Info:    Font shape `U/lasy/b/n' in size <7> not available
(Font)              Font shape `U/lasy/m/n' tried instead on input line 684.
LaTeX Font Info:    Font shape `U/lasy/b/n' in size <5> not available
(Font)              Font shape `U/lasy/m/n' tried instead on input line 684.
*************************************************
* fontspec warning: "script-not-exist"
* 
* Font 'FandolHei-Regular' does not contain script 'CJK'.
*************************************************
\g__fontspec_family_FandolHei-Regular_int=\count296
.................................................
. fontspec info: "defining-font"
. 
. Font family 'FandolHei-Regular(0)' created for font 'FandolHei-Regular' with
. options [Script={CJK},Extension={.otf},BoldFont={FandolHei-Bold}].
.  
.  This font family consists of the following NFSS series/shapes:
.  
. - 'normal' (m/n) with NFSS spec.: <->"[FandolHei-Regular.otf]/OT"
. - 'small caps'  (m/sc) with NFSS spec.: 
. - 'bold' (bx/n) with NFSS spec.: <->"[FandolHei-Bold.otf]/OT"
. - 'bold small caps'  (bx/sc) with NFSS spec.: 
.................................................
Package hyperref Info: Option `pdfnewwindow' set `true' on input line 698.

Package hyperref Warning: Invalid page number (0)
(hyperref)                for remote PDF file.
(hyperref)                Using page 1 on input line 698.

LaTeX Font Info:    External font `cmex10' loaded for size
(Font)              <9> on input line 698.
LaTeX Font Info:    External font `cmex10' loaded for size
(Font)              <6> on input line 698.
Package hyperref Info: Option `pdfnewwindow' set `true' on input line 729.
Package hyperref Info: Option `pdfnewwindow' set `true' on input line 730.
Package hyperref Info: Option `pdfnewwindow' set `true' on input line 730.
[8]
Package hyperref Info: Option `pdfnewwindow' set `true' on input line 754.


LaTeX Warning: Command \. invalid in math mode on input line 805.


LaTeX Warning: Command \. invalid in math mode on input line 805.


LaTeX Warning: Command \. invalid in math mode on input line 805.


LaTeX Warning: Command \. invalid in math mode on input line 805.

Missing character: There is no  in font cmmi10!
Missing character: There is no  in font cmmi10!
Missing character: There is no  in font cmmi10!
Missing character: There is no  in font cmmi10!
Package hyperref Info: Option `pdfnewwindow' set `true' on input line 805.

LaTeX Font Warning: Font shape `TU/lmss/m/sc' in size <9> not available
(Font)              Font shape `TU/lmr/m/sc' tried instead on input line 805.


LaTeX Warning: Command \. invalid in math mode on input line 807.


LaTeX Warning: Command \. invalid in math mode on input line 807.


LaTeX Warning: Command \. invalid in math mode on input line 807.


LaTeX Warning: Command \. invalid in math mode on input line 807.

Missing character: There is no  in font cmmi10!
Missing character: There is no  in font cmmi10!
Missing character: There is no  in font cmmi10!
Missing character: There is no  in font cmmi10!

LaTeX Warning: Command \. invalid in math mode on input line 809.


LaTeX Warning: Command \. invalid in math mode on input line 809.


LaTeX Warning: Command \. invalid in math mode on input line 809.

./main.tex:809: Missing \endcsname inserted.
<to be read again> 
                   \kern 
l.809 \@x{\@s{55.94} \.{\land} b \.{'} \.{=} 1}
                                               %
The control sequence marked <to be read again> should
not appear between \csname and \endcsname.

./main.tex:809: Missing \endcsname inserted.
<to be read again> 
                   \kern 
l.809 \@x{\@s{55.94} \.{\land} b \.{'} \.{=} 1}
                                               %
The control sequence marked <to be read again> should
not appear between \csname and \endcsname.


LaTeX Warning: Command \' invalid in math mode on input line 809.


LaTeX Warning: Command \. invalid in math mode on input line 809.

Missing character: There is no  in font cmmi10!
Missing character: There is no  in font cmmi10!
Missing character: There is no  in font cmmi10!
Missing character: There is no  in font cmmi10!

LaTeX Warning: Command \. invalid in math mode on input line 810.


LaTeX Warning: Command \. invalid in math mode on input line 810.


LaTeX Warning: Command \. invalid in math mode on input line 810.

Missing character: There is no  in font cmmi10!
Missing character: There is no  in font cmmi10!
Missing character: There is no  in font cmmi10!

LaTeX Warning: Command \. invalid in math mode on input line 813.


LaTeX Warning: Command \. invalid in math mode on input line 813.


LaTeX Warning: Command \. invalid in math mode on input line 813.

./main.tex:813: Missing \endcsname inserted.
<to be read again> 
                   \kern 
l.813 \@x{\@s{55.94} \.{\land} b \.{'} \.{=} 0}
                                               %
The control sequence marked <to be read again> should
not appear between \csname and \endcsname.

./main.tex:813: Missing \endcsname inserted.
<to be read again> 
                   \kern 
l.813 \@x{\@s{55.94} \.{\land} b \.{'} \.{=} 0}
                                               %
The control sequence marked <to be read again> should
not appear between \csname and \endcsname.


LaTeX Warning: Command \' invalid in math mode on input line 813.


LaTeX Warning: Command \. invalid in math mode on input line 813.

Missing character: There is no  in font cmmi10!
Missing character: There is no  in font cmmi10!
Missing character: There is no  in font cmmi10!
Missing character: There is no  in font cmmi10!
Package hyperref Info: Option `pdfnewwindow' set `true' on input line 815.
Package hyperref Info: Option `pdfnewwindow' set `true' on input line 815.
[9]
Package hyperref Info: Option `pdfnewwindow' set `true' on input line 822.
Package hyperref Info: Option `pdfnewwindow' set `true' on input line 824.

Overfull \hbox (1.64885pt too wide) in paragraph at lines 831--843
[][]\TU/cmr/m/it/10 Every symbol that appears in the module must either be a pr
imitive TLA$[]$|  op-
 []


Overfull \hbox (35.0pt too wide) in paragraph at lines 847--847
[][][] []|  
 []

File: parsed-icon.jpg Graphic file (type bmp)
<parsed-icon.jpg>
Package hyperref Info: Option `pdfnewwindow' set `true' on input line 888.

Package hyperref Warning: Invalid page number (0)
(hyperref)                for remote PDF file.
(hyperref)                Using page 1 on input line 888.

Package hyperref Info: Option `pdfnewwindow' set `true' on input line 896.
Package hyperref Info: Option `pdfnewwindow' set `true' on input line 904.
Package hyperref Info: Option `pdfnewwindow' set `true' on input line 904.
[10]
Package hyperref Info: Option `pdfnewwindow' set `true' on input line 914.
Package hyperref Info: Option `pdfnewwindow' set `true' on input line 920.
Package hyperref Info: Option `pdfnewwindow' set `true' on input line 935.


Package hyperref Warning: Invalid page number (0)
(hyperref)                for remote PDF file.
(hyperref)                Using page 1 on input line 935.

Package hyperref Info: Option `pdfnewwindow' set `true' on input line 943.

Package hyperref Warning: Invalid page number (0)
(hyperref)                for remote PDF file.
(hyperref)                Using page 1 on input line 943.

File: OneBitClock-errortrace-1.jpg Graphic file (type bmp)
<OneBitClock-errortrace-1.jpg>
File: OneBitClock-errortrace-2.jpg Graphic file (type bmp)
<OneBitClock-errortrace-2.jpg>
File: OneBitClock-1.jpg Graphic file (type bmp)
<OneBitClock-1.jpg>

Package hyperref Warning: Invalid page number (0)
(hyperref)                for remote PDF file.
(hyperref)                Using page 1 on input line 960.


Package hyperref Warning: Invalid page number (0)
(hyperref)                for remote PDF file.
(hyperref)                Using page 1 on input line 960.

Package hyperref Info: Option `pdfnewwindow' set `true' on input line 960.

Package hyperref Warning: Invalid page number (0)
(hyperref)                for remote PDF file.
(hyperref)                Using page 1 on input line 960.

Package hyperref Info: Option `pdfnewwindow' set `true' on input line 960.

Package hyperref Warning: Invalid page number (0)
(hyperref)                for remote PDF file.
(hyperref)                Using page 1 on input line 960.

[11]
Package hyperref Info: Option `pdfnewwindow' set `true' on input line 972.


Package hyperref Warning: Invalid page number (0)
(hyperref)                for remote PDF file.
(hyperref)                Using page 1 on input line 972.


LaTeX Warning: Command \. invalid in math mode on input line 999.

Missing character: There is no  in font cmmi10!

Package hyperref Warning: Invalid page number (0)
(hyperref)                for remote PDF file.
(hyperref)                Using page 1 on input line 1003.

Package hyperref Info: Option `pdfnewwindow' set `true' on input line 1003.

Package hyperref Warning: Invalid page number (0)
(hyperref)                for remote PDF file.
(hyperref)                Using page 1 on input line 1003.


LaTeX Warning: Command \. invalid in math mode on input line 1016.

Missing character: There is no  in font cmmi10!

Overfull \hbox (35.0pt too wide) in paragraph at lines 1019--1019
[][][] []|  
 []


LaTeX Warning: Command \. invalid in math mode on input line 1021.

Missing character: There is no  in font cmmi10!

Package hyperref Warning: Invalid page number (0)
(hyperref)                for remote PDF file.
(hyperref)                Using page 1 on input line 1039.


Package hyperref Warning: Invalid page number (0)
(hyperref)                for remote PDF file.
(hyperref)                Using page 1 on input line 1039.

Package hyperref Info: Option `pdfnewwindow' set `true' on input line 1039.

Package hyperref Warning: Invalid page number (0)
(hyperref)                for remote PDF file.
(hyperref)                Using page 1 on input line 1039.

Package hyperref Info: Option `pdfnewwindow' set `true' on input line 1039.

Package hyperref Warning: Invalid page number (0)
(hyperref)                for remote PDF file.
(hyperref)                Using page 1 on input line 1039.

[12]

LaTeX Warning: Command \. invalid in math mode on input line 1041.

Missing character: There is no  in font cmmi10!

Overfull \hbox (35.0pt too wide) in paragraph at lines 1044--1044
[][][] []|  
 []


LaTeX Warning: Command \. invalid in math mode on input line 1047.

Missing character: There is no  in font cmmi10!

Overfull \hbox (1.80331pt too wide) in paragraph at lines 1046--1052
[]\TU/cmr/m/it/10 Save the spec and lets tidy up the model by using $[][][][][
][]$ rather than []
 []


Package hyperref Warning: Invalid page number (0)
(hyperref)                for remote PDF file.
(hyperref)                Using page 1 on input line 1100.


Package hyperref Warning: Invalid page number (0)
(hyperref)                for remote PDF file.
(hyperref)                Using page 1 on input line 1100.

Package hyperref Info: Option `pdfnewwindow' set `true' on input line 1100.

Package hyperref Warning: Invalid page number (0)
(hyperref)                for remote PDF file.
(hyperref)                Using page 1 on input line 1100.

Package hyperref Info: Option `pdfnewwindow' set `true' on input line 1100.

Package hyperref Warning: Invalid page number (0)
(hyperref)                for remote PDF file.
(hyperref)                Using page 1 on input line 1100.

[13]
Package hyperref Info: Option `pdfnewwindow' set `true' on input line 1157.


Package hyperref Warning: Invalid page number (0)
(hyperref)                for remote PDF file.
(hyperref)                Using page 1 on input line 1157.

Package hyperref Info: Option `pdfnewwindow' set `true' on input line 1173.

Package hyperref Warning: Invalid page number (0)
(hyperref)                for remote PDF file.
(hyperref)                Using page 1 on input line 1173.


Package hyperref Warning: Invalid page number (0)
(hyperref)                for remote PDF file.
(hyperref)                Using page 1 on input line 1180.


Package hyperref Warning: Invalid page number (0)
(hyperref)                for remote PDF file.
(hyperref)                Using page 1 on input line 1180.

Package hyperref Info: Option `pdfnewwindow' set `true' on input line 1180.

Package hyperref Warning: Invalid page number (0)
(hyperref)                for remote PDF file.
(hyperref)                Using page 1 on input line 1180.

Package hyperref Info: Option `pdfnewwindow' set `true' on input line 1180.

Package hyperref Warning: Invalid page number (0)
(hyperref)                for remote PDF file.
(hyperref)                Using page 1 on input line 1180.

[14]

Package hyperref Warning: Invalid page number (0)
(hyperref)                for remote PDF file.
(hyperref)                Using page 1 on input line 1248.


Package hyperref Warning: Invalid page number (0)
(hyperref)                for remote PDF file.
(hyperref)                Using page 1 on input line 1248.

Package hyperref Info: Option `pdfnewwindow' set `true' on input line 1248.

Package hyperref Warning: Invalid page number (0)
(hyperref)                for remote PDF file.
(hyperref)                Using page 1 on input line 1248.

Package hyperref Info: Option `pdfnewwindow' set `true' on input line 1248.

Package hyperref Warning: Invalid page number (0)
(hyperref)                for remote PDF file.
(hyperref)                Using page 1 on input line 1248.

[15]

LaTeX Warning: Command \. invalid in math mode on input line 1259.

Missing character: There is no  in font cmmi10!
Package hyperref Info: Option `pdfnewwindow' set `true' on input line 1276.

Package hyperref Warning: Invalid page number (0)
(hyperref)                for remote PDF file.
(hyperref)                Using page 1 on input line 1276.


LaTeX Warning: Command \. invalid in math mode on input line 1286.

Missing character: There is no  in font cmmi10!

Package hyperref Warning: Invalid page number (0)
(hyperref)                for remote PDF file.
(hyperref)                Using page 1 on input line 1295.

Package hyperref Info: Option `pdfnewwindow' set `true' on input line 1295.

Package hyperref Warning: Invalid page number (0)
(hyperref)                for remote PDF file.
(hyperref)                Using page 1 on input line 1295.


Package hyperref Warning: Invalid page number (0)
(hyperref)                for remote PDF file.
(hyperref)                Using page 1 on input line 1298.


Package hyperref Warning: Invalid page number (0)
(hyperref)                for remote PDF file.
(hyperref)                Using page 1 on input line 1298.

Package hyperref Info: Option `pdfnewwindow' set `true' on input line 1298.

Package hyperref Warning: Invalid page number (0)
(hyperref)                for remote PDF file.
(hyperref)                Using page 1 on input line 1298.

Package hyperref Info: Option `pdfnewwindow' set `true' on input line 1298.

Package hyperref Warning: Invalid page number (0)
(hyperref)                for remote PDF file.
(hyperref)                Using page 1 on input line 1298.

[16]

LaTeX Warning: Command \. invalid in math mode on input line 1301.

Missing character: There is no  in font cmmi10!

LaTeX Warning: Command \. invalid in math mode on input line 1304.

Missing character: There is no  in font cmmi10!

Overfull \hbox (5.0pt too wide) in paragraph at lines 1325--1325
[][][] []|  
 []

Package hyperref Info: Option `pdfnewwindow' set `true' on input line 1334.

Package hyperref Warning: Invalid page number (0)
(hyperref)                for remote PDF file.
(hyperref)                Using page 1 on input line 1334.


Package hyperref Warning: Invalid page number (0)
(hyperref)                for remote PDF file.
(hyperref)                Using page 1 on input line 1350.

Package hyperref Info: Option `pdfnewwindow' set `true' on input line 1350.

Package hyperref Warning: Invalid page number (0)
(hyperref)                for remote PDF file.
(hyperref)                Using page 1 on input line 1350.


Overfull \hbox (35.0pt too wide) in paragraph at lines 1360--1360
[][][] []|  
 []

Package hyperref Info: Option `pdfnewwindow' set `true' on input line 1367.

Package hyperref Warning: Invalid page number (0)
(hyperref)                for remote PDF file.
(hyperref)                Using page 1 on input line 1367.


Package hyperref Warning: Invalid page number (0)
(hyperref)                for remote PDF file.
(hyperref)                Using page 1 on input line 1372.


Package hyperref Warning: Invalid page number (0)
(hyperref)                for remote PDF file.
(hyperref)                Using page 1 on input line 1372.

Package hyperref Info: Option `pdfnewwindow' set `true' on input line 1372.

Package hyperref Warning: Invalid page number (0)
(hyperref)                for remote PDF file.
(hyperref)                Using page 1 on input line 1372.

Package hyperref Info: Option `pdfnewwindow' set `true' on input line 1372.

Package hyperref Warning: Invalid page number (0)
(hyperref)                for remote PDF file.
(hyperref)                Using page 1 on input line 1372.

[17]
Overfull \hbox (35.0pt too wide) in paragraph at lines 1377--1377
[][][] []|  
 []

Package hyperref Info: Option `pdfnewwindow' set `true' on input line 1381.

Package hyperref Warning: Invalid page number (0)
(hyperref)                for remote PDF file.
(hyperref)                Using page 1 on input line 1381.


LaTeX Warning: Command \. invalid in math mode on input line 1399.


LaTeX Warning: Command \. invalid in math mode on input line 1399.


LaTeX Warning: Command \. invalid in math mode on input line 1399.


LaTeX Warning: Command \. invalid in math mode on input line 1399.

./main.tex:1399: Missing \endcsname inserted.
<to be read again> 
                   \kern 
l.1399 ...IF} b \.{=} 0 \.{\THEN} b \.{'} \.{=} 1}
                                                  %
The control sequence marked <to be read again> should
not appear between \csname and \endcsname.

./main.tex:1399: Missing \endcsname inserted.
<to be read again> 
                   \kern 
l.1399 ...IF} b \.{=} 0 \.{\THEN} b \.{'} \.{=} 1}
                                                  %
The control sequence marked <to be read again> should
not appear between \csname and \endcsname.


LaTeX Warning: Command \' invalid in math mode on input line 1399.


LaTeX Warning: Command \. invalid in math mode on input line 1399.

Missing character: There is no  in font cmmi10!
Missing character: There is no  in font cmmi10!
Missing character: There is no  in font cmmi10!
Missing character: There is no  in font cmmi10!
Missing character: There is no  in font cmmi10!

LaTeX Warning: Command \. invalid in math mode on input line 1400.


LaTeX Warning: Command \. invalid in math mode on input line 1400.


LaTeX Warning: Command \. invalid in math mode on input line 1400.

./main.tex:1400: Missing \endcsname inserted.
<to be read again> 
                   \kern 
l.1400 \@x{\@s{35.71} \.{\ELSE} b \.{'} \.{=} 0}
                                                %
The control sequence marked <to be read again> should
not appear between \csname and \endcsname.

./main.tex:1400: Missing \endcsname inserted.
<to be read again> 
                   \kern 
l.1400 \@x{\@s{35.71} \.{\ELSE} b \.{'} \.{=} 0}
                                                %
The control sequence marked <to be read again> should
not appear between \csname and \endcsname.


LaTeX Warning: Command \' invalid in math mode on input line 1400.


LaTeX Warning: Command \. invalid in math mode on input line 1400.

Missing character: There is no  in font cmmi10!
Missing character: There is no  in font cmmi10!
Missing character: There is no  in font cmmi10!
Missing character: There is no  in font cmmi10!
Package hyperref Info: Option `pdfnewwindow' set `true' on input line 1407.

Package hyperref Warning: Invalid page number (0)
(hyperref)                for remote PDF file.
(hyperref)                Using page 1 on input line 1407.

Package hyperref Info: Option `pdfnewwindow' set `true' on input line 1415.

Package hyperref Warning: Invalid page number (0)
(hyperref)                for remote PDF file.
(hyperref)                Using page 1 on input line 1415.

Package hyperref Info: Option `pdfnewwindow' set `true' on input line 1445.

Package hyperref Warning: Invalid page number (0)
(hyperref)                for remote PDF file.
(hyperref)                Using page 1 on input line 1445.

Package hyperref Info: Option `pdfnewwindow' set `true' on input line 1453.

Package hyperref Warning: Invalid page number (0)
(hyperref)                for remote PDF file.
(hyperref)                Using page 1 on input line 1453.


Overfull \hbox (52.5pt too wide) in paragraph at lines 1458--1458
[][]\TU/lmtt/m/n/10 -------------------------- MODULE PCalOneBitClock ---------
-----------------[] 
 []


Overfull \hbox (52.5pt too wide) in paragraph at lines 1460--1460
[][]\TU/lmtt/m/n/10 (**********************************************************
*****************[] 
 []


Overfull \hbox (57.75pt too wide) in paragraph at lines 1462--1462
[][] \TU/lmtt/m/n/10 **********************************************************
*****************)[] 
 []


Overfull \hbox (57.75pt too wide) in paragraph at lines 1463--1463
[][]\TU/lmtt/m/n/10 ===========================================================
==================[] 
 []


Package hyperref Warning: Invalid page number (0)
(hyperref)                for remote PDF file.
(hyperref)                Using page 1 on input line 1463.


Package hyperref Warning: Invalid page number (0)
(hyperref)                for remote PDF file.
(hyperref)                Using page 1 on input line 1463.

Package hyperref Info: Option `pdfnewwindow' set `true' on input line 1463.

Package hyperref Warning: Invalid page number (0)
(hyperref)                for remote PDF file.
(hyperref)                Using page 1 on input line 1463.

Package hyperref Info: Option `pdfnewwindow' set `true' on input line 1463.

Package hyperref Warning: Invalid page number (0)
(hyperref)                for remote PDF file.
(hyperref)                Using page 1 on input line 1463.

[18]
Overfull \hbox (35.0pt too wide) in paragraph at lines 1477--1477
[][][] []|  
 []


LaTeX Warning: Command \. invalid in math mode on input line 1491.

Missing character: There is no  in font cmmi10!

Overfull \hbox (5.0pt too wide) in paragraph at lines 1495--1495
[][][] []|  
 []

Package hyperref Info: Option `pdfnewwindow' set `true' on input line 1498.

Package hyperref Warning: Invalid page number (0)
(hyperref)                for remote PDF file.
(hyperref)                Using page 1 on input line 1498.

Package hyperref Info: Option `pdfnewwindow' set `true' on input line 1511.

Package hyperref Warning: Invalid page number (0)
(hyperref)                for remote PDF file.
(hyperref)                Using page 1 on input line 1511.


LaTeX Warning: Command \. invalid in math mode on input line 1568.


LaTeX Warning: Command \. invalid in math mode on input line 1568.


LaTeX Warning: Command \. invalid in math mode on input line 1568.

Missing character: There is no  in font cmmi10!
Missing character: There is no  in font cmmi10!
Missing character: There is no  in font cmmi10!

LaTeX Warning: Command \. invalid in math mode on input line 1570.


LaTeX Warning: Command \. invalid in math mode on input line 1570.


LaTeX Warning: Command \. invalid in math mode on input line 1570.


LaTeX Warning: Command \. invalid in math mode on input line 1570.


LaTeX Warning: Command \. invalid in math mode on input line 1570.

./main.tex:1570: Missing \endcsname inserted.
<to be read again> 
                   \kern 
l.1570 ...{=} 0 \.{\THEN}\@s{4.1} b \.{'} \.{=} 1}
                                                  %
The control sequence marked <to be read again> should
not appear between \csname and \endcsname.

./main.tex:1570: Missing \endcsname inserted.
<to be read again> 
                   \kern 
l.1570 ...{=} 0 \.{\THEN}\@s{4.1} b \.{'} \.{=} 1}
                                                  %
The control sequence marked <to be read again> should
not appear between \csname and \endcsname.


LaTeX Warning: Command \' invalid in math mode on input line 1570.


LaTeX Warning: Command \. invalid in math mode on input line 1570.

Missing character: There is no  in font cmmi10!
Missing character: There is no  in font cmmi10!
Missing character: There is no  in font cmmi10!
Missing character: There is no  in font cmmi10!
Missing character: There is no  in font cmmi10!
Missing character: There is no  in font cmmi10!

LaTeX Warning: Command \. invalid in math mode on input line 1571.


LaTeX Warning: Command \. invalid in math mode on input line 1571.


LaTeX Warning: Command \. invalid in math mode on input line 1571.

./main.tex:1571: Missing \endcsname inserted.
<to be read again> 
                   \kern 
l.1571 ...5.55} \.{\ELSE}\@s{4.1} b \.{'} \.{=} 0}
                                                  %
The control sequence marked <to be read again> should
not appear between \csname and \endcsname.

./main.tex:1571: Missing \endcsname inserted.
<to be read again> 
                   \kern 
l.1571 ...5.55} \.{\ELSE}\@s{4.1} b \.{'} \.{=} 0}
                                                  %
The control sequence marked <to be read again> should
not appear between \csname and \endcsname.


LaTeX Warning: Command \' invalid in math mode on input line 1571.


LaTeX Warning: Command \. invalid in math mode on input line 1571.

Missing character: There is no  in font cmmi10!
Missing character: There is no  in font cmmi10!
Missing character: There is no  in font cmmi10!
Missing character: There is no  in font cmmi10!

Package hyperref Warning: Invalid page number (0)
(hyperref)                for remote PDF file.
(hyperref)                Using page 1 on input line 1583.


Package hyperref Warning: Invalid page number (0)
(hyperref)                for remote PDF file.
(hyperref)                Using page 1 on input line 1583.

Package hyperref Info: Option `pdfnewwindow' set `true' on input line 1583.

Package hyperref Warning: Invalid page number (0)
(hyperref)                for remote PDF file.
(hyperref)                Using page 1 on input line 1583.

Package hyperref Info: Option `pdfnewwindow' set `true' on input line 1583.

Package hyperref Warning: Invalid page number (0)
(hyperref)                for remote PDF file.
(hyperref)                Using page 1 on input line 1583.

[19]

Package hyperref Warning: Invalid page number (0)
(hyperref)                for remote PDF file.
(hyperref)                Using page 1 on input line 1597.


Package hyperref Warning: Invalid page number (0)
(hyperref)                for remote PDF file.
(hyperref)                Using page 1 on input line 1597.

Package hyperref Info: Option `pdfnewwindow' set `true' on input line 1597.

Package hyperref Warning: Invalid page number (0)
(hyperref)                for remote PDF file.
(hyperref)                Using page 1 on input line 1597.

Package hyperref Info: Option `pdfnewwindow' set `true' on input line 1597.

Package hyperref Warning: Invalid page number (0)
(hyperref)                for remote PDF file.
(hyperref)                Using page 1 on input line 1597.

[20] Excluding 'comment' comment.
Package atveryend Info: Empty hook `BeforeClearDocument' on input line 6714.


Package hyperref Warning: Invalid page number (0)
(hyperref)                for remote PDF file.
(hyperref)                Using page 1 on input line 6714.


Package hyperref Warning: Invalid page number (0)
(hyperref)                for remote PDF file.
(hyperref)                Using page 1 on input line 6714.

Package hyperref Info: Option `pdfnewwindow' set `true' on input line 6714.

Package hyperref Warning: Invalid page number (0)
(hyperref)                for remote PDF file.
(hyperref)                Using page 1 on input line 6714.

Package hyperref Info: Option `pdfnewwindow' set `true' on input line 6714.

Package hyperref Warning: Invalid page number (0)
(hyperref)                for remote PDF file.
(hyperref)                Using page 1 on input line 6714.

[21]
Package atveryend Info: Empty hook `AfterLastShipout' on input line 6714.
 (./main.aux)
Package atveryend Info: Empty hook `AtVeryEndDocument' on input line 6714.
Package atveryend Info: Empty hook `AtEndAfterFileList' on input line 6714.


LaTeX Font Warning: Some font shapes were not available, defaults substituted.

Package atveryend Info: Empty hook `AtVeryVeryEnd' on input line 6714.
 ) 
Here is how much of TeX's memory you used:
 25174 strings out of 492998
 474331 string characters out of 6134492
 559000 words of memory out of 5000000
 28935 multiletter control sequences out of 15000+600000
 536096 words of font info for 75 fonts, out of 8000000 for 9000
 1348 hyphenation exceptions out of 8191
 41i,16n,67p,10421b,1074s stack positions out of 5000i,500n,10000p,200000b,80000s

Output written on main.pdf (21 pages).
